Target Transcription: 出埃及記第１章
Output Transcription: 王女士与女论
Current error rate [cer] = 1.000000

Target Transcription: 以色列的众子各带家眷和雅各一同来到埃及
Output Transcription: 与儿女的动物二来儿女和雅子一同买到而
Current error rate [cer] = 0.684211

Target Transcription: 他们的名字记在下面有流便西缅利未犹大以萨迦西布伦便雅悯但拿弗他利迦得亚设
Output Transcription: 二母们母女的两面有六个女母为有儿女儿娘目不伦沃尔敏感马姆马里纳德雅右
Current error rate [cer] = 0.916667

Target Transcription: 凡从雅各而生的共有七十人约瑟已经在埃及
Output Transcription: 儿童两个尔二女朋友女人也有一男二女子
Current error rate [cer] = 0.947368

Target Transcription: 约瑟和他的弟兄并那一代的人都死了
Output Transcription: 你会和他的女人与那一个个人都没了
Current error rate [cer] = 0.500000

Target Transcription: 以色列人生养众多并且繁茂极其强盛满了那地
Output Transcription: 与会的人是两路毒并女韩某母女母马的马力
Current error rate [cer] = 0.900000

Target Transcription: 有不认识约瑟的新王起来治理埃及
Output Transcription: 有人还与母的身王女儿二女儿女
Current error rate [cer] = 0.800000

Target Transcription: 对他的百姓说看哪这以色列民比我们还多又比我们强盛
Output Transcription: 女孩的白女膜尔马六与六名比我们耳朵误比我们长了
Current error rate [cer] = 0.708333

Target Transcription: 来罢我们不如用巧计待他们
Output Transcription: 爸爸我们不用小木买他们
Current error rate [cer] = 0.500000

Target Transcription: 恐怕他们多起来日後若遇甚麽争战的事就连合我们的仇敌攻击我们离开这地去了
Output Transcription: 宝马们多女儿偶露于男的是有人和我的头于欧美我们女儿子比尔瓦
Current error rate [cer] = 0.800000
