-----------  Configuration Arguments -----------
alpha_from: 0.0
alpha_to: 10.0
batch_size: 256
beam_size: 500
beta_from: 0.0
beta_to: 10.0
cutoff_prob: 1.0
cutoff_top_n: 40
error_rate_type: cer
lang_model_path: models/lm/zh_giga.no_cna_cmn.prune01244.klm
mean_std_path: data/aishell/mean_std.npz
model_path: checkpoints/aishell/step_final
num_alphas: 20
num_batches: -1
num_betas: 20
num_conv_layers: 2
num_proc_bsearch: 12
num_rnn_layers: 3
rnn_layer_size: 1024
share_rnn_weights: 0
specgram_type: linear
trainer_count: 8
tune_manifest: data/Wang/16k/manifest.dev
use_gpu: 1
use_gru: 1
vocab_path: data/aishell/vocab.txt
------------------------------------------------
finish initing model from pretrained params from checkpoints/aishell/step_final
........................................................................................................................................................................................................
Batch 0 [226/?], current opt (alpha, beta) = (3.158, 4.737),  min [cer] = 0.466350
[0.5342083216978497, 0.5356045797263335, 0.5361630829377269, 0.5375593409662106, 0.5395141022060876, 0.542306618263055, 0.5442613795029322, 0.5490086567997766, 0.5534766824909243, 0.5582239597877687, 0.5626919854789165, 0.5657637531415806, 0.5733035464953924, 0.5805640882435074, 0.5850321139346552, 0.5917341524713767, 0.602904216699246, 0.6121195196872382, 0.6218933258866238, 0.6344596481429768, 0.514102206087685, 0.5118681932421112, 0.5127059480592013, 0.5118681932421112, 0.5127059480592013, 0.5138229544819882, 0.5168947221446524, 0.5188494833845294, 0.5208042446244066, 0.5227590058642837, 0.5263892767383412, 0.5311365540351857, 0.5328120636693661, 0.538117844177604, 0.542306618263055, 0.5450991343200223, 0.5520804244624407, 0.5585032113934655, 0.5663222563529741, 0.5744205529181793, 0.4998603741971516, 0.498464116168668, 0.49734710974588103, 0.49567160011170064, 0.4962301033230941, 0.4959508517173974, 0.4967886065344876, 0.49734710974588103, 0.4990226193800614, 0.5004188774085451, 0.5009773806199386, 0.5034906450712091, 0.508796425579447, 0.5115889416364144, 0.5129851996648981, 0.5168947221446524, 0.5213627478358001, 0.5258307735269477, 0.5302987992180955, 0.5336498184864563, 0.4920413292376431, 0.49148282602624965, 0.4909243228148562, 0.4886903099692823, 0.4878525551521921, 0.4884110583635856, 0.4875733035464954, 0.4870148003351019, 0.4861770455180117, 0.48645629712370847, 0.4878525551521921, 0.48896956157497906, 0.4895280647863725, 0.4903658196034627, 0.4953923485060039, 0.4976263613515778, 0.4990226193800614, 0.5023736386484222, 0.5093549287908405, 0.5110304384250209, 0.4814297682211673, 0.48031276179838034, 0.4789165037698967, 0.4800335101926836, 0.4772409941357163, 0.47696174253001955, 0.4764032393186261, 0.47696174253001955, 0.4766824909243228, 0.47612398771292935, 0.47612398771292935, 0.477520245741413, 0.47696174253001955, 0.4780787489528065, 0.4783580005585032, 0.4836637810667411, 0.4845015358838313, 0.48729405194079867, 0.4912035744205529, 0.4928790840547333, 0.4842222842781346, 0.48198827143256073, 0.4797542585869869, 0.477520245741413, 0.47612398771292935, 0.4755654845015359, 0.47528623289583916, 0.4758447361072326, 0.47528623289583916, 0.4755654845015359, 0.4772409941357163, 0.47612398771292935, 0.473331471655962, 0.4758447361072326, 0.4747277296844457, 0.4758447361072326, 0.47863725216419994, 0.4791957553755934, 0.4836637810667411, 0.4875733035464954, 0.490086567997766, 0.4856185423066183, 0.4814297682211673, 0.477520245741413, 0.47444847807874896, 0.4724937168388718, 0.47193521362747837, 0.4694219491762078, 0.470259703993298, 0.4663501815135437, 0.4671879363306339, 0.4680256911477241, 0.4694219491762078, 0.47053895559899467, 0.470259703993298, 0.46970120078190447, 0.47109745881038817, 0.4724937168388718, 0.47528623289583916, 0.4808712650097738, 0.49567160011170064, 0.49315833566043005, 0.4909243228148562, 0.4870148003351019, 0.48506003909522477, 0.481709019826864, 0.4783580005585032, 0.47612398771292935, 0.4722144652331751, 0.4716559620217816, 0.4724937168388718, 0.47053895559899467, 0.4708182072046914, 0.47053895559899467, 0.4699804523876012, 0.469142697570511, 0.46746718793633063, 0.47277296844456856, 0.4741692264730522, 0.47696174253001955, 0.5032113934655125, 0.5015358838313321, 0.4967886065344876, 0.49232058084333985, 0.4886903099692823, 0.48645629712370847, 0.4856185423066183, 0.4800335101926836, 0.47863725216419994, 0.4764032393186261, 0.4755654845015359, 0.4738899748673555, 0.473331471655962, 0.4708182072046914, 0.470259703993298, 0.47137671041608487, 0.47137671041608487, 0.4730522200502653, 0.47361072326165876, 0.47361072326165876, 0.5208042446244066, 0.5076794191566601, 0.505724657916783, 0.5023736386484222, 0.49734710974588103, 0.4925998324490366, 0.4909243228148562, 0.4886903099692823, 0.48813180675788886, 0.4831052778553477, 0.4800335101926836, 0.4797542585869869, 0.4800335101926836, 0.47696174253001955, 0.47528623289583916, 0.47361072326165876, 0.4738899748673555, 0.4738899748673555, 0.4747277296844457, 0.4780787489528065, 0.5414688634459648, 0.5333705668807596, 0.5230382574699804, 0.5149399609047752, 0.5107511868193242, 0.5018151354370287, 0.49567160011170064, 0.4934375872661268, 0.49232058084333985, 0.4903658196034627, 0.4895280647863725, 0.4867355487294052, 0.4831052778553477, 0.4842222842781346, 0.47863725216419994, 0.4789165037698967, 0.47612398771292935, 0.4764032393186261, 0.4766824909243228, 0.477520245741413, 0.5568277017592851, 0.5531974308852275, 0.546495392348506, 0.5330913152750628, 0.526668528344038, 0.5163362189332589, 0.5104719352136274, 0.5068416643395699, 0.5006981290142418, 0.49567160011170064, 0.4937168388718235, 0.49148282602624965, 0.4884110583635856, 0.4875733035464954, 0.4878525551521921, 0.4845015358838313, 0.4833845294610444, 0.48115051661547054, 0.4805920134040771, 0.47947500698129014, 0.5769338173694498, 0.5691147724099413, 0.5632504886903099, 0.5562691985478917, 0.5445406311086288, 0.5386763473889975, 0.5294610444010053, 0.5230382574699804, 0.5174532253560458, 0.5085171739737504, 0.5040491482826026, 0.5018151354370287, 0.49399609047752024, 0.4909243228148562, 0.49148282602624965, 0.49064507120915946, 0.49064507120915946, 0.4892488131806758, 0.4886903099692823, 0.4875733035464954, 0.5942474169226473, 0.5867076235688355, 0.5819603462719911, 0.5677185143814577, 0.5640882435074002, 0.5540351857023178, 0.5434236246858419, 0.5372800893605139, 0.5339290700921531, 0.5233175090756772, 0.5196872382016197, 0.5146607092990785, 0.5115889416364144, 0.505724657916783, 0.5046076514939961, 0.5029321418598157, 0.5015358838313321, 0.5009773806199386, 0.4987433677743647, 0.49734710974588103, 0.6196593130410499, 0.6082099972074839, 0.5959229265568277, 0.5869868751745323, 0.5816810946662944, 0.5724657916783021, 0.5596202178162525, 0.5529181792795309, 0.5467746439542027, 0.5406311086288746, 0.5336498184864563, 0.5238760122870707, 0.5210834962301033, 0.5196872382016197, 0.515219212510472, 0.5115889416364144, 0.5101926836079308, 0.5071209159452666, 0.5071209159452666, 0.5065624127338733, 0.6431164479195756, 0.6358559061714605, 0.6218933258866238, 0.6110025132644513, 0.5987154426137951, 0.5895001396258028, 0.5825188494833845, 0.5741413013124825, 0.5638089919017034, 0.5573862049706786, 0.5504049148282603, 0.5442613795029322, 0.5395141022060876, 0.5322535604579727, 0.5302987992180955, 0.5269477799497347, 0.5213627478358001, 0.5202457414130132, 0.5174532253560458, 0.5194079865959229, 0.663501815135437, 0.650935492879084, 0.6431164479195756, 0.6341803965372801, 0.6224518290980173, 0.6126780228986317, 0.6031834683049427, 0.595643674951131, 0.5886623848087127, 0.5772130689751466, 0.5663222563529741, 0.5604579726333426, 0.553755934096621, 0.5490086567997766, 0.5462161407428092, 0.5397933538117844, 0.538117844177604, 0.5333705668807596, 0.5291817927953085, 0.5247137671041608, 0.6847249371683887, 0.6799776598715442, 0.6640603183468305, 0.6537280089360514, 0.6470259703993297, 0.6389276738341245, 0.6244065903378945, 0.6160290421669925, 0.6079307456017872, 0.6009494554593688, 0.595643674951131, 0.5878246299916224, 0.5774923205808433, 0.5707902820441217, 0.5657637531415806, 0.5629712370846133, 0.5545936889137113, 0.5529181792795309, 0.5490086567997766, 0.5470538955598995, 0.7098575816810947, 0.6972912594247417, 0.6872382016196593, 0.6769058922088802, 0.6651773247696174, 0.6565205249930187, 0.64786372521642, 0.6389276738341245, 0.6288746160290422, 0.6218933258866238, 0.6140742809271154, 0.6087685004188774, 0.6012287070650656, 0.595643674951131, 0.5878246299916224, 0.5805640882435074, 0.5699525272270316, 0.5640882435074002, 0.5618542306618263, 0.5618542306618263, 0.7277296844456855, 0.7196313878804803, 0.7115330913152751, 0.6984082658475286, 0.6875174532253561, 0.680256911477241, 0.668807595643675, 0.6609885506841664, 0.6439542027366657, 0.6433956995252723, 0.635297402960067, 0.6277576096062553, 0.6196593130410499, 0.6135157777157219, 0.6065344875733035, 0.6006702038536722, 0.5948059201340408, 0.5836358559061715, 0.5805640882435074, 0.5766545657637532]

Final cer:

(alpha, beta) = (0.000, 0.000), [cer] = 0.534208
(alpha, beta) = (0.000, 0.526), [cer] = 0.535605
(alpha, beta) = (0.000, 1.053), [cer] = 0.536163
(alpha, beta) = (0.000, 1.579), [cer] = 0.537559
(alpha, beta) = (0.000, 2.105), [cer] = 0.539514
(alpha, beta) = (0.000, 2.632), [cer] = 0.542307
(alpha, beta) = (0.000, 3.158), [cer] = 0.544261
(alpha, beta) = (0.000, 3.684), [cer] = 0.549009
(alpha, beta) = (0.000, 4.211), [cer] = 0.553477
(alpha, beta) = (0.000, 4.737), [cer] = 0.558224
(alpha, beta) = (0.000, 5.263), [cer] = 0.562692
(alpha, beta) = (0.000, 5.789), [cer] = 0.565764
(alpha, beta) = (0.000, 6.316), [cer] = 0.573304
(alpha, beta) = (0.000, 6.842), [cer] = 0.580564
(alpha, beta) = (0.000, 7.368), [cer] = 0.585032
(alpha, beta) = (0.000, 7.895), [cer] = 0.591734
(alpha, beta) = (0.000, 8.421), [cer] = 0.602904
(alpha, beta) = (0.000, 8.947), [cer] = 0.612120
(alpha, beta) = (0.000, 9.474), [cer] = 0.621893
(alpha, beta) = (0.000, 10.000), [cer] = 0.634460
(alpha, beta) = (0.526, 0.000), [cer] = 0.514102
(alpha, beta) = (0.526, 0.526), [cer] = 0.511868
(alpha, beta) = (0.526, 1.053), [cer] = 0.512706
(alpha, beta) = (0.526, 1.579), [cer] = 0.511868
(alpha, beta) = (0.526, 2.105), [cer] = 0.512706
(alpha, beta) = (0.526, 2.632), [cer] = 0.513823
(alpha, beta) = (0.526, 3.158), [cer] = 0.516895
(alpha, beta) = (0.526, 3.684), [cer] = 0.518849
(alpha, beta) = (0.526, 4.211), [cer] = 0.520804
(alpha, beta) = (0.526, 4.737), [cer] = 0.522759
(alpha, beta) = (0.526, 5.263), [cer] = 0.526389
(alpha, beta) = (0.526, 5.789), [cer] = 0.531137
(alpha, beta) = (0.526, 6.316), [cer] = 0.532812
(alpha, beta) = (0.526, 6.842), [cer] = 0.538118
(alpha, beta) = (0.526, 7.368), [cer] = 0.542307
(alpha, beta) = (0.526, 7.895), [cer] = 0.545099
(alpha, beta) = (0.526, 8.421), [cer] = 0.552080
(alpha, beta) = (0.526, 8.947), [cer] = 0.558503
(alpha, beta) = (0.526, 9.474), [cer] = 0.566322
(alpha, beta) = (0.526, 10.000), [cer] = 0.574421
(alpha, beta) = (1.053, 0.000), [cer] = 0.499860
(alpha, beta) = (1.053, 0.526), [cer] = 0.498464
(alpha, beta) = (1.053, 1.053), [cer] = 0.497347
(alpha, beta) = (1.053, 1.579), [cer] = 0.495672
(alpha, beta) = (1.053, 2.105), [cer] = 0.496230
(alpha, beta) = (1.053, 2.632), [cer] = 0.495951
(alpha, beta) = (1.053, 3.158), [cer] = 0.496789
(alpha, beta) = (1.053, 3.684), [cer] = 0.497347
(alpha, beta) = (1.053, 4.211), [cer] = 0.499023
(alpha, beta) = (1.053, 4.737), [cer] = 0.500419
(alpha, beta) = (1.053, 5.263), [cer] = 0.500977
(alpha, beta) = (1.053, 5.789), [cer] = 0.503491
(alpha, beta) = (1.053, 6.316), [cer] = 0.508796
(alpha, beta) = (1.053, 6.842), [cer] = 0.511589
(alpha, beta) = (1.053, 7.368), [cer] = 0.512985
(alpha, beta) = (1.053, 7.895), [cer] = 0.516895
(alpha, beta) = (1.053, 8.421), [cer] = 0.521363
(alpha, beta) = (1.053, 8.947), [cer] = 0.525831
(alpha, beta) = (1.053, 9.474), [cer] = 0.530299
(alpha, beta) = (1.053, 10.000), [cer] = 0.533650
(alpha, beta) = (1.579, 0.000), [cer] = 0.492041
(alpha, beta) = (1.579, 0.526), [cer] = 0.491483
(alpha, beta) = (1.579, 1.053), [cer] = 0.490924
(alpha, beta) = (1.579, 1.579), [cer] = 0.488690
(alpha, beta) = (1.579, 2.105), [cer] = 0.487853
(alpha, beta) = (1.579, 2.632), [cer] = 0.488411
(alpha, beta) = (1.579, 3.158), [cer] = 0.487573
(alpha, beta) = (1.579, 3.684), [cer] = 0.487015
(alpha, beta) = (1.579, 4.211), [cer] = 0.486177
(alpha, beta) = (1.579, 4.737), [cer] = 0.486456
(alpha, beta) = (1.579, 5.263), [cer] = 0.487853
(alpha, beta) = (1.579, 5.789), [cer] = 0.488970
(alpha, beta) = (1.579, 6.316), [cer] = 0.489528
(alpha, beta) = (1.579, 6.842), [cer] = 0.490366
(alpha, beta) = (1.579, 7.368), [cer] = 0.495392
(alpha, beta) = (1.579, 7.895), [cer] = 0.497626
(alpha, beta) = (1.579, 8.421), [cer] = 0.499023
(alpha, beta) = (1.579, 8.947), [cer] = 0.502374
(alpha, beta) = (1.579, 9.474), [cer] = 0.509355
(alpha, beta) = (1.579, 10.000), [cer] = 0.511030
(alpha, beta) = (2.105, 0.000), [cer] = 0.481430
(alpha, beta) = (2.105, 0.526), [cer] = 0.480313
(alpha, beta) = (2.105, 1.053), [cer] = 0.478917
(alpha, beta) = (2.105, 1.579), [cer] = 0.480034
(alpha, beta) = (2.105, 2.105), [cer] = 0.477241
(alpha, beta) = (2.105, 2.632), [cer] = 0.476962
(alpha, beta) = (2.105, 3.158), [cer] = 0.476403
(alpha, beta) = (2.105, 3.684), [cer] = 0.476962
(alpha, beta) = (2.105, 4.211), [cer] = 0.476682
(alpha, beta) = (2.105, 4.737), [cer] = 0.476124
(alpha, beta) = (2.105, 5.263), [cer] = 0.476124
(alpha, beta) = (2.105, 5.789), [cer] = 0.477520
(alpha, beta) = (2.105, 6.316), [cer] = 0.476962
(alpha, beta) = (2.105, 6.842), [cer] = 0.478079
(alpha, beta) = (2.105, 7.368), [cer] = 0.478358
(alpha, beta) = (2.105, 7.895), [cer] = 0.483664
(alpha, beta) = (2.105, 8.421), [cer] = 0.484502
(alpha, beta) = (2.105, 8.947), [cer] = 0.487294
(alpha, beta) = (2.105, 9.474), [cer] = 0.491204
(alpha, beta) = (2.105, 10.000), [cer] = 0.492879
(alpha, beta) = (2.632, 0.000), [cer] = 0.484222
(alpha, beta) = (2.632, 0.526), [cer] = 0.481988
(alpha, beta) = (2.632, 1.053), [cer] = 0.479754
(alpha, beta) = (2.632, 1.579), [cer] = 0.477520
(alpha, beta) = (2.632, 2.105), [cer] = 0.476124
(alpha, beta) = (2.632, 2.632), [cer] = 0.475565
(alpha, beta) = (2.632, 3.158), [cer] = 0.475286
(alpha, beta) = (2.632, 3.684), [cer] = 0.475845
(alpha, beta) = (2.632, 4.211), [cer] = 0.475286
(alpha, beta) = (2.632, 4.737), [cer] = 0.475565
(alpha, beta) = (2.632, 5.263), [cer] = 0.477241
(alpha, beta) = (2.632, 5.789), [cer] = 0.476124
(alpha, beta) = (2.632, 6.316), [cer] = 0.473331
(alpha, beta) = (2.632, 6.842), [cer] = 0.475845
(alpha, beta) = (2.632, 7.368), [cer] = 0.474728
(alpha, beta) = (2.632, 7.895), [cer] = 0.475845
(alpha, beta) = (2.632, 8.421), [cer] = 0.478637
(alpha, beta) = (2.632, 8.947), [cer] = 0.479196
(alpha, beta) = (2.632, 9.474), [cer] = 0.483664
(alpha, beta) = (2.632, 10.000), [cer] = 0.487573
(alpha, beta) = (3.158, 0.000), [cer] = 0.490087
(alpha, beta) = (3.158, 0.526), [cer] = 0.485619
(alpha, beta) = (3.158, 1.053), [cer] = 0.481430
(alpha, beta) = (3.158, 1.579), [cer] = 0.477520
(alpha, beta) = (3.158, 2.105), [cer] = 0.474448
(alpha, beta) = (3.158, 2.632), [cer] = 0.472494
(alpha, beta) = (3.158, 3.158), [cer] = 0.471935
(alpha, beta) = (3.158, 3.684), [cer] = 0.469422
(alpha, beta) = (3.158, 4.211), [cer] = 0.470260
(alpha, beta) = (3.158, 4.737), [cer] = 0.466350
(alpha, beta) = (3.158, 5.263), [cer] = 0.467188
(alpha, beta) = (3.158, 5.789), [cer] = 0.468026
(alpha, beta) = (3.158, 6.316), [cer] = 0.469422
(alpha, beta) = (3.158, 6.842), [cer] = 0.470539
(alpha, beta) = (3.158, 7.368), [cer] = 0.470260
(alpha, beta) = (3.158, 7.895), [cer] = 0.469701
(alpha, beta) = (3.158, 8.421), [cer] = 0.471097
(alpha, beta) = (3.158, 8.947), [cer] = 0.472494
(alpha, beta) = (3.158, 9.474), [cer] = 0.475286
(alpha, beta) = (3.158, 10.000), [cer] = 0.480871
(alpha, beta) = (3.684, 0.000), [cer] = 0.495672
(alpha, beta) = (3.684, 0.526), [cer] = 0.493158
(alpha, beta) = (3.684, 1.053), [cer] = 0.490924
(alpha, beta) = (3.684, 1.579), [cer] = 0.487015
(alpha, beta) = (3.684, 2.105), [cer] = 0.485060
(alpha, beta) = (3.684, 2.632), [cer] = 0.481709
(alpha, beta) = (3.684, 3.158), [cer] = 0.478358
(alpha, beta) = (3.684, 3.684), [cer] = 0.476124
(alpha, beta) = (3.684, 4.211), [cer] = 0.472214
(alpha, beta) = (3.684, 4.737), [cer] = 0.471656
(alpha, beta) = (3.684, 5.263), [cer] = 0.472494
(alpha, beta) = (3.684, 5.789), [cer] = 0.470539
(alpha, beta) = (3.684, 6.316), [cer] = 0.470818
(alpha, beta) = (3.684, 6.842), [cer] = 0.470539
(alpha, beta) = (3.684, 7.368), [cer] = 0.469980
(alpha, beta) = (3.684, 7.895), [cer] = 0.469143
(alpha, beta) = (3.684, 8.421), [cer] = 0.467467
(alpha, beta) = (3.684, 8.947), [cer] = 0.472773
(alpha, beta) = (3.684, 9.474), [cer] = 0.474169
(alpha, beta) = (3.684, 10.000), [cer] = 0.476962
(alpha, beta) = (4.211, 0.000), [cer] = 0.503211
(alpha, beta) = (4.211, 0.526), [cer] = 0.501536
(alpha, beta) = (4.211, 1.053), [cer] = 0.496789
(alpha, beta) = (4.211, 1.579), [cer] = 0.492321
(alpha, beta) = (4.211, 2.105), [cer] = 0.488690
(alpha, beta) = (4.211, 2.632), [cer] = 0.486456
(alpha, beta) = (4.211, 3.158), [cer] = 0.485619
(alpha, beta) = (4.211, 3.684), [cer] = 0.480034
(alpha, beta) = (4.211, 4.211), [cer] = 0.478637
(alpha, beta) = (4.211, 4.737), [cer] = 0.476403
(alpha, beta) = (4.211, 5.263), [cer] = 0.475565
(alpha, beta) = (4.211, 5.789), [cer] = 0.473890
(alpha, beta) = (4.211, 6.316), [cer] = 0.473331
(alpha, beta) = (4.211, 6.842), [cer] = 0.470818
(alpha, beta) = (4.211, 7.368), [cer] = 0.470260
(alpha, beta) = (4.211, 7.895), [cer] = 0.471377
(alpha, beta) = (4.211, 8.421), [cer] = 0.471377
(alpha, beta) = (4.211, 8.947), [cer] = 0.473052
(alpha, beta) = (4.211, 9.474), [cer] = 0.473611
(alpha, beta) = (4.211, 10.000), [cer] = 0.473611
(alpha, beta) = (4.737, 0.000), [cer] = 0.520804
(alpha, beta) = (4.737, 0.526), [cer] = 0.507679
(alpha, beta) = (4.737, 1.053), [cer] = 0.505725
(alpha, beta) = (4.737, 1.579), [cer] = 0.502374
(alpha, beta) = (4.737, 2.105), [cer] = 0.497347
(alpha, beta) = (4.737, 2.632), [cer] = 0.492600
(alpha, beta) = (4.737, 3.158), [cer] = 0.490924
(alpha, beta) = (4.737, 3.684), [cer] = 0.488690
(alpha, beta) = (4.737, 4.211), [cer] = 0.488132
(alpha, beta) = (4.737, 4.737), [cer] = 0.483105
(alpha, beta) = (4.737, 5.263), [cer] = 0.480034
(alpha, beta) = (4.737, 5.789), [cer] = 0.479754
(alpha, beta) = (4.737, 6.316), [cer] = 0.480034
(alpha, beta) = (4.737, 6.842), [cer] = 0.476962
(alpha, beta) = (4.737, 7.368), [cer] = 0.475286
(alpha, beta) = (4.737, 7.895), [cer] = 0.473611
(alpha, beta) = (4.737, 8.421), [cer] = 0.473890
(alpha, beta) = (4.737, 8.947), [cer] = 0.473890
(alpha, beta) = (4.737, 9.474), [cer] = 0.474728
(alpha, beta) = (4.737, 10.000), [cer] = 0.478079
(alpha, beta) = (5.263, 0.000), [cer] = 0.541469
(alpha, beta) = (5.263, 0.526), [cer] = 0.533371
(alpha, beta) = (5.263, 1.053), [cer] = 0.523038
(alpha, beta) = (5.263, 1.579), [cer] = 0.514940
(alpha, beta) = (5.263, 2.105), [cer] = 0.510751
(alpha, beta) = (5.263, 2.632), [cer] = 0.501815
(alpha, beta) = (5.263, 3.158), [cer] = 0.495672
(alpha, beta) = (5.263, 3.684), [cer] = 0.493438
(alpha, beta) = (5.263, 4.211), [cer] = 0.492321
(alpha, beta) = (5.263, 4.737), [cer] = 0.490366
(alpha, beta) = (5.263, 5.263), [cer] = 0.489528
(alpha, beta) = (5.263, 5.789), [cer] = 0.486736
(alpha, beta) = (5.263, 6.316), [cer] = 0.483105
(alpha, beta) = (5.263, 6.842), [cer] = 0.484222
(alpha, beta) = (5.263, 7.368), [cer] = 0.478637
(alpha, beta) = (5.263, 7.895), [cer] = 0.478917
(alpha, beta) = (5.263, 8.421), [cer] = 0.476124
(alpha, beta) = (5.263, 8.947), [cer] = 0.476403
(alpha, beta) = (5.263, 9.474), [cer] = 0.476682
(alpha, beta) = (5.263, 10.000), [cer] = 0.477520
(alpha, beta) = (5.789, 0.000), [cer] = 0.556828
(alpha, beta) = (5.789, 0.526), [cer] = 0.553197
(alpha, beta) = (5.789, 1.053), [cer] = 0.546495
(alpha, beta) = (5.789, 1.579), [cer] = 0.533091
(alpha, beta) = (5.789, 2.105), [cer] = 0.526669
(alpha, beta) = (5.789, 2.632), [cer] = 0.516336
(alpha, beta) = (5.789, 3.158), [cer] = 0.510472
(alpha, beta) = (5.789, 3.684), [cer] = 0.506842
(alpha, beta) = (5.789, 4.211), [cer] = 0.500698
(alpha, beta) = (5.789, 4.737), [cer] = 0.495672
(alpha, beta) = (5.789, 5.263), [cer] = 0.493717
(alpha, beta) = (5.789, 5.789), [cer] = 0.491483
(alpha, beta) = (5.789, 6.316), [cer] = 0.488411
(alpha, beta) = (5.789, 6.842), [cer] = 0.487573
(alpha, beta) = (5.789, 7.368), [cer] = 0.487853
(alpha, beta) = (5.789, 7.895), [cer] = 0.484502
(alpha, beta) = (5.789, 8.421), [cer] = 0.483385
(alpha, beta) = (5.789, 8.947), [cer] = 0.481151
(alpha, beta) = (5.789, 9.474), [cer] = 0.480592
(alpha, beta) = (5.789, 10.000), [cer] = 0.479475
(alpha, beta) = (6.316, 0.000), [cer] = 0.576934
(alpha, beta) = (6.316, 0.526), [cer] = 0.569115
(alpha, beta) = (6.316, 1.053), [cer] = 0.563250
(alpha, beta) = (6.316, 1.579), [cer] = 0.556269
(alpha, beta) = (6.316, 2.105), [cer] = 0.544541
(alpha, beta) = (6.316, 2.632), [cer] = 0.538676
(alpha, beta) = (6.316, 3.158), [cer] = 0.529461
(alpha, beta) = (6.316, 3.684), [cer] = 0.523038
(alpha, beta) = (6.316, 4.211), [cer] = 0.517453
(alpha, beta) = (6.316, 4.737), [cer] = 0.508517
(alpha, beta) = (6.316, 5.263), [cer] = 0.504049
(alpha, beta) = (6.316, 5.789), [cer] = 0.501815
(alpha, beta) = (6.316, 6.316), [cer] = 0.493996
(alpha, beta) = (6.316, 6.842), [cer] = 0.490924
(alpha, beta) = (6.316, 7.368), [cer] = 0.491483
(alpha, beta) = (6.316, 7.895), [cer] = 0.490645
(alpha, beta) = (6.316, 8.421), [cer] = 0.490645
(alpha, beta) = (6.316, 8.947), [cer] = 0.489249
(alpha, beta) = (6.316, 9.474), [cer] = 0.488690
(alpha, beta) = (6.316, 10.000), [cer] = 0.487573
(alpha, beta) = (6.842, 0.000), [cer] = 0.594247
(alpha, beta) = (6.842, 0.526), [cer] = 0.586708
(alpha, beta) = (6.842, 1.053), [cer] = 0.581960
(alpha, beta) = (6.842, 1.579), [cer] = 0.567719
(alpha, beta) = (6.842, 2.105), [cer] = 0.564088
(alpha, beta) = (6.842, 2.632), [cer] = 0.554035
(alpha, beta) = (6.842, 3.158), [cer] = 0.543424
(alpha, beta) = (6.842, 3.684), [cer] = 0.537280
(alpha, beta) = (6.842, 4.211), [cer] = 0.533929
(alpha, beta) = (6.842, 4.737), [cer] = 0.523318
(alpha, beta) = (6.842, 5.263), [cer] = 0.519687
(alpha, beta) = (6.842, 5.789), [cer] = 0.514661
(alpha, beta) = (6.842, 6.316), [cer] = 0.511589
(alpha, beta) = (6.842, 6.842), [cer] = 0.505725
(alpha, beta) = (6.842, 7.368), [cer] = 0.504608
(alpha, beta) = (6.842, 7.895), [cer] = 0.502932
(alpha, beta) = (6.842, 8.421), [cer] = 0.501536
(alpha, beta) = (6.842, 8.947), [cer] = 0.500977
(alpha, beta) = (6.842, 9.474), [cer] = 0.498743
(alpha, beta) = (6.842, 10.000), [cer] = 0.497347
(alpha, beta) = (7.368, 0.000), [cer] = 0.619659
(alpha, beta) = (7.368, 0.526), [cer] = 0.608210
(alpha, beta) = (7.368, 1.053), [cer] = 0.595923
(alpha, beta) = (7.368, 1.579), [cer] = 0.586987
(alpha, beta) = (7.368, 2.105), [cer] = 0.581681
(alpha, beta) = (7.368, 2.632), [cer] = 0.572466
(alpha, beta) = (7.368, 3.158), [cer] = 0.559620
(alpha, beta) = (7.368, 3.684), [cer] = 0.552918
(alpha, beta) = (7.368, 4.211), [cer] = 0.546775
(alpha, beta) = (7.368, 4.737), [cer] = 0.540631
(alpha, beta) = (7.368, 5.263), [cer] = 0.533650
(alpha, beta) = (7.368, 5.789), [cer] = 0.523876
(alpha, beta) = (7.368, 6.316), [cer] = 0.521083
(alpha, beta) = (7.368, 6.842), [cer] = 0.519687
(alpha, beta) = (7.368, 7.368), [cer] = 0.515219
(alpha, beta) = (7.368, 7.895), [cer] = 0.511589
(alpha, beta) = (7.368, 8.421), [cer] = 0.510193
(alpha, beta) = (7.368, 8.947), [cer] = 0.507121
(alpha, beta) = (7.368, 9.474), [cer] = 0.507121
(alpha, beta) = (7.368, 10.000), [cer] = 0.506562
(alpha, beta) = (7.895, 0.000), [cer] = 0.643116
(alpha, beta) = (7.895, 0.526), [cer] = 0.635856
(alpha, beta) = (7.895, 1.053), [cer] = 0.621893
(alpha, beta) = (7.895, 1.579), [cer] = 0.611003
(alpha, beta) = (7.895, 2.105), [cer] = 0.598715
(alpha, beta) = (7.895, 2.632), [cer] = 0.589500
(alpha, beta) = (7.895, 3.158), [cer] = 0.582519
(alpha, beta) = (7.895, 3.684), [cer] = 0.574141
(alpha, beta) = (7.895, 4.211), [cer] = 0.563809
(alpha, beta) = (7.895, 4.737), [cer] = 0.557386
(alpha, beta) = (7.895, 5.263), [cer] = 0.550405
(alpha, beta) = (7.895, 5.789), [cer] = 0.544261
(alpha, beta) = (7.895, 6.316), [cer] = 0.539514
(alpha, beta) = (7.895, 6.842), [cer] = 0.532254
(alpha, beta) = (7.895, 7.368), [cer] = 0.530299
(alpha, beta) = (7.895, 7.895), [cer] = 0.526948
(alpha, beta) = (7.895, 8.421), [cer] = 0.521363
(alpha, beta) = (7.895, 8.947), [cer] = 0.520246
(alpha, beta) = (7.895, 9.474), [cer] = 0.517453
(alpha, beta) = (7.895, 10.000), [cer] = 0.519408
(alpha, beta) = (8.421, 0.000), [cer] = 0.663502
(alpha, beta) = (8.421, 0.526), [cer] = 0.650935
(alpha, beta) = (8.421, 1.053), [cer] = 0.643116
(alpha, beta) = (8.421, 1.579), [cer] = 0.634180
(alpha, beta) = (8.421, 2.105), [cer] = 0.622452
(alpha, beta) = (8.421, 2.632), [cer] = 0.612678
(alpha, beta) = (8.421, 3.158), [cer] = 0.603183
(alpha, beta) = (8.421, 3.684), [cer] = 0.595644
(alpha, beta) = (8.421, 4.211), [cer] = 0.588662
(alpha, beta) = (8.421, 4.737), [cer] = 0.577213
(alpha, beta) = (8.421, 5.263), [cer] = 0.566322
(alpha, beta) = (8.421, 5.789), [cer] = 0.560458
(alpha, beta) = (8.421, 6.316), [cer] = 0.553756
(alpha, beta) = (8.421, 6.842), [cer] = 0.549009
(alpha, beta) = (8.421, 7.368), [cer] = 0.546216
(alpha, beta) = (8.421, 7.895), [cer] = 0.539793
(alpha, beta) = (8.421, 8.421), [cer] = 0.538118
(alpha, beta) = (8.421, 8.947), [cer] = 0.533371
(alpha, beta) = (8.421, 9.474), [cer] = 0.529182
(alpha, beta) = (8.421, 10.000), [cer] = 0.524714
(alpha, beta) = (8.947, 0.000), [cer] = 0.684725
(alpha, beta) = (8.947, 0.526), [cer] = 0.679978
(alpha, beta) = (8.947, 1.053), [cer] = 0.664060
(alpha, beta) = (8.947, 1.579), [cer] = 0.653728
(alpha, beta) = (8.947, 2.105), [cer] = 0.647026
(alpha, beta) = (8.947, 2.632), [cer] = 0.638928
(alpha, beta) = (8.947, 3.158), [cer] = 0.624407
(alpha, beta) = (8.947, 3.684), [cer] = 0.616029
(alpha, beta) = (8.947, 4.211), [cer] = 0.607931
(alpha, beta) = (8.947, 4.737), [cer] = 0.600949
(alpha, beta) = (8.947, 5.263), [cer] = 0.595644
(alpha, beta) = (8.947, 5.789), [cer] = 0.587825
(alpha, beta) = (8.947, 6.316), [cer] = 0.577492
(alpha, beta) = (8.947, 6.842), [cer] = 0.570790
(alpha, beta) = (8.947, 7.368), [cer] = 0.565764
(alpha, beta) = (8.947, 7.895), [cer] = 0.562971
(alpha, beta) = (8.947, 8.421), [cer] = 0.554594
(alpha, beta) = (8.947, 8.947), [cer] = 0.552918
(alpha, beta) = (8.947, 9.474), [cer] = 0.549009
(alpha, beta) = (8.947, 10.000), [cer] = 0.547054
(alpha, beta) = (9.474, 0.000), [cer] = 0.709858
(alpha, beta) = (9.474, 0.526), [cer] = 0.697291
(alpha, beta) = (9.474, 1.053), [cer] = 0.687238
(alpha, beta) = (9.474, 1.579), [cer] = 0.676906
(alpha, beta) = (9.474, 2.105), [cer] = 0.665177
(alpha, beta) = (9.474, 2.632), [cer] = 0.656521
(alpha, beta) = (9.474, 3.158), [cer] = 0.647864
(alpha, beta) = (9.474, 3.684), [cer] = 0.638928
(alpha, beta) = (9.474, 4.211), [cer] = 0.628875
(alpha, beta) = (9.474, 4.737), [cer] = 0.621893
(alpha, beta) = (9.474, 5.263), [cer] = 0.614074
(alpha, beta) = (9.474, 5.789), [cer] = 0.608769
(alpha, beta) = (9.474, 6.316), [cer] = 0.601229
(alpha, beta) = (9.474, 6.842), [cer] = 0.595644
(alpha, beta) = (9.474, 7.368), [cer] = 0.587825
(alpha, beta) = (9.474, 7.895), [cer] = 0.580564
(alpha, beta) = (9.474, 8.421), [cer] = 0.569953
(alpha, beta) = (9.474, 8.947), [cer] = 0.564088
(alpha, beta) = (9.474, 9.474), [cer] = 0.561854
(alpha, beta) = (9.474, 10.000), [cer] = 0.561854
(alpha, beta) = (10.000, 0.000), [cer] = 0.727730
(alpha, beta) = (10.000, 0.526), [cer] = 0.719631
(alpha, beta) = (10.000, 1.053), [cer] = 0.711533
(alpha, beta) = (10.000, 1.579), [cer] = 0.698408
(alpha, beta) = (10.000, 2.105), [cer] = 0.687517
(alpha, beta) = (10.000, 2.632), [cer] = 0.680257
(alpha, beta) = (10.000, 3.158), [cer] = 0.668808
(alpha, beta) = (10.000, 3.684), [cer] = 0.660989
(alpha, beta) = (10.000, 4.211), [cer] = 0.643954
(alpha, beta) = (10.000, 4.737), [cer] = 0.643396
(alpha, beta) = (10.000, 5.263), [cer] = 0.635297
(alpha, beta) = (10.000, 5.789), [cer] = 0.627758
(alpha, beta) = (10.000, 6.316), [cer] = 0.619659
(alpha, beta) = (10.000, 6.842), [cer] = 0.613516
(alpha, beta) = (10.000, 7.368), [cer] = 0.606534
(alpha, beta) = (10.000, 7.895), [cer] = 0.600670
(alpha, beta) = (10.000, 8.421), [cer] = 0.594806
(alpha, beta) = (10.000, 8.947), [cer] = 0.583636
(alpha, beta) = (10.000, 9.474), [cer] = 0.580564
(alpha, beta) = (10.000, 10.000), [cer] = 0.576655

Finish tuning on 1 batches, final opt (alpha, beta) = (3.158, 4.737)
