Download language model ...
./zh_giga.no_cna_cmn.prune01244.klm already exists, download skipped.
-----------  Configuration Arguments -----------
alpha: 2.6
beam_size: 300
beta: 5.0
cutoff_prob: 0.99
cutoff_top_n: 40
decoding_method: ctc_beam_search
error_rate_type: cer
infer_manifest: data/Wang/16k/manifest.dev
lang_model_path: models/lm/zhidao_giga.klm
mean_std_path: data/aishell/mean_std.npz
model_path: checkpoints/aishell/step_final
num_conv_layers: 2
num_proc_bsearch: 8
num_rnn_layers: 3
num_samples: 226
rnn_layer_size: 1024
share_rnn_weights: 0
specgram_type: linear
use_gpu: 1
use_gru: 1
vocab_path: data/aishell/vocab.txt
------------------------------------------------
finish initing model from pretrained params from checkpoints/aishell/step_final

Target Transcription: 各位亲爱的弟兄姐妹大家好从今天呃这一讲开始我们会连着
Output Transcription: 昨日价格对行者的叫好从今天的这将开始我会原则
Current error rate [cer] = 0.653846

Target Transcription: 呃有四十讲来讲出埃及记
Output Transcription: 华有四次奖来讲出几记
Current error rate [cer] = 0.454545

Target Transcription: 出埃及记是整本我们的圣经的第二卷
Output Transcription: 除了依据是成本我们的圣经的第二阶
Current error rate [cer] = 0.375000

Target Transcription: 是非常重要的一卷
Output Transcription: 首飞一常重要女者
Current error rate [cer] = 0.750000

Target Transcription: 当我们讲到呃头一卷也就是第一卷创世纪的时候我们曾经啊讲过他的主题思想
Output Transcription: 当我们想到了投一圈也就是对一阵创世纪的手我们走进了想过他的主题思想
Current error rate [cer] = 0.352941

Target Transcription: 我们说在创世纪当中呢是
Output Transcription: 我们在创世剧种中的社
Current error rate [cer] = 0.454545

Target Transcription: 讲到神伟大的主权
Output Transcription: 将到人轨道的主持
Current error rate [cer] = 0.625000

Target Transcription: 还有呢就是讲明了宇宙外有
Output Transcription: 还有的就是奖名额与周伴游
Current error rate [cer] = 0.666667

Target Transcription: 天地人类社会各个方面的一些事物的来历
Output Transcription: 天地人类社会各个方面的也是我的来历
Current error rate [cer] = 0.222222

Target Transcription: 那么呢从
Output Transcription: 那么的从
Current error rate [cer] = 0.250000

Target Transcription: 来历到神的主权
Output Transcription: 老人力到什的主权
Current error rate [cer] = 0.571429

Target Transcription: 从这两个角度当你在读创世纪的时候
Output Transcription: 从最两个角度当你在读创世纪的所
Current error rate [cer] = 0.187500

Target Transcription: 我们说你就可以啊
Output Transcription: 我作你就可以样
Current error rate [cer] = 0.375000

Target Transcription: 哦得到非常美好的开启
Output Transcription: 和得到非常美好的开启
Current error rate [cer] = 0.100000

Target Transcription: 就可以屡出一条真理的线络
Output Transcription: 就可以理出一条占据的现状
Current error rate [cer] = 0.416667

Target Transcription: 呃读的时候呢就比较清晰
Output Transcription: 我独个活的就比较清晰
Current error rate [cer] = 0.545455

Target Transcription: 那当我们在读出埃及记的时候
Output Transcription: 那当我们在读初二几句的时候
Current error rate [cer] = 0.307692

Target Transcription: 我们也会按照像读创世纪一样
Output Transcription: 我们也会按照小毒创举一样
Current error rate [cer] = 0.307692

Target Transcription: 我们将会对每一章
Output Transcription: 我们就会对每一张
Current error rate [cer] = 0.250000

Target Transcription: 啊它的分段还有他的一些重要情节
Output Transcription: 他的身段还有他的一些重要情节
Current error rate [cer] = 0.200000

Target Transcription: 啊都会进行一点分析和描述
Output Transcription: 早都会进行的分析和牛述
Current error rate [cer] = 0.333333

Target Transcription: 呃理清楚一些细节的他的次序
Output Transcription: 老李清楚一些细节得到的刺激
Current error rate [cer] = 0.461538

Target Transcription: 那么再有呢我们会啊也会顺便讲到一些
Output Transcription: 我们在有的我们会也会甚至讲到一些
Current error rate [cer] = 0.411765

Target Transcription: 有时候难以理解的一些重要词汇
Output Transcription: 有手男子里李解决重要存婚
Current error rate [cer] = 0.714286

Target Transcription: 还有呢在这一章当中啊
Output Transcription: 还有的在这一张帮中晚
Current error rate [cer] = 0.400000

Target Transcription: 啊有些真理的要义它究竟是什么
Output Transcription: 而有些真理的要义他就真是小
Current error rate [cer] = 0.428571

Target Transcription: 那么另外呢我们也会
Output Transcription: 五对外的火被毁
Current error rate [cer] = 0.888889

Target Transcription: 谈到关于啊
Output Transcription: 谈到国药
Current error rate [cer] = 0.600000

Target Transcription: 呃就是一章古老的经文
Output Transcription: 我就是一张五个惊闻
Current error rate [cer] = 0.700000

Target Transcription: 在今天神的儿女的生命当中将会起到怎样的应用的作用
Output Transcription: 在今天怎么了儿女的生命党中将会起到怎样的应用的作用
Current error rate [cer] = 0.166667

Target Transcription: 那于创世纪呃不同的呢
Output Transcription: 关于创新剧的不同的呢
Current error rate [cer] = 0.400000

Target Transcription: 就是我们将会
Output Transcription: 就是我们将会
Current error rate [cer] = 0.000000

Target Transcription: 呃增加一个
Output Transcription: 而增加一个
Current error rate [cer] = 0.200000

Target Transcription: 啊一个环节
Output Transcription: 而一个缓解
Current error rate [cer] = 0.600000

Target Transcription: 就是由我来特别的跟你们选一节
Output Transcription: 这是由我来这个队里的小一直
Current error rate [cer] = 0.642857

Target Transcription: 这一章当中的钥句
Output Transcription: 这一张当中的药制
Current error rate [cer] = 0.375000

Target Transcription: 那么大家呢就可以结合这个钥句呢来看
Output Transcription: 我们大家的就可以就和这个药具的来看路
Current error rate [cer] = 0.529412

Target Transcription: 啊整一章的圣经
Output Transcription: 法正一张的受救
Current error rate [cer] = 0.714286

Target Transcription: 因为这个钥句呢得要是钥匙的钥通常在一章圣经当中
Output Transcription: 因为这个药具的的药是药匙的药通常在一张胜志刚中
Current error rate [cer] = 0.478261

Target Transcription: 有一节圣经
Output Transcription: 有一只手金
Current error rate [cer] = 0.600000

Target Transcription: 就像钥匙一样
Output Transcription: 就生药是一样
Current error rate [cer] = 0.500000

Target Transcription: 能为我们开启
Output Transcription: 能为我们开启
Current error rate [cer] = 0.000000

Target Transcription: 整章圣经啊他的真理
Output Transcription: 整张守金马它的真理
Current error rate [cer] = 0.555556

Target Transcription: 那如果创世纪他的书中的主题是论道神伟大的主权还有是论道一切的开始
Output Transcription: 那如果创世纪好的书中的主题争论保险轨道的主权还有声论道一切的开始
Current error rate [cer] = 0.218750

Target Transcription: 那当你读到出埃及记的时候我们说它的主题思想将是什么呢
Output Transcription: 老公里独斗出来记记的手候我们说他的主题思想将是什么呢
Current error rate [cer] = 0.346154

Target Transcription: 那出埃及记啊
Output Transcription: 扫除了机器有
Current error rate [cer] = 1.000000

Target Transcription: 我们说它的主题思想呢
Output Transcription: 我们说他的主题是小的
Current error rate [cer] = 0.400000

Target Transcription: 是论道神伟大救赎的工作
Output Transcription: 首份保存委一道救赎的工作
Current error rate [cer] = 0.636364

Target Transcription: 神伟大救赎的工作
Output Transcription: 神不到救赎的工作
Current error rate [cer] = 0.250000

Target Transcription: 你在出埃及记当中
Output Transcription: 你在与出具剧等中
Current error rate [cer] = 0.625000

Target Transcription: 将会看见神极其荣耀的那个工作的那个方式
Output Transcription: 将会看决神极其荣耀的工作的方式
Current error rate [cer] = 0.263158

Target Transcription: 而且如果你跟
Output Transcription: 而且如果你根
Current error rate [cer] = 0.166667

Target Transcription: 创世纪对比的话
Output Transcription: 创始之行对比的话
Current error rate [cer] = 0.428571

Target Transcription: 呃会令你特别的敬畏
Output Transcription: 保护孕女特别的智运会
Current error rate [cer] = 0.777778

Target Transcription: 啊惊奇啊惊讶
Output Transcription: 我兴起了真药
Current error rate [cer] = 1.000000

Target Transcription: 神是非常奇妙用荣耀的可以说是超然的入侵到
Output Transcription: 三子非从其肉用如有的对付是超人的入侵倒
Current error rate [cer] = 0.600000

Target Transcription: 呃我们使用一个词叫入侵或者进入人类历史的时空当中
Output Transcription: 法国的此一所救入侵我的介入人类绿色的失控当中
Current error rate [cer] = 0.625000

Target Transcription: 来展现出他伟大的救赎的工作
Output Transcription: 来展现出跑过一道的救助工作
Current error rate [cer] = 0.461538

Target Transcription: 他救赎谁呢
Output Transcription: 而救赎谁的
Current error rate [cer] = 0.400000

Target Transcription: 他要救赎亚伯拉罕以撒雅各的后裔
Output Transcription: 要救助杨不行以方雅个的后
Current error rate [cer] = 0.600000

Target Transcription: 那么呢在
Output Transcription: 应当赞誉
Current error rate [cer] = 1.000000

Target Transcription: 出埃及记啊
Output Transcription: 出而机具有
Current error rate [cer] = 0.800000

Target Transcription: 呃这本书
Output Transcription: 我这表出
Current error rate [cer] = 0.750000

Target Transcription: 他在最
Output Transcription: 他在治愈
Current error rate [cer] = 0.666667

Target Transcription: 最开始在以色列人当中被抄入的时候呢
Output Transcription: 最开始在以四人当中被超过的小的
Current error rate [cer] = 0.411765

Target Transcription: 原来出埃及记和原来的创世纪呢其实都有一个情况
Output Transcription: 原来出而机器和原来创自军的气色都有你的情况
Current error rate [cer] = 0.500000

Target Transcription: 那就是
Output Transcription: 和就是
Current error rate [cer] = 0.333333

Target Transcription: 他们的原来的卷名呢不像今天这样
Output Transcription: 它们的原来却领了不像今天这样
Current error rate [cer] = 0.333333

Target Transcription: 叫创世纪叫出埃及记
Output Transcription: 就创世纪走出二几句
Current error rate [cer] = 0.555556

Target Transcription: 由于古代以色列人呢他们是用羊皮纸卷用卷轴的方式
Output Transcription: 由于古代一次救人的它不是用养殖只愿用卷着的方式
Current error rate [cer] = 0.478261

Target Transcription: 来抄写圣经
Output Transcription: 而超型生经
Current error rate [cer] = 0.800000

Target Transcription: 而希伯来文呢是从右往左来读的
Output Transcription: 而西部莱文的是从右王祖来独得
Current error rate [cer] = 0.571429

Target Transcription: 是横着来哎来书写的
Output Transcription: 只行者来了书写的
Current error rate [cer] = 0.555556

Target Transcription: 所以每当啊古代的他们的
Output Transcription: 最美妈妈古代的她不得
Current error rate [cer] = 0.727273

Target Transcription: 羊皮纸卷他们圣经的书卷一旦被展开的时候呢
Output Transcription: 杨平的确他们胜救的疏浚也本被展开的我们
Current error rate [cer] = 0.650000

Target Transcription: 他们要从右往左读
Output Transcription: 好友从右往佐读
Current error rate [cer] = 0.500000

Target Transcription: 那么呢
Output Transcription: 我不能
Current error rate [cer] = 1.000000

Target Transcription: 往往就在一卷书它的第一章第一节的第一个字
Output Transcription: 往某就在一转说跑的对一张给记者的一个做
Current error rate [cer] = 0.550000

Target Transcription: 就会作为啊这卷书他的名字
Output Transcription: 就会作为这个说跑的名字
Current error rate [cer] = 0.333333

Target Transcription: 那其实呢呃当在创世纪当中你就可以读到啊他的名字
Output Transcription: 那七十老当在创世纪当中也会独到她的名字
Current error rate [cer] = 0.478261

Target Transcription: 呃就使用的是呃我们今天使用创世纪
Output Transcription: 二就是用得所了我我们今天是有创世计
Current error rate [cer] = 0.562500

Target Transcription: 可是呢在以色列人原来呀他们用的名字其实不叫创世纪
Output Transcription: 考生们在一色人与老药他们用的名宿就是不叫创实绩
Current error rate [cer] = 0.541667

Target Transcription: 而是叫起初
Output Transcription: 二十就起初
Current error rate [cer] = 0.600000

Target Transcription: 为什么呢因为希伯来文哪他的第一个
Output Transcription: 为什么因为西部来我的跑着第一个
Current error rate [cer] = 0.437500

Target Transcription: 字的排列就是起初神创造天地的起初
Output Transcription: 这个排队就是起初审创作严厉的起冲
Current error rate [cer] = 0.500000

Target Transcription: 希伯来文呢叫布希府
Output Transcription: 徐波来问的就不是子
Current error rate [cer] = 0.888889

Target Transcription: 布希府那么因此呢？起初这个词啊就是创世纪的名字
Output Transcription: 或是我们英索了其出这个册就是超资剧的名字
Current error rate [cer] = 0.695652

Target Transcription: 那等到
Output Transcription: 那等斗
Current error rate [cer] = 0.333333

Target Transcription: 呃出埃及记呢出埃及记的名字呢
Output Transcription: 跑出挨几句的出而聚聚的名字的
Current error rate [cer] = 0.642857

Target Transcription: 啊原来他的卷名不叫出埃及记
Output Transcription: 而原来她证明不少冲而击
Current error rate [cer] = 0.769231

Target Transcription: 而是
Output Transcription: 博尔是
Current error rate [cer] = 1.000000

Target Transcription: 像出埃及记的一章
Output Transcription: 小托几句第一张
Current error rate [cer] = 0.875000

Target Transcription: 呃第一节所讲的
Output Transcription: 保堆这所讲的
Current error rate [cer] = 0.571429

Target Transcription: 作为希伯来文他的文法呃句式的排列
Output Transcription: 作为西部来问他的玩法了去世的排队
Current error rate [cer] = 0.500000

Target Transcription: 就是呢
Output Transcription: 也就是等
Current error rate [cer] = 0.666667

Target Transcription: 这些名字
Output Transcription: 只需美容子
Current error rate [cer] = 1.250000

Target Transcription: 这些名字
Output Transcription: 这些名字
Current error rate [cer] = 0.000000

Target Transcription: 的希伯来文词汇呢排在呃最先
Output Transcription: 和西部的文字会的排在了最先
Current error rate [cer] = 0.615385

Target Transcription: 那么呢
Output Transcription: 那么的
Current error rate [cer] = 0.333333

Target Transcription: 呃这些名字就成为原来出埃及记的他的卷名
Output Transcription: 而这些名字就成为原来出而几记的他的这名
Current error rate [cer] = 0.210526

Target Transcription: 那如果我们看创世纪呢如果原来叫起初我们还能知道这卷书它的要义和中心思想
Output Transcription: 让如我们看冲刺剧了如果原来就起初我还能做到这决是好的有益和中学思小
Current error rate [cer] = 0.485714

Target Transcription: 他是论道一切的起源嘛
Output Transcription: 他所论到一切的起人吗
Current error rate [cer] = 0.400000

Target Transcription: 无论是属世的无论是属灵的
Output Transcription: 无论是琐事的五日则有人的
Current error rate [cer] = 0.583333

Target Transcription: 还有这个都合理
Output Transcription: 而这多合理
Current error rate [cer] = 0.571429

Target Transcription: 可是如果要是像出埃及记这样
Output Transcription: 可是如果有人是小出来机队员
Current error rate [cer] = 0.615385

Target Transcription: 啊叫做这些名字
Output Transcription: 而叫做这些名字
Current error rate [cer] = 0.142857

Target Transcription: 那么呢就显然呢呃很容易让人呢理解说这卷书是不是啊在讲啊非常长的复杂的家谱
Output Transcription: 那么对这些人的而很容易让人的李解说这决心手不舍在讲了非常强的复杂的教
Current error rate [cer] = 0.472222

Target Transcription: 其实不是
Output Transcription: 这是不是
Current error rate [cer] = 0.500000

Target Transcription: 我们在第一章的前头呢有提到
Output Transcription: 我们在对一张的拳头的有提到
Current error rate [cer] = 0.307692

Target Transcription: 有看到
Output Transcription: 有看过
Current error rate [cer] = 0.333333

Target Transcription: 关于雅各一家的啊他们家的名字
Output Transcription: 位于两个一笑的张佳的名字
Current error rate [cer] = 0.571429

Target Transcription: 说这些人呢要到埃及去
Output Transcription: 则这些人的小宝被机制
Current error rate [cer] = 0.700000

Target Transcription: 但是其实
Output Transcription: 但是七折
Current error rate [cer] = 0.500000

Target Transcription: 出埃及记整卷书呢并不是家谱的书
Output Transcription: 作机具整治书的并不只叫不出
Current error rate [cer] = 0.733333

Target Transcription: 所以呢
Output Transcription: 所运动
Current error rate [cer] = 0.666667

Target Transcription: 卷名叫这些名字
Output Transcription: 这名酒这些名字
Current error rate [cer] = 0.285714

Target Transcription: 显然呢就不够点题
Output Transcription: 显然的就不够给提
Current error rate [cer] = 0.375000

Target Transcription: 不够让我们能明白呀整卷书的要义
Output Transcription: 互动让我们的明白了整治数的要义
Current error rate [cer] = 0.400000

Target Transcription: 那什么时候
Output Transcription: 那什么时候
Current error rate [cer] = 0.000000

Target Transcription: 像创世纪还有出埃及记包括利未记民数记还有申命记被起为今天这样的一种形式了呢
Output Transcription: 向创世句还有出来几句包括立为景明数据还有生命尽为企为今天照的一种刑事的的
Current error rate [cer] = 0.540541

Target Transcription: 就是在主前三世纪的时候呢当时是地中海一带呀是希腊时期
Output Transcription: 就是在组织上四句的走的当时所立重海一代所希望时气
Current error rate [cer] = 0.615385

Target Transcription: 希腊帝国呀掌管着地中海沿岸的一些国家那么当时呢
Output Transcription: 起望对火的掌管者并不海而言二本去股价了当时呢
Current error rate [cer] = 0.739130

Target Transcription: 以色列是被
Output Transcription: 与缩略是本月
Current error rate [cer] = 1.000000

Target Transcription: 在北非
Output Transcription: 在北非
Current error rate [cer] = 0.000000

Target Transcription: 那边做王的一个希腊啊一个国
Output Transcription: 来别做王的一个希望一个国
Current error rate [cer] = 0.307692

Target Transcription: 呃叫做托勒密王朝啊又旧又被翻译为多莉买王朝来
Output Transcription: 叫做脱落密广潮又久又被发誉为多利买王丑来人
Current error rate [cer] = 0.545455

Target Transcription: 啊掌管
Output Transcription: 好掌管
Current error rate [cer] = 0.333333

Target Transcription: 那么呢在当时呢正是多莉买或者叫托勒密二世正在做呀那个希腊的王
Output Transcription: 那么到在当行的政策多位买获得就拖着比二次正在坐也的希望的王
Current error rate [cer] = 0.600000

Target Transcription: 那当时呢就有这样的一个故事发生
Output Transcription: 而当时的就有这样的一个故事发生
Current error rate [cer] = 0.133333

Target Transcription: 在埃及北部地中海的一个沿岸城市叫做亚历山大
Output Transcription: 在二局北部绿中海的一个两岸重塑就做要离山的
Current error rate [cer] = 0.476190

Target Transcription: 如果呢大家熟悉地理你就可以知道这个地方
Output Transcription: 如果的但是手续对里你就会知道这个对方
Current error rate [cer] = 0.526316

Target Transcription: 这个地方呢是埃及很漂亮的一个城市在古代的时候呢也是基督教世界
Output Transcription: 这个地方的小儿也很漂亮一个炒圣在古代走的也饿了几度角世界
Current error rate [cer] = 0.533333

Target Transcription: 五大教区其中一个
Output Transcription: 五大教区去度一个
Current error rate [cer] = 0.250000

Target Transcription: 那么呢
Output Transcription: 那么当
Current error rate [cer] = 0.333333

Target Transcription: 呃后来呢这个亚历山大的就被呃穆斯林呢给攻取
Output Transcription: 到后来了这个压力上到的就被穆斯林的给吃
Current error rate [cer] = 0.476190

Target Transcription: 所以呢呃基督教徒五大教区
Output Transcription: 岁的老金角度无道教区
Current error rate [cer] = 0.833333

Target Transcription: 最终只剩下罗马一个教区
Output Transcription: 最终只剩下罗马一个小去
Current error rate [cer] = 0.181818

Target Transcription: 那在呃主前三世纪的时候呢
Output Transcription: 那在主前三世纪的所获的
Current error rate [cer] = 0.333333

Target Transcription: 当时在亚历山大呢就居住着大批的犹太人
Output Transcription: 当时在教学上大的只居住着大批的流派人
Current error rate [cer] = 0.388889

Target Transcription: 他们是什么时候去的呢据学者们考察呢就认为啊他们是在主前六世纪当南国犹大
Output Transcription: 他们是什么说趣的的拒学整本考察的就任为了她不是在主前六世纪等南部有道
Current error rate [cer] = 0.457143

Target Transcription: 被掳巴比伦的时候
Output Transcription: 一主巴比伦的所
Current error rate [cer] = 0.500000

Target Transcription: 大批的犹太人逃亡
Output Transcription: 大批毒派人逃亡
Current error rate [cer] = 0.375000

Target Transcription: 就通过西乃半岛然后呢啊又北上啊
Output Transcription: 就通过新的奔跑然后了而又北上
Current error rate [cer] = 0.466667

Target Transcription: 到了亚历山大还有埃及的很多地方我们如果读耶利米书书呢就知到，连耶利米后来都被人哪带到埃及去
Output Transcription: 到了杨子山道爱姐和多地方我们如果读英美说的左受老年英美后来都被人的带到爱机去
Current error rate [cer] = 0.577778

Target Transcription: 那么到了主前三世纪呢就出现了一个情况
Output Transcription: 能到了主角三十岁的有出现了一个情况
Current error rate [cer] = 0.388889

Target Transcription: 就像我们今天的很多中国人的家庭的孩子到了美国啊到了加拿大到达澳大利亚到了西方
Output Transcription: 就像我们今天的很多中国人的家庭的孩子到了美国到了降得大道的澳大利亚到了西方
Current error rate [cer] = 0.131579

Target Transcription: 那么呢，他们呢渐渐就不再会讲中国话了一样
Output Transcription: 那么的他们的证件就不再会将中国化了一样
Current error rate [cer] = 0.350000

Target Transcription: 犹太人的历史当中呢也出现类似这个情况
Output Transcription: 油害人的律师法中也出现类似嘴的情况
Current error rate [cer] = 0.444444

Target Transcription: 那在主前三世纪大批的犹太人的新生的一代呢说希腊话
Output Transcription: 而在主角三世纪大批的有害人的先生一代所需老化
Current error rate [cer] = 0.458333

Target Transcription: 写希腊文
Output Transcription: 且期望文
Current error rate [cer] = 0.750000

Target Transcription: 不再会呀希伯来话希伯来文了
Output Transcription: 负债养是不来化是不来我玩了
Current error rate [cer] = 0.846154

Target Transcription: 所以当时的犹太拉比呢就非常的啊焦急他们就想这怎么办呢于是他们就想他报道一个很好的策略他们呢于是就派了人
Output Transcription: 水当所犹太拉比的就非常的焦急好就想做怎么巴奈与是他们就想的报道一个很好的策略他们的于是就派了人
Current error rate [cer] = 0.274510

Target Transcription: 去请求
Output Transcription: 其请求
Current error rate [cer] = 0.333333

Target Transcription: 当时的
Output Transcription: 当手段
Current error rate [cer] = 0.666667

Target Transcription: 托罗密二世这个王
Output Transcription: 拖了比尔十九王
Current error rate [cer] = 0.875000

Target Transcription: 跟他要求说能不能呃允许我们犹太人呐把我们希伯来文的圣经翻译成希腊文
Output Transcription: 分配要求说老等人系我们犹太人的宝宝我们是过来我的声经发育程吃老本的
Current error rate [cer] = 0.666667

Target Transcription: 供年轻的一代呀希腊化的犹太人呢来使用，
Output Transcription: 后年轻的一代希望好的犹太人的使用
Current error rate [cer] = 0.368421

Target Transcription: 那在当时啊亚历山大有一个全世界可以说最大的一个图书馆它的馆长
Output Transcription: 而在当时了要对香港有一个全世界很受最遇到的一个突出广告的管长
Current error rate [cer] = 0.533333

Target Transcription: 也帮助犹太人讲话结果呢
Output Transcription: 也帮助流派讲话结果的
Current error rate [cer] = 0.363636

Target Transcription: 托罗密二世呢就同意了
Output Transcription: 我们为二小的就同样
Current error rate [cer] = 0.700000

Target Transcription: 于是呢犹太人就派人那就回到呃
Output Transcription: 人生的有客人就派人们就回到了
Current error rate [cer] = 0.500000

Target Transcription: 祖居地回到以色列就从以色列呢请来据说是七十二位
Output Transcription: 组织地回到一个队就从以色列的请来据说索七十二位
Current error rate [cer] = 0.304348

Target Transcription: 呃拉比文士
Output Transcription: 而拉比文史
Current error rate [cer] = 0.400000

Target Transcription: 那这群文士拉比啊非常的厉害他们的希伯来文不用说了
Output Transcription: 老最求闻受拉里在一场的厉害好的新闻不用说了
Current error rate [cer] = 0.625000

Target Transcription: 呃希腊文呢也不用讲了都是好的无比于是这七十二个人呢
Output Transcription: 而七老本的也不用讲了都少好的比于是这七十二个人的
Current error rate [cer] = 0.320000

Target Transcription: 就到了亚历山大港以外在地中海当中很近的一个小岛这个小岛的名字呢叫法老岛在上面呢就进行啊希腊文圣经的这个翻译
Output Transcription: 就到了要对伤道长以外在兵中海港政府近的一个小岛这个小岛的名字的脚法老道在上面的就进行了新老文盛景的折翻译
Current error rate [cer] = 0.377358

Target Transcription: 据说呀他们就用了七十二天七十二人嘛就用了七十二天就把
Output Transcription: 据说他们就用七十二天七小人们就用了七十二天就八
Current error rate [cer] = 0.230769

Target Transcription: 我们现在手头上的这个旧约圣经翻译成希腊文了
Output Transcription: 我们现在手头上的这九月走进反一场泄漏了
Current error rate [cer] = 0.523810

Target Transcription: 那其实呢真正哦那七十二位拉比所翻译的呢还不仅仅是我们旧约圣经的呃三十九卷
Output Transcription: 和七车的真正那气从来回拉比所翻译的还不仅仅色我们就约定的了三十九件
Current error rate [cer] = 0.444444

Target Transcription: 而是还包括了其他别的一些没有被放在我们旧约正典正当中的一些书卷
Output Transcription: 而上海包括的起跑比对一些没有被放在就为重点帮助给些书据
Current error rate [cer] = 0.612903

Target Transcription: 那他们的工作呢非常的呃辛苦但是呢成效呢非常的卓著
Output Transcription: 到他们的工作的非法的而宣布二手的长效的非常的租住
Current error rate [cer] = 0.541667

Target Transcription: 那么其中呢
Output Transcription: 老去中的
Current error rate [cer] = 0.800000

Target Transcription: 这些
Output Transcription: 这些
Current error rate [cer] = 0.000000

Target Transcription: 拉比们所做的一件非常有意义的一件事呢就是把呀希腊文的这个圣经的
Output Transcription: 拉比们所做的一致非常有意义的你这是就是饱了施望文的最上阶段
Current error rate [cer] = 0.451613

Target Transcription: 呃圈名特别是摩西五经那么就改成现有的形式
Output Transcription: 而这名特别是母亲武金老就改从现有的消声
Current error rate [cer] = 0.550000

Target Transcription: 当创世纪叫创世纪的时候就不再使用起初而使用的那个创世纪呢啊
Output Transcription: 当创世纪就创世纪的所就不在是种企图而使用的那个创世巨的
Current error rate [cer] = 0.379310

Target Transcription: 那么实际上用的那个名字是创世纪第二章当中的那个天地万物的来历
Output Transcription: 那么所记上用的美的名字是超市对比二张帮助的那个偏币保物的老人力
Current error rate [cer] = 0.566667

Target Transcription: 本是这样那个来历那个字
Output Transcription: 我是这样为了来美的字
Current error rate [cer] = 0.545455

Target Transcription: 而不是第一章第一节的起初那个字
Output Transcription: 而不是比一张一觉的起中那个走
Current error rate [cer] = 0.400000

Target Transcription: 那当看到出埃及记的时候呢
Output Transcription: 老板看到出挨级句的走了
Current error rate [cer] = 0.666667

Target Transcription: 那这些拉比们呢就给了
Output Transcription: 而其最小拉比伴的就改了
Current error rate [cer] = 0.700000

Target Transcription: 呃这个这卷书呢不再叫这些名字而叫他呢
Output Transcription: 少了这个记者说了不再叫这些名字而叫他们
Current error rate [cer] = 0.388889

Target Transcription: 离开或者出走那我们大家都不懂的呃希腊文我们也就在这里呢就不提了但是呢懂得英文的人呢就知道呢呃英文出埃及记的名称
Output Transcription: 离开或者出走那我大家都不懂得希望文我也就在这里的就不贴了二什么懂得优化的人的就知道的而英文处而机器的名称
Current error rate [cer] = 0.345455

Target Transcription: 就读为
Output Transcription: 就读位
Current error rate [cer] = 0.333333

Target Transcription: Exodus
Output Transcription: 为这个词
Current error rate [cer] = 1.000000

Target Transcription: Exodus
Output Transcription: 被这个气
Current error rate [cer] = 1.000000

Target Transcription: 那这个英文的名字呢其实跟希腊文那个写法呢如果字母一换所呃一调换一相对这样一配
Output Transcription: 那这一个英文们的名字的起诉跟期望本来的写法了如果父母优惠性的也一一六化一向对着一配
Current error rate [cer] = 0.605263

Target Transcription: 那么呢就就发现呢非常非常的接近因为希腊文后来的拉丁文后来的英文
Output Transcription: 那么的祝福就好现在一想最好的借鉴也希望本后来的拉丁文后了的英文
Current error rate [cer] = 0.516129

Target Transcription: 包括后来的中文他的意涵都是
Output Transcription: 包括后者的中文他对一航都是
Current error rate [cer] = 0.307692

Target Transcription: 出走和离开的意思
Output Transcription: 出走和离开历史
Current error rate [cer] = 0.375000

Target Transcription: 那这个名字说起的啊我们说就非常的有领受然后有亮光
Output Transcription: 了这个女子所起的我们这就非一场的有受老有列国
Current error rate [cer] = 0.541667

Target Transcription: 非常的好
Output Transcription: 非从后
Current error rate [cer] = 0.750000

Target Transcription: 那么就是这个Exodus这个出走和离开的这个词呢等到后来当路加写路加福音的时候在路加福音的第九章三十一节那他就使用了
Output Transcription: 我就是这个被死的这个出走和离开的这个词了广告后来当入架小路家福音的手在某家居的对九张三事一见了他就使用了
Current error rate [cer] = 0.448276

Target Transcription: 呃希腊文七十子译本因为七十二个人所翻译这个呃译本呢叫做七十子译本就使用了出埃及这个出走这个卷名这个字
Output Transcription: 华希望文七十子一本有气壮个人所发育这个一本的叫做七十四子一本就是落了出二级这个出走一个这明着的字
Current error rate [cer] = 0.480000

Target Transcription: 那么呢
Output Transcription: 那么等
Current error rate [cer] = 0.333333

Target Transcription: 呃在
Output Transcription: 到了在于
Current error rate [cer] = 1.500000

Target Transcription: 路加福音的第九章啊啊实际上圣经当中有一段非常重要的就在描述啊啊耶稣基督呢带着彼得雅各约翰呢到变相山上就在荣耀的异象当中呢与摩西和以利亚说话
Output Transcription: 陆家费用的第九张了瓦松上送进网路一段非常重要的就在描述叶素之多的摆着彼得两个约翰的告别小山上就在荣耀一一向当中与模式和一个说话
Current error rate [cer] = 0.536232

Target Transcription: 在马太福音呢记载这一这一段了
Output Transcription: 在马太福音的计算机这一多的
Current error rate [cer] = 0.500000

Target Transcription: 这个情节了马可福音呢啊也有描述只不过呢我们会看见那路加福音所讲述的最为有意思
Output Transcription: 这个情景挖口福音的也有描述不过了我会看见玩家很有所讲述的作女为有意思
Current error rate [cer] = 0.421053

Target Transcription: 因为呢路加在描述的时候
Output Transcription: 也为了独家在由无数的小
Current error rate [cer] = 0.818182

Target Transcription: 据说路加的材料呢是来自于彼得的叙述
Output Transcription: 据说部胶的采用的受来之于给德的食性
Current error rate [cer] = 0.647059

Target Transcription: 彼得的全传授那么呢彼得就在看到异象的情况下呢就听到了
Output Transcription: 李的传授那么的比格就在看到意向的情况下的就偏到了
Current error rate [cer] = 0.384615

Target Transcription: 呃耶稣
Output Transcription: 而耶稣
Current error rate [cer] = 0.333333

Target Transcription: 正在跟
Output Transcription: 正改跟
Current error rate [cer] = 0.333333

Target Transcription: 摩西和以利亚谈一件事情谈什么呢中文圣经在谈呢说谈耶稣啊去世的事儿
Output Transcription: 模型和一对台捐事情还什么的中文首金在她的左团耶稣是四的上
Current error rate [cer] = 0.656250

Target Transcription: 耶稣去世的事儿但是其实呢在希伯来文在希腊为原文对不起在希腊原文
Output Transcription: 耶稣娶妻不上二是亲生的在其博文在新老美个不仅在需要为员们
Current error rate [cer] = 0.774194

Target Transcription: 圣将上市讲三个人在讲耶稣出走和离开的事儿
Output Transcription: 甚至团体四角三个人在讲也从出走和李衣开的上
Current error rate [cer] = 0.600000

Target Transcription: 哎
Output Transcription: 被
Current error rate [cer] = 1.000000

Target Transcription: 这是非常稀奇的那去世跟出走离开
Output Transcription: 这是非行兴奇的了去世本出走离开
Current error rate [cer] = 0.266667

Target Transcription: 有什么区别呢
Output Transcription: 有什么区别的
Current error rate [cer] = 0.166667

Target Transcription: 老弟兄姐妹如果我们接下去读了整卷的出埃及记你就知道了
Output Transcription: 把对小姐妹如果我们接下去读了找志愿地初而机进你就做到了
Current error rate [cer] = 0.500000

Target Transcription: 那出走和离开跟去世讲到耶稣的那个悲悲惨惨惨惨然后在十架上的那种流血的死它的味道是不完全一样的
Output Transcription: 老出走和离开而去世小月心的你的被奔采访赛场老在家上的那种优学的死他都不保致不这一样本
Current error rate [cer] = 0.608696

Target Transcription: 发现了吗
Output Transcription: 发现的动
Current error rate [cer] = 0.500000

Target Transcription: 为什么因为在出埃及记当中告诉我们神让他的仆人摩西荣耀的得胜的从埃及的啊
Output Transcription: 为手也会在出而积极当中告诉我们想让他的普着魔西龙耀的德寿从二级的亚
Current error rate [cer] = 0.514286

Target Transcription: 带着两三百万人口啊
Output Transcription: 戴着两三百万人口管
Current error rate [cer] = 0.222222

Target Transcription: 啊同胞啊就离开离开法老的辖制
Output Transcription: 同博就离开离开法老的小
Current error rate [cer] = 0.357143

Target Transcription: 那么实际上呢在新约的真理当中呢也让我们看见神的儿子主耶稣
Output Transcription: 老孙却少了在新月的的笔当中也让我们看见闪道而儿子主角送
Current error rate [cer] = 0.535714

Target Transcription: 我们新约的摩西啊属灵的摩西也是代表带领着千千万万数不过来的会众
Output Transcription: 我们诗歌的模式是零的魔亲也是代表带领着千全换过数不过来都会重
Current error rate [cer] = 0.451613

Target Transcription: 离开世界的王法老就是恶者的辖制
Output Transcription: 离开世界的王法老就是恶恶者的下面
Current error rate [cer] = 0.200000

Target Transcription: 所以啊
Output Transcription: 虽有
Current error rate [cer] = 1.000000

Target Transcription: 如果把九章路加福音九章三十一节那里的呃用字哦
Output Transcription: 如果宝九张路小平九张三是一阶的里的而用金
Current error rate [cer] = 0.545455

Target Transcription: 仅仅解释为去世来形容耶稣的死
Output Transcription: 仅仅解作为取胜了小容约束的死
Current error rate [cer] = 0.500000

Target Transcription: 而没有强调耶稣
Output Transcription: 而没有强调耶稣
Current error rate [cer] = 0.000000

Target Transcription: 借着他的死败坏掌死权的就是魔鬼而且把神的众名从死亡黑暗的权势当中带出来没有把这个意味把它讲出来或者中文把它翻出来的话呢我们就仍然会发现呢这就是翻译上的有限呃翻译上的局限因此我们就说呢呃用去世呃不如呢出走和离开
Output Transcription: 这不高的死败坏着所权的就是魔鬼而把三个著名从死亡黑暗的全是宝中爱出了没把这个一会把脚出来或者中文榜方传来话的我们仍然会发现这就了翻译上的有限发一方的局限也左之说的而用去世不如的出走和离开
Current error rate [cer] = 0.394231

Target Transcription: 所以呢愿大家在这里呢明白这个解释的重要
Output Transcription: 随着愿大家在这里的明白这个质本色的重要
Current error rate [cer] = 0.368421

Target Transcription: []
Output Transcription: 
Current error rate [cer] = 1.000000
