-----------  Configuration Arguments -----------
augment_conf_path: conf/augmentation.config
batch_size: 16
dev_manifest: data/aishell/manifest.dev
init_from_pretrained_model: ./checkpoints/aishell/step_final
is_local: 1
learning_rate: 0.0005
max_duration: 27.0
mean_std_path: data/aishell/mean_std.npz
min_duration: 0.0
num_conv_layers: 2
num_epoch: 10
num_iter_print: 100
num_rnn_layers: 3
num_samples: 120000
output_model_dir: ./checkpoints/aishell
rnn_layer_size: 1024
save_epoch: 1
share_rnn_weights: 0
shuffle_method: batch_shuffle_clipped
specgram_type: linear
test_off: 0
train_manifest: data/aishell/manifest.train
use_gpu: 1
use_gru: 1
use_sortagrad: 1
vocab_path: data/aishell/vocab.txt
------------------------------------------------
finish initing model from pretrained params from ./checkpoints/aishell/step_final
epoch: 0, batch: 0, train loss: 0.008762

epoch: 0, batch: 100, train loss: 1.098050

epoch: 0, batch: 200, train loss: 1.556043

epoch: 0, batch: 300, train loss: 0.618263

epoch: 0, batch: 400, train loss: 4.734206

epoch: 0, batch: 500, train loss: 1.843673

epoch: 0, batch: 600, train loss: 6.221780

epoch: 0, batch: 700, train loss: 7.692776

epoch: 0, batch: 800, train loss: 4.872285

epoch: 0, batch: 900, train loss: 5.619292


----------Begin test...
--------Time: 1156.136735 sec, epoch: 1, train loss: 3.426513, test loss: 10.900992
save parameters at ./checkpoints/aishell/epoch_1
epoch: 1, batch: 0, train loss: 6.116293

epoch: 1, batch: 100, train loss: 1.242309

epoch: 1, batch: 200, train loss: 0.727081

