-----------  Configuration Arguments -----------
alpha_from: 0.0
alpha_to: 10.0
batch_size: 256
beam_size: 500
beta_from: 0.0
beta_to: 10.0
cutoff_prob: 1.0
cutoff_top_n: 40
error_rate_type: cer
lang_model_path: models/lm/zhidao_giga.klm
mean_std_path: data/aishell/mean_std.npz
model_path: checkpoints/aishell/step_final
num_alphas: 20
num_batches: -1
num_betas: 20
num_conv_layers: 2
num_proc_bsearch: 12
num_rnn_layers: 3
rnn_layer_size: 1024
share_rnn_weights: 0
specgram_type: linear
trainer_count: 8
tune_manifest: data/Wang/16k/manifest.dev
use_gpu: 1
use_gru: 1
vocab_path: data/aishell/vocab.txt
------------------------------------------------
finish initing model from pretrained params from checkpoints/aishell/step_final
........................................................................................................................................................................................................
Batch 0 [226/?], current opt (alpha, beta) = (4.211, 10.000),  min [cer] = 0.428651

Final cer:

(alpha, beta) = (0.000, 0.000), [cer] = 0.534208
(alpha, beta) = (0.000, 0.526), [cer] = 0.535605
(alpha, beta) = (0.000, 1.053), [cer] = 0.536163
(alpha, beta) = (0.000, 1.579), [cer] = 0.537559
(alpha, beta) = (0.000, 2.105), [cer] = 0.539514
(alpha, beta) = (0.000, 2.632), [cer] = 0.542307
(alpha, beta) = (0.000, 3.158), [cer] = 0.544261
(alpha, beta) = (0.000, 3.684), [cer] = 0.549009
(alpha, beta) = (0.000, 4.211), [cer] = 0.553477
(alpha, beta) = (0.000, 4.737), [cer] = 0.558224
(alpha, beta) = (0.000, 5.263), [cer] = 0.562692
(alpha, beta) = (0.000, 5.789), [cer] = 0.565764
(alpha, beta) = (0.000, 6.316), [cer] = 0.573304
(alpha, beta) = (0.000, 6.842), [cer] = 0.580564
(alpha, beta) = (0.000, 7.368), [cer] = 0.585032
(alpha, beta) = (0.000, 7.895), [cer] = 0.591734
(alpha, beta) = (0.000, 8.421), [cer] = 0.602904
(alpha, beta) = (0.000, 8.947), [cer] = 0.612120
(alpha, beta) = (0.000, 9.474), [cer] = 0.621893
(alpha, beta) = (0.000, 10.000), [cer] = 0.634460
(alpha, beta) = (0.526, 0.000), [cer] = 0.512147
(alpha, beta) = (0.526, 0.526), [cer] = 0.510751
(alpha, beta) = (0.526, 1.053), [cer] = 0.510193
(alpha, beta) = (0.526, 1.579), [cer] = 0.510193
(alpha, beta) = (0.526, 2.105), [cer] = 0.509634
(alpha, beta) = (0.526, 2.632), [cer] = 0.511589
(alpha, beta) = (0.526, 3.158), [cer] = 0.515219
(alpha, beta) = (0.526, 3.684), [cer] = 0.516057
(alpha, beta) = (0.526, 4.211), [cer] = 0.518849
(alpha, beta) = (0.526, 4.737), [cer] = 0.521083
(alpha, beta) = (0.526, 5.263), [cer] = 0.523876
(alpha, beta) = (0.526, 5.789), [cer] = 0.528065
(alpha, beta) = (0.526, 6.316), [cer] = 0.530020
(alpha, beta) = (0.526, 6.842), [cer] = 0.538118
(alpha, beta) = (0.526, 7.368), [cer] = 0.541190
(alpha, beta) = (0.526, 7.895), [cer] = 0.543982
(alpha, beta) = (0.526, 8.421), [cer] = 0.551243
(alpha, beta) = (0.526, 8.947), [cer] = 0.556548
(alpha, beta) = (0.526, 9.474), [cer] = 0.564926
(alpha, beta) = (0.526, 10.000), [cer] = 0.573304
(alpha, beta) = (1.053, 0.000), [cer] = 0.492879
(alpha, beta) = (1.053, 0.526), [cer] = 0.491762
(alpha, beta) = (1.053, 1.053), [cer] = 0.490366
(alpha, beta) = (1.053, 1.579), [cer] = 0.491483
(alpha, beta) = (1.053, 2.105), [cer] = 0.490645
(alpha, beta) = (1.053, 2.632), [cer] = 0.490366
(alpha, beta) = (1.053, 3.158), [cer] = 0.489807
(alpha, beta) = (1.053, 3.684), [cer] = 0.490087
(alpha, beta) = (1.053, 4.211), [cer] = 0.488970
(alpha, beta) = (1.053, 4.737), [cer] = 0.491762
(alpha, beta) = (1.053, 5.263), [cer] = 0.494275
(alpha, beta) = (1.053, 5.789), [cer] = 0.498185
(alpha, beta) = (1.053, 6.316), [cer] = 0.499581
(alpha, beta) = (1.053, 6.842), [cer] = 0.504049
(alpha, beta) = (1.053, 7.368), [cer] = 0.506283
(alpha, beta) = (1.053, 7.895), [cer] = 0.509634
(alpha, beta) = (1.053, 8.421), [cer] = 0.512985
(alpha, beta) = (1.053, 8.947), [cer] = 0.516615
(alpha, beta) = (1.053, 9.474), [cer] = 0.519687
(alpha, beta) = (1.053, 10.000), [cer] = 0.526389
(alpha, beta) = (1.579, 0.000), [cer] = 0.474448
(alpha, beta) = (1.579, 0.526), [cer] = 0.475845
(alpha, beta) = (1.579, 1.053), [cer] = 0.475565
(alpha, beta) = (1.579, 1.579), [cer] = 0.475565
(alpha, beta) = (1.579, 2.105), [cer] = 0.473611
(alpha, beta) = (1.579, 2.632), [cer] = 0.471935
(alpha, beta) = (1.579, 3.158), [cer] = 0.471656
(alpha, beta) = (1.579, 3.684), [cer] = 0.471097
(alpha, beta) = (1.579, 4.211), [cer] = 0.470539
(alpha, beta) = (1.579, 4.737), [cer] = 0.469980
(alpha, beta) = (1.579, 5.263), [cer] = 0.472494
(alpha, beta) = (1.579, 5.789), [cer] = 0.473611
(alpha, beta) = (1.579, 6.316), [cer] = 0.474169
(alpha, beta) = (1.579, 6.842), [cer] = 0.473890
(alpha, beta) = (1.579, 7.368), [cer] = 0.477241
(alpha, beta) = (1.579, 7.895), [cer] = 0.481709
(alpha, beta) = (1.579, 8.421), [cer] = 0.486177
(alpha, beta) = (1.579, 8.947), [cer] = 0.488690
(alpha, beta) = (1.579, 9.474), [cer] = 0.491204
(alpha, beta) = (1.579, 10.000), [cer] = 0.495392
(alpha, beta) = (2.105, 0.000), [cer] = 0.466350
(alpha, beta) = (2.105, 0.526), [cer] = 0.463837
(alpha, beta) = (2.105, 1.053), [cer] = 0.462441
(alpha, beta) = (2.105, 1.579), [cer] = 0.462999
(alpha, beta) = (2.105, 2.105), [cer] = 0.462441
(alpha, beta) = (2.105, 2.632), [cer] = 0.457973
(alpha, beta) = (2.105, 3.158), [cer] = 0.458531
(alpha, beta) = (2.105, 3.684), [cer] = 0.457135
(alpha, beta) = (2.105, 4.211), [cer] = 0.455459
(alpha, beta) = (2.105, 4.737), [cer] = 0.456576
(alpha, beta) = (2.105, 5.263), [cer] = 0.455739
(alpha, beta) = (2.105, 5.789), [cer] = 0.457135
(alpha, beta) = (2.105, 6.316), [cer] = 0.456576
(alpha, beta) = (2.105, 6.842), [cer] = 0.457693
(alpha, beta) = (2.105, 7.368), [cer] = 0.458810
(alpha, beta) = (2.105, 7.895), [cer] = 0.462161
(alpha, beta) = (2.105, 8.421), [cer] = 0.464675
(alpha, beta) = (2.105, 8.947), [cer] = 0.468584
(alpha, beta) = (2.105, 9.474), [cer] = 0.471097
(alpha, beta) = (2.105, 10.000), [cer] = 0.476124
(alpha, beta) = (2.632, 0.000), [cer] = 0.464675
(alpha, beta) = (2.632, 0.526), [cer] = 0.459369
(alpha, beta) = (2.632, 1.053), [cer] = 0.459369
(alpha, beta) = (2.632, 1.579), [cer] = 0.455459
(alpha, beta) = (2.632, 2.105), [cer] = 0.453225
(alpha, beta) = (2.632, 2.632), [cer] = 0.452388
(alpha, beta) = (2.632, 3.158), [cer] = 0.450154
(alpha, beta) = (2.632, 3.684), [cer] = 0.449595
(alpha, beta) = (2.632, 4.211), [cer] = 0.448199
(alpha, beta) = (2.632, 4.737), [cer] = 0.446523
(alpha, beta) = (2.632, 5.263), [cer] = 0.445686
(alpha, beta) = (2.632, 5.789), [cer] = 0.444289
(alpha, beta) = (2.632, 6.316), [cer] = 0.446803
(alpha, beta) = (2.632, 6.842), [cer] = 0.448478
(alpha, beta) = (2.632, 7.368), [cer] = 0.447640
(alpha, beta) = (2.632, 7.895), [cer] = 0.449037
(alpha, beta) = (2.632, 8.421), [cer] = 0.452946
(alpha, beta) = (2.632, 8.947), [cer] = 0.454622
(alpha, beta) = (2.632, 9.474), [cer] = 0.457973
(alpha, beta) = (2.632, 10.000), [cer] = 0.460486
(alpha, beta) = (3.158, 0.000), [cer] = 0.460486
(alpha, beta) = (3.158, 0.526), [cer] = 0.454622
(alpha, beta) = (3.158, 1.053), [cer] = 0.448757
(alpha, beta) = (3.158, 1.579), [cer] = 0.448199
(alpha, beta) = (3.158, 2.105), [cer] = 0.442055
(alpha, beta) = (3.158, 2.632), [cer] = 0.440659
(alpha, beta) = (3.158, 3.158), [cer] = 0.439263
(alpha, beta) = (3.158, 3.684), [cer] = 0.438146
(alpha, beta) = (3.158, 4.211), [cer] = 0.438704
(alpha, beta) = (3.158, 4.737), [cer] = 0.436750
(alpha, beta) = (3.158, 5.263), [cer] = 0.438146
(alpha, beta) = (3.158, 5.789), [cer] = 0.438146
(alpha, beta) = (3.158, 6.316), [cer] = 0.437587
(alpha, beta) = (3.158, 6.842), [cer] = 0.436191
(alpha, beta) = (3.158, 7.368), [cer] = 0.436470
(alpha, beta) = (3.158, 7.895), [cer] = 0.438425
(alpha, beta) = (3.158, 8.421), [cer] = 0.438425
(alpha, beta) = (3.158, 8.947), [cer] = 0.437308
(alpha, beta) = (3.158, 9.474), [cer] = 0.439542
(alpha, beta) = (3.158, 10.000), [cer] = 0.440938
(alpha, beta) = (3.684, 0.000), [cer] = 0.464395
(alpha, beta) = (3.684, 0.526), [cer] = 0.458252
(alpha, beta) = (3.684, 1.053), [cer] = 0.455180
(alpha, beta) = (3.684, 1.579), [cer] = 0.451550
(alpha, beta) = (3.684, 2.105), [cer] = 0.445406
(alpha, beta) = (3.684, 2.632), [cer] = 0.443452
(alpha, beta) = (3.684, 3.158), [cer] = 0.440380
(alpha, beta) = (3.684, 3.684), [cer] = 0.437587
(alpha, beta) = (3.684, 4.211), [cer] = 0.436750
(alpha, beta) = (3.684, 4.737), [cer] = 0.435912
(alpha, beta) = (3.684, 5.263), [cer] = 0.434795
(alpha, beta) = (3.684, 5.789), [cer] = 0.433119
(alpha, beta) = (3.684, 6.316), [cer] = 0.433678
(alpha, beta) = (3.684, 6.842), [cer] = 0.435353
(alpha, beta) = (3.684, 7.368), [cer] = 0.433678
(alpha, beta) = (3.684, 7.895), [cer] = 0.432840
(alpha, beta) = (3.684, 8.421), [cer] = 0.432840
(alpha, beta) = (3.684, 8.947), [cer] = 0.432002
(alpha, beta) = (3.684, 9.474), [cer] = 0.429768
(alpha, beta) = (3.684, 10.000), [cer] = 0.432281
(alpha, beta) = (4.211, 0.000), [cer] = 0.469143
(alpha, beta) = (4.211, 0.526), [cer] = 0.465233
(alpha, beta) = (4.211, 1.053), [cer] = 0.460486
(alpha, beta) = (4.211, 1.579), [cer] = 0.455459
(alpha, beta) = (4.211, 2.105), [cer] = 0.450433
(alpha, beta) = (4.211, 2.632), [cer] = 0.442614
(alpha, beta) = (4.211, 3.158), [cer] = 0.440659
(alpha, beta) = (4.211, 3.684), [cer] = 0.438425
(alpha, beta) = (4.211, 4.211), [cer] = 0.435633
(alpha, beta) = (4.211, 4.737), [cer] = 0.434236
(alpha, beta) = (4.211, 5.263), [cer] = 0.436750
(alpha, beta) = (4.211, 5.789), [cer] = 0.435353
(alpha, beta) = (4.211, 6.316), [cer] = 0.436191
(alpha, beta) = (4.211, 6.842), [cer] = 0.434795
(alpha, beta) = (4.211, 7.368), [cer] = 0.433678
(alpha, beta) = (4.211, 7.895), [cer] = 0.431164
(alpha, beta) = (4.211, 8.421), [cer] = 0.430327
(alpha, beta) = (4.211, 8.947), [cer] = 0.431444
(alpha, beta) = (4.211, 9.474), [cer] = 0.429210
(alpha, beta) = (4.211, 10.000), [cer] = 0.428651
(alpha, beta) = (4.737, 0.000), [cer] = 0.486736
(alpha, beta) = (4.737, 0.526), [cer] = 0.474448
(alpha, beta) = (4.737, 1.053), [cer] = 0.468584
(alpha, beta) = (4.737, 1.579), [cer] = 0.464116
(alpha, beta) = (4.737, 2.105), [cer] = 0.460486
(alpha, beta) = (4.737, 2.632), [cer] = 0.456018
(alpha, beta) = (4.737, 3.158), [cer] = 0.450712
(alpha, beta) = (4.737, 3.684), [cer] = 0.447361
(alpha, beta) = (4.737, 4.211), [cer] = 0.445127
(alpha, beta) = (4.737, 4.737), [cer] = 0.441218
(alpha, beta) = (4.737, 5.263), [cer] = 0.437029
(alpha, beta) = (4.737, 5.789), [cer] = 0.438984
(alpha, beta) = (4.737, 6.316), [cer] = 0.437587
(alpha, beta) = (4.737, 6.842), [cer] = 0.436191
(alpha, beta) = (4.737, 7.368), [cer] = 0.434515
(alpha, beta) = (4.737, 7.895), [cer] = 0.434795
(alpha, beta) = (4.737, 8.421), [cer] = 0.433678
(alpha, beta) = (4.737, 8.947), [cer] = 0.431444
(alpha, beta) = (4.737, 9.474), [cer] = 0.434236
(alpha, beta) = (4.737, 10.000), [cer] = 0.434795
(alpha, beta) = (5.263, 0.000), [cer] = 0.503211
(alpha, beta) = (5.263, 0.526), [cer] = 0.490645
(alpha, beta) = (5.263, 1.053), [cer] = 0.480871
(alpha, beta) = (5.263, 1.579), [cer] = 0.476682
(alpha, beta) = (5.263, 2.105), [cer] = 0.470818
(alpha, beta) = (5.263, 2.632), [cer] = 0.461603
(alpha, beta) = (5.263, 3.158), [cer] = 0.458252
(alpha, beta) = (5.263, 3.684), [cer] = 0.449595
(alpha, beta) = (5.263, 4.211), [cer] = 0.447640
(alpha, beta) = (5.263, 4.737), [cer] = 0.445127
(alpha, beta) = (5.263, 5.263), [cer] = 0.440101
(alpha, beta) = (5.263, 5.789), [cer] = 0.444010
(alpha, beta) = (5.263, 6.316), [cer] = 0.444569
(alpha, beta) = (5.263, 6.842), [cer] = 0.439263
(alpha, beta) = (5.263, 7.368), [cer] = 0.439542
(alpha, beta) = (5.263, 7.895), [cer] = 0.439263
(alpha, beta) = (5.263, 8.421), [cer] = 0.434515
(alpha, beta) = (5.263, 8.947), [cer] = 0.436470
(alpha, beta) = (5.263, 9.474), [cer] = 0.437867
(alpha, beta) = (5.263, 10.000), [cer] = 0.435912
(alpha, beta) = (5.789, 0.000), [cer] = 0.517453
(alpha, beta) = (5.789, 0.526), [cer] = 0.508796
(alpha, beta) = (5.789, 1.053), [cer] = 0.499302
(alpha, beta) = (5.789, 1.579), [cer] = 0.493717
(alpha, beta) = (5.789, 2.105), [cer] = 0.483105
(alpha, beta) = (5.789, 2.632), [cer] = 0.475565
(alpha, beta) = (5.789, 3.158), [cer] = 0.466629
(alpha, beta) = (5.789, 3.684), [cer] = 0.458252
(alpha, beta) = (5.789, 4.211), [cer] = 0.459369
(alpha, beta) = (5.789, 4.737), [cer] = 0.449316
(alpha, beta) = (5.789, 5.263), [cer] = 0.445965
(alpha, beta) = (5.789, 5.789), [cer] = 0.440101
(alpha, beta) = (5.789, 6.316), [cer] = 0.440101
(alpha, beta) = (5.789, 6.842), [cer] = 0.438425
(alpha, beta) = (5.789, 7.368), [cer] = 0.437867
(alpha, beta) = (5.789, 7.895), [cer] = 0.437308
(alpha, beta) = (5.789, 8.421), [cer] = 0.439542
(alpha, beta) = (5.789, 8.947), [cer] = 0.438425
(alpha, beta) = (5.789, 9.474), [cer] = 0.437308
(alpha, beta) = (5.789, 10.000), [cer] = 0.437867
(alpha, beta) = (6.316, 0.000), [cer] = 0.531974
(alpha, beta) = (6.316, 0.526), [cer] = 0.526110
(alpha, beta) = (6.316, 1.053), [cer] = 0.516615
(alpha, beta) = (6.316, 1.579), [cer] = 0.506004
(alpha, beta) = (6.316, 2.105), [cer] = 0.501815
(alpha, beta) = (6.316, 2.632), [cer] = 0.492041
(alpha, beta) = (6.316, 3.158), [cer] = 0.482547
(alpha, beta) = (6.316, 3.684), [cer] = 0.474448
(alpha, beta) = (6.316, 4.211), [cer] = 0.469143
(alpha, beta) = (6.316, 4.737), [cer] = 0.461882
(alpha, beta) = (6.316, 5.263), [cer] = 0.455739
(alpha, beta) = (6.316, 5.789), [cer] = 0.452667
(alpha, beta) = (6.316, 6.316), [cer] = 0.451829
(alpha, beta) = (6.316, 6.842), [cer] = 0.449316
(alpha, beta) = (6.316, 7.368), [cer] = 0.442335
(alpha, beta) = (6.316, 7.895), [cer] = 0.441776
(alpha, beta) = (6.316, 8.421), [cer] = 0.442055
(alpha, beta) = (6.316, 8.947), [cer] = 0.438425
(alpha, beta) = (6.316, 9.474), [cer] = 0.439542
(alpha, beta) = (6.316, 10.000), [cer] = 0.439542
(alpha, beta) = (6.842, 0.000), [cer] = 0.550126
(alpha, beta) = (6.842, 0.526), [cer] = 0.540631
(alpha, beta) = (6.842, 1.053), [cer] = 0.528903
(alpha, beta) = (6.842, 1.579), [cer] = 0.522480
(alpha, beta) = (6.842, 2.105), [cer] = 0.512427
(alpha, beta) = (6.842, 2.632), [cer] = 0.504608
(alpha, beta) = (6.842, 3.158), [cer] = 0.499581
(alpha, beta) = (6.842, 3.684), [cer] = 0.492879
(alpha, beta) = (6.842, 4.211), [cer] = 0.478358
(alpha, beta) = (6.842, 4.737), [cer] = 0.475565
(alpha, beta) = (6.842, 5.263), [cer] = 0.473052
(alpha, beta) = (6.842, 5.789), [cer] = 0.465792
(alpha, beta) = (6.842, 6.316), [cer] = 0.462441
(alpha, beta) = (6.842, 6.842), [cer] = 0.459648
(alpha, beta) = (6.842, 7.368), [cer] = 0.455180
(alpha, beta) = (6.842, 7.895), [cer] = 0.451271
(alpha, beta) = (6.842, 8.421), [cer] = 0.447361
(alpha, beta) = (6.842, 8.947), [cer] = 0.443172
(alpha, beta) = (6.842, 9.474), [cer] = 0.443452
(alpha, beta) = (6.842, 10.000), [cer] = 0.441776
(alpha, beta) = (7.368, 0.000), [cer] = 0.568277
(alpha, beta) = (7.368, 0.526), [cer] = 0.555431
(alpha, beta) = (7.368, 1.053), [cer] = 0.544261
(alpha, beta) = (7.368, 1.579), [cer] = 0.537001
(alpha, beta) = (7.368, 2.105), [cer] = 0.529461
(alpha, beta) = (7.368, 2.632), [cer] = 0.523318
(alpha, beta) = (7.368, 3.158), [cer] = 0.510751
(alpha, beta) = (7.368, 3.684), [cer] = 0.504049
(alpha, beta) = (7.368, 4.211), [cer] = 0.497626
(alpha, beta) = (7.368, 4.737), [cer] = 0.490087
(alpha, beta) = (7.368, 5.263), [cer] = 0.480871
(alpha, beta) = (7.368, 5.789), [cer] = 0.478917
(alpha, beta) = (7.368, 6.316), [cer] = 0.475565
(alpha, beta) = (7.368, 6.842), [cer] = 0.473890
(alpha, beta) = (7.368, 7.368), [cer] = 0.466909
(alpha, beta) = (7.368, 7.895), [cer] = 0.464954
(alpha, beta) = (7.368, 8.421), [cer] = 0.461044
(alpha, beta) = (7.368, 8.947), [cer] = 0.454622
(alpha, beta) = (7.368, 9.474), [cer] = 0.453784
(alpha, beta) = (7.368, 10.000), [cer] = 0.451829
(alpha, beta) = (7.895, 0.000), [cer] = 0.590338
(alpha, beta) = (7.895, 0.526), [cer] = 0.575258
(alpha, beta) = (7.895, 1.053), [cer] = 0.562692
(alpha, beta) = (7.895, 1.579), [cer] = 0.552918
(alpha, beta) = (7.895, 2.105), [cer] = 0.541190
(alpha, beta) = (7.895, 2.632), [cer] = 0.533650
(alpha, beta) = (7.895, 3.158), [cer] = 0.525831
(alpha, beta) = (7.895, 3.684), [cer] = 0.522201
(alpha, beta) = (7.895, 4.211), [cer] = 0.512147
(alpha, beta) = (7.895, 4.737), [cer] = 0.506004
(alpha, beta) = (7.895, 5.263), [cer] = 0.494555
(alpha, beta) = (7.895, 5.789), [cer] = 0.491204
(alpha, beta) = (7.895, 6.316), [cer] = 0.482547
(alpha, beta) = (7.895, 6.842), [cer] = 0.481151
(alpha, beta) = (7.895, 7.368), [cer] = 0.478358
(alpha, beta) = (7.895, 7.895), [cer] = 0.475565
(alpha, beta) = (7.895, 8.421), [cer] = 0.472773
(alpha, beta) = (7.895, 8.947), [cer] = 0.467467
(alpha, beta) = (7.895, 9.474), [cer] = 0.464675
(alpha, beta) = (7.895, 10.000), [cer] = 0.461044
(alpha, beta) = (8.421, 0.000), [cer] = 0.604580
(alpha, beta) = (8.421, 0.526), [cer] = 0.597878
(alpha, beta) = (8.421, 1.053), [cer] = 0.588383
(alpha, beta) = (8.421, 1.579), [cer] = 0.577492
(alpha, beta) = (8.421, 2.105), [cer] = 0.564088
(alpha, beta) = (8.421, 2.632), [cer] = 0.554035
(alpha, beta) = (8.421, 3.158), [cer] = 0.545099
(alpha, beta) = (8.421, 3.684), [cer] = 0.532812
(alpha, beta) = (8.421, 4.211), [cer] = 0.526110
(alpha, beta) = (8.421, 4.737), [cer] = 0.520246
(alpha, beta) = (8.421, 5.263), [cer] = 0.509913
(alpha, beta) = (8.421, 5.789), [cer] = 0.505725
(alpha, beta) = (8.421, 6.316), [cer] = 0.499581
(alpha, beta) = (8.421, 6.842), [cer] = 0.494555
(alpha, beta) = (8.421, 7.368), [cer] = 0.486456
(alpha, beta) = (8.421, 7.895), [cer] = 0.481151
(alpha, beta) = (8.421, 8.421), [cer] = 0.476962
(alpha, beta) = (8.421, 8.947), [cer] = 0.476124
(alpha, beta) = (8.421, 9.474), [cer] = 0.473052
(alpha, beta) = (8.421, 10.000), [cer] = 0.469980
(alpha, beta) = (8.947, 0.000), [cer] = 0.634739
(alpha, beta) = (8.947, 0.526), [cer] = 0.621335
(alpha, beta) = (8.947, 1.053), [cer] = 0.609327
(alpha, beta) = (8.947, 1.579), [cer] = 0.599832
(alpha, beta) = (8.947, 2.105), [cer] = 0.584194
(alpha, beta) = (8.947, 2.632), [cer] = 0.573304
(alpha, beta) = (8.947, 3.158), [cer] = 0.564926
(alpha, beta) = (8.947, 3.684), [cer] = 0.553756
(alpha, beta) = (8.947, 4.211), [cer] = 0.545937
(alpha, beta) = (8.947, 4.737), [cer] = 0.535046
(alpha, beta) = (8.947, 5.263), [cer] = 0.524155
(alpha, beta) = (8.947, 5.789), [cer] = 0.517174
(alpha, beta) = (8.947, 6.316), [cer] = 0.510472
(alpha, beta) = (8.947, 6.842), [cer] = 0.509355
(alpha, beta) = (8.947, 7.368), [cer] = 0.499581
(alpha, beta) = (8.947, 7.895), [cer] = 0.497626
(alpha, beta) = (8.947, 8.421), [cer] = 0.495672
(alpha, beta) = (8.947, 8.947), [cer] = 0.485619
(alpha, beta) = (8.947, 9.474), [cer] = 0.483385
(alpha, beta) = (8.947, 10.000), [cer] = 0.481988
(alpha, beta) = (9.474, 0.000), [cer] = 0.654566
(alpha, beta) = (9.474, 0.526), [cer] = 0.641162
(alpha, beta) = (9.474, 1.053), [cer] = 0.631109
(alpha, beta) = (9.474, 1.579), [cer] = 0.616867
(alpha, beta) = (9.474, 2.105), [cer] = 0.610165
(alpha, beta) = (9.474, 2.632), [cer] = 0.595364
(alpha, beta) = (9.474, 3.158), [cer] = 0.587266
(alpha, beta) = (9.474, 3.684), [cer] = 0.575817
(alpha, beta) = (9.474, 4.211), [cer] = 0.564367
(alpha, beta) = (9.474, 4.737), [cer] = 0.554314
(alpha, beta) = (9.474, 5.263), [cer] = 0.545937
(alpha, beta) = (9.474, 5.789), [cer] = 0.533929
(alpha, beta) = (9.474, 6.316), [cer] = 0.520525
(alpha, beta) = (9.474, 6.842), [cer] = 0.517453
(alpha, beta) = (9.474, 7.368), [cer] = 0.511868
(alpha, beta) = (9.474, 7.895), [cer] = 0.509076
(alpha, beta) = (9.474, 8.421), [cer] = 0.500140
(alpha, beta) = (9.474, 8.947), [cer] = 0.499023
(alpha, beta) = (9.474, 9.474), [cer] = 0.492041
(alpha, beta) = (9.474, 10.000), [cer] = 0.487015
(alpha, beta) = (10.000, 0.000), [cer] = 0.671042
(alpha, beta) = (10.000, 0.526), [cer] = 0.662385
(alpha, beta) = (10.000, 1.053), [cer] = 0.649260
(alpha, beta) = (10.000, 1.579), [cer] = 0.635018
(alpha, beta) = (10.000, 2.105), [cer] = 0.628316
(alpha, beta) = (10.000, 2.632), [cer] = 0.616308
(alpha, beta) = (10.000, 3.158), [cer] = 0.604021
(alpha, beta) = (10.000, 3.684), [cer] = 0.594806
(alpha, beta) = (10.000, 4.211), [cer] = 0.584474
(alpha, beta) = (10.000, 4.737), [cer] = 0.573862
(alpha, beta) = (10.000, 5.263), [cer] = 0.566602
(alpha, beta) = (10.000, 5.789), [cer] = 0.552080
(alpha, beta) = (10.000, 6.316), [cer] = 0.545378
(alpha, beta) = (10.000, 6.842), [cer] = 0.537280
(alpha, beta) = (10.000, 7.368), [cer] = 0.523038
(alpha, beta) = (10.000, 7.895), [cer] = 0.518012
(alpha, beta) = (10.000, 8.421), [cer] = 0.515778
(alpha, beta) = (10.000, 8.947), [cer] = 0.509913
(alpha, beta) = (10.000, 9.474), [cer] = 0.507400
(alpha, beta) = (10.000, 10.000), [cer] = 0.501536

Finish tuning on 1 batches, final opt (alpha, beta) = (4.211, 10.000)
