-----------  Configuration Arguments -----------
alpha: 10.0
beam_size: 300
beta: 10.0
cutoff_prob: 0.99
cutoff_top_n: 40
decoding_method: ctc_beam_search
error_rate_type: cer
infer_manifest: data/Wang/16k/manifest.dev
lang_model_path: models/lm/zhidao_giga.klm
mean_std_path: data/aishell2/mean_std.npz
model_path: checkpoints/aishell2-C3R71024/step_final
num_conv_layers: 3
num_proc_bsearch: 8
num_rnn_layers: 7
num_samples: 226
rnn_layer_size: 1024
share_rnn_weights: 0
specgram_type: linear
use_gpu: 1
use_gru: 1
vocab_path: data/aishell2/vocab.txt
------------------------------------------------
finish initing model from pretrained params from checkpoints/aishell2-C3R71024/step_final

Target Transcription: 各位亲爱的弟兄姐妹大家好从今天呃这一讲开始我们会连着
Output Transcription: 从天地球就会大叫好从今天的这将开始我们会忍折
Current error rate [cer] = 0.576923

Target Transcription: 呃有四十讲来讲出埃及记
Output Transcription: 有四十架再将出卖基金
Current error rate [cer] = 0.636364

Target Transcription: 出埃及记是整本我们的圣经的第二卷
Output Transcription: 出来机器是成本我们的圣经的第二期
Current error rate [cer] = 0.312500

Target Transcription: 是非常重要的一卷
Output Transcription: 是非常重要的战
Current error rate [cer] = 0.250000

Target Transcription: 当我们讲到呃头一卷也就是第一卷创世纪的时候我们曾经啊讲过他的主题思想
Output Transcription: 当我们讲到头一圈也就是第一卷创世纪的时候我们曾经得讲过他的主题思想
Current error rate [cer] = 0.088235

Target Transcription: 我们说在创世纪当中呢是
Output Transcription: 我们是在创世纪中的时
Current error rate [cer] = 0.363636

Target Transcription: 讲到神伟大的主权
Output Transcription: 讲到神鬼道的主权
Current error rate [cer] = 0.250000

Target Transcription: 还有呢就是讲明了宇宙外有
Output Transcription: 还有的就是讲明了宇洲报业
Current error rate [cer] = 0.333333

Target Transcription: 天地人类社会各个方面的一些事物的来历
Output Transcription: 天地人类社会各个方面的一些事物的能力
Current error rate [cer] = 0.111111

Target Transcription: 那么呢从
Output Transcription: 那么从
Current error rate [cer] = 0.250000

Target Transcription: 来历到神的主权
Output Transcription: 马丽到神的主权
Current error rate [cer] = 0.285714

Target Transcription: 从这两个角度当你在读创世纪的时候
Output Transcription: 从这两个角度当你在都城司机的时候
Current error rate [cer] = 0.250000

Target Transcription: 我们说你就可以啊
Output Transcription: 我们说你就可以
Current error rate [cer] = 0.125000

Target Transcription: 哦得到非常美好的开启
Output Transcription: 得到非常美好的开启
Current error rate [cer] = 0.100000

Target Transcription: 就可以屡出一条真理的线络
Output Transcription: 就可以出一条甄理的泄落
Current error rate [cer] = 0.333333

Target Transcription: 呃读的时候呢就比较清晰
Output Transcription: 读的时候的就比较清晰
Current error rate [cer] = 0.181818

Target Transcription: 那当我们在读出埃及记的时候
Output Transcription: 要等我们再读出埃GG的时候
Current error rate [cer] = 0.384615

Target Transcription: 我们也会按照像读创世纪一样
Output Transcription: 我们也会按照像读创世纪一样
Current error rate [cer] = 0.000000

Target Transcription: 我们将会对每一章
Output Transcription: 我们将会对每一章
Current error rate [cer] = 0.000000

Target Transcription: 啊它的分段还有他的一些重要情节
Output Transcription: 他的分段还有他的一些重要情节
Current error rate [cer] = 0.133333

Target Transcription: 啊都会进行一点分析和描述
Output Transcription: 大都会进行一点分析和描述
Current error rate [cer] = 0.083333

Target Transcription: 呃理清楚一些细节的他的次序
Output Transcription: 力清除一些细觉得他的词曲
Current error rate [cer] = 0.538462

Target Transcription: 那么再有呢我们会啊也会顺便讲到一些
Output Transcription: 那么这有了我们会也会顺便讲究一些
Current error rate [cer] = 0.235294

Target Transcription: 有时候难以理解的一些重要词汇
Output Transcription: 有时候拿自已理解了一些重要词汇
Current error rate [cer] = 0.285714

Target Transcription: 还有呢在这一章当中啊
Output Transcription: 还有的在这一张当中了
Current error rate [cer] = 0.300000

Target Transcription: 啊有些真理的要义它究竟是什么
Output Transcription: 而有些这理的要义它就竟是什么
Current error rate [cer] = 0.214286

Target Transcription: 那么另外呢我们也会
Output Transcription: 那么另外的国会
Current error rate [cer] = 0.444444

Target Transcription: 谈到关于啊
Output Transcription: 传统过于
Current error rate [cer] = 0.800000

Target Transcription: 呃就是一章古老的经文
Output Transcription: 就是一张古老的惊人
Current error rate [cer] = 0.400000

Target Transcription: 在今天神的儿女的生命当中将会起到怎样的应用的作用
Output Transcription: 在今天神的儿女的生命当中将会起到怎样的应用中的作用
Current error rate [cer] = 0.041667

Target Transcription: 那于创世纪呃不同的呢
Output Transcription: 那与传世纪不同的呢
Current error rate [cer] = 0.300000

Target Transcription: 就是我们将会
Output Transcription: 就是我们将会
Current error rate [cer] = 0.000000

Target Transcription: 呃增加一个
Output Transcription: 而增加一个
Current error rate [cer] = 0.200000

Target Transcription: 啊一个环节
Output Transcription: 把一个环节
Current error rate [cer] = 0.200000

Target Transcription: 就是由我来特别的跟你们选一节
Output Transcription: 这是由我本特别对流血一直
Current error rate [cer] = 0.571429

Target Transcription: 这一章当中的钥句
Output Transcription: 这一张当中的药具
Current error rate [cer] = 0.375000

Target Transcription: 那么大家呢就可以结合这个钥句呢来看
Output Transcription: 那么大家的就可以借这个药具来看
Current error rate [cer] = 0.352941

Target Transcription: 啊整一章的圣经
Output Transcription: 整一张的圣经
Current error rate [cer] = 0.285714

Target Transcription: 因为这个钥句呢得要是钥匙的钥通常在一章圣经当中
Output Transcription: 因为这个药剂的的药是药师的药通常在一张甚至当中
Current error rate [cer] = 0.478261

Target Transcription: 有一节圣经
Output Transcription: 有一只圣经
Current error rate [cer] = 0.200000

Target Transcription: 就像钥匙一样
Output Transcription: 就像要是一样
Current error rate [cer] = 0.333333

Target Transcription: 能为我们开启
Output Transcription: 能为我们开启
Current error rate [cer] = 0.000000

Target Transcription: 整章圣经啊他的真理
Output Transcription: 等圣经特的真理
Current error rate [cer] = 0.444444

Target Transcription: 那如果创世纪他的书中的主题是论道神伟大的主权还有是论道一切的开始
Output Transcription: 那如果创世界他的书中的主题是论到神伟大的主权还有胜论到一切的开始
Current error rate [cer] = 0.125000

Target Transcription: 那当你读到出埃及记的时候我们说它的主题思想将是什么呢
Output Transcription: 那当你独到出埃及具的时候我们说他的主题思想将是什么呢
Current error rate [cer] = 0.115385

Target Transcription: 那出埃及记啊
Output Transcription: 拿出ATT
Current error rate [cer] = 0.833333

Target Transcription: 我们说它的主题思想呢
Output Transcription: 我们说他的主题思想的
Current error rate [cer] = 0.200000

Target Transcription: 是论道神伟大救赎的工作
Output Transcription: 是轮到身为大救赎的工作
Current error rate [cer] = 0.363636

Target Transcription: 神伟大救赎的工作
Output Transcription: 是伟大就熟的工作
Current error rate [cer] = 0.375000

Target Transcription: 你在出埃及记当中
Output Transcription: 你在出机系统中
Current error rate [cer] = 0.500000

Target Transcription: 将会看见神极其荣耀的那个工作的那个方式
Output Transcription: 就会看着生计区荣耀了工作的方式
Current error rate [cer] = 0.526316

Target Transcription: 而且如果你跟
Output Transcription: 而且如果你跟
Current error rate [cer] = 0.000000

Target Transcription: 创世纪对比的话
Output Transcription: 创世进行对比的话
Current error rate [cer] = 0.285714

Target Transcription: 呃会令你特别的敬畏
Output Transcription: 不会令你特别的机会
Current error rate [cer] = 0.333333

Target Transcription: 啊惊奇啊惊讶
Output Transcription: 惊起了惊讶
Current error rate [cer] = 0.500000

Target Transcription: 神是非常奇妙用荣耀的可以说是超然的入侵到
Output Transcription: 审是非常奇妙用荣耀的配说是超然的入侵的
Current error rate [cer] = 0.200000

Target Transcription: 呃我们使用一个词叫入侵或者进入人类历史的时空当中
Output Transcription: 让我们使女所教入侵或者进入人类历史的失控当中
Current error rate [cer] = 0.333333

Target Transcription: 来展现出他伟大的救赎的工作
Output Transcription: 来展现出味道的救赎的工作
Current error rate [cer] = 0.230769

Target Transcription: 他救赎谁呢
Output Transcription: 他们救出谁呢
Current error rate [cer] = 0.400000

Target Transcription: 他要救赎亚伯拉罕以撒雅各的后裔
Output Transcription: 这就是雅涵以上雅克的后裔
Current error rate [cer] = 0.666667

Target Transcription: 那么呢在
Output Transcription: 要不同在于
Current error rate [cer] = 1.000000

Target Transcription: 出埃及记啊
Output Transcription: 出埃及记
Current error rate [cer] = 0.200000

Target Transcription: 呃这本书
Output Transcription: 而这本书
Current error rate [cer] = 0.250000

Target Transcription: 他在最
Output Transcription: 他们在这
Current error rate [cer] = 0.666667

Target Transcription: 最开始在以色列人当中被抄入的时候呢
Output Transcription: 最开始在一次当中被超过的时候呢
Current error rate [cer] = 0.352941

Target Transcription: 原来出埃及记和原来的创世纪呢其实都有一个情况
Output Transcription: 原来出耳机器和全世界其实都有一个情况
Current error rate [cer] = 0.409091

Target Transcription: 那就是
Output Transcription: 建设
Current error rate [cer] = 1.000000

Target Transcription: 他们的原来的卷名呢不像今天这样
Output Transcription: 他们的原来最名的不像今天这样
Current error rate [cer] = 0.200000

Target Transcription: 叫创世纪叫出埃及记
Output Transcription: 九创世纪交出AGG
Current error rate [cer] = 0.555556

Target Transcription: 由于古代以色列人呢他们是用羊皮纸卷用卷轴的方式
Output Transcription: 有于股的以色列人的他们是用羊皮只愿用卷轴的方式
Current error rate [cer] = 0.260870

Target Transcription: 来抄写圣经
Output Transcription: 来潮袭圣经
Current error rate [cer] = 0.400000

Target Transcription: 而希伯来文呢是从右往左来读的
Output Transcription: 而西布拉文的是从右往左来读的
Current error rate [cer] = 0.285714

Target Transcription: 是横着来哎来书写的
Output Transcription: 是杭州来书写的
Current error rate [cer] = 0.444444

Target Transcription: 所以每当啊古代的他们的
Output Transcription: 每当马古代的他们得
Current error rate [cer] = 0.363636

Target Transcription: 羊皮纸卷他们圣经的书卷一旦被展开的时候呢
Output Transcription: 两批直觉他们圣经的书卷已被展开的是活门
Current error rate [cer] = 0.450000

Target Transcription: 他们要从右往左读
Output Transcription: 他们从右往左
Current error rate [cer] = 0.250000

Target Transcription: 那么呢
Output Transcription: 那么多
Current error rate [cer] = 0.333333

Target Transcription: 往往就在一卷书它的第一章第一节的第一个字
Output Transcription: 往往就在一传说他的第一张第一季的第一个字
Current error rate [cer] = 0.250000

Target Transcription: 就会作为啊这卷书他的名字
Output Transcription: 就会作为书的名字
Current error rate [cer] = 0.333333

Target Transcription: 那其实呢呃当在创世纪当中你就可以读到啊他的名字
Output Transcription: 那去世的当在新系统中就可以读到他的名字
Current error rate [cer] = 0.434783

Target Transcription: 呃就使用的是呃我们今天使用创世纪
Output Transcription: 那就使用的份额而我们今天使用创世纪
Current error rate [cer] = 0.250000

Target Transcription: 可是呢在以色列人原来呀他们用的名字其实不叫创世纪
Output Transcription: 可是在一次玩儿来了他们用我的名字就是不叫创世纪
Current error rate [cer] = 0.416667

Target Transcription: 而是叫起初
Output Transcription: 二是叫七出
Current error rate [cer] = 0.600000

Target Transcription: 为什么呢因为希伯来文哪他的第一个
Output Transcription: 为什么一位喜欢来文抛出第一个
Current error rate [cer] = 0.500000

Target Transcription: 字的排列就是起初神创造天地的起初
Output Transcription: 这个排列就是起初神创造天地的起初
Current error rate [cer] = 0.125000

Target Transcription: 希伯来文呢叫布希府
Output Transcription: 西部了本就不是
Current error rate [cer] = 1.000000

Target Transcription: 布希府那么因此呢起初这个词啊就是创世纪的名字
Output Transcription: 不幸那么因此那去除这个词就是创世纪的名字
Current error rate [cer] = 0.318182

Target Transcription: 那等到
Output Transcription: 那等到
Current error rate [cer] = 0.000000

Target Transcription: 呃出埃及记呢出埃及记的名字呢
Output Transcription: 打出A计记的出埃及器的名字的
Current error rate [cer] = 0.428571

Target Transcription: 啊原来他的卷名不叫出埃及记
Output Transcription: 那原来他的证明不想出来记
Current error rate [cer] = 0.461538

Target Transcription: 而是
Output Transcription: 二是
Current error rate [cer] = 0.500000

Target Transcription: 像出埃及记的一章
Output Transcription: 像出奇第一章
Current error rate [cer] = 0.500000

Target Transcription: 呃第一节所讲的
Output Transcription: 而第一届所讲的
Current error rate [cer] = 0.285714

Target Transcription: 作为希伯来文他的文法呃句式的排列
Output Transcription: 作为希波拉他的违法而去世的排列
Current error rate [cer] = 0.437500

Target Transcription: 就是呢
Output Transcription: 那就是呢
Current error rate [cer] = 0.333333

Target Transcription: 这些名字
Output Transcription: 这些名字
Current error rate [cer] = 0.000000

Target Transcription: 这些名字
Output Transcription: 注有些名字
Current error rate [cer] = 0.500000

Target Transcription: 的希伯来文词汇呢排在呃最先
Output Transcription: 在西方的文字会排在俄最现
Current error rate [cer] = 0.692308

Target Transcription: 那么呢
Output Transcription: 那么
Current error rate [cer] = 0.333333

Target Transcription: 呃这些名字就成为原来出埃及记的他的卷名
Output Transcription: 让这些名字就成为原来出埃及记的他的罪名
Current error rate [cer] = 0.105263

Target Transcription: 那如果我们看创世纪呢如果原来叫起初我们还能知道这卷书它的要义和中心思想
Output Transcription: 那么我们看创失去的如果原来就提出我们还能知道解决书他的友义和中心思想
Current error rate [cer] = 0.342857

Target Transcription: 他是论道一切的起源嘛
Output Transcription: 她是论到一切的起源吗
Current error rate [cer] = 0.300000

Target Transcription: 无论是属世的无论是属灵的
Output Transcription: 无论是出事的不是树林等
Current error rate [cer] = 0.583333

Target Transcription: 还有这个都合理
Output Transcription: 这么多合理
Current error rate [cer] = 0.571429

Target Transcription: 可是如果要是像出埃及记这样
Output Transcription: 可是如果要是想出来积极这样
Current error rate [cer] = 0.307692

Target Transcription: 啊叫做这些名字
Output Transcription: 我叫做这些名字
Current error rate [cer] = 0.142857

Target Transcription: 那么呢就显然呢呃很容易让人呢理解说这卷书是不是啊在讲啊非常长的复杂的家谱
Output Transcription: 那么的这显然的很容易让人的理解说这就说是不是在讲了非常长的复杂的交通
Current error rate [cer] = 0.305556

Target Transcription: 其实不是
Output Transcription: 其实不是
Current error rate [cer] = 0.000000

Target Transcription: 我们在第一章的前头呢有提到
Output Transcription: 我们在第一张的前头那有提到
Current error rate [cer] = 0.153846

Target Transcription: 有看到
Output Transcription: 又看到
Current error rate [cer] = 0.333333

Target Transcription: 关于雅各一家的啊他们家的名字
Output Transcription: 关于两个一家了康佳的名字
Current error rate [cer] = 0.500000

Target Transcription: 说这些人呢要到埃及去
Output Transcription: 是这些人的消防A级
Current error rate [cer] = 0.700000

Target Transcription: 但是其实
Output Transcription: 当时汽车
Current error rate [cer] = 1.000000

Target Transcription: 出埃及记整卷书呢并不是家谱的书
Output Transcription: 除自己证券说的并不是家普通书
Current error rate [cer] = 0.666667

Target Transcription: 所以呢
Output Transcription: 所以呢
Current error rate [cer] = 0.000000

Target Transcription: 卷名叫这些名字
Output Transcription: 这名着这些名字
Current error rate [cer] = 0.285714

Target Transcription: 显然呢就不够点题
Output Transcription: 显然的就不够电梯
Current error rate [cer] = 0.375000

Target Transcription: 不够让我们能明白呀整卷书的要义
Output Transcription: 不过让我们的比白正权说的要义
Current error rate [cer] = 0.466667

Target Transcription: 那什么时候
Output Transcription: 那什么时候
Current error rate [cer] = 0.000000

Target Transcription: 像创世纪还有出埃及记包括利未记民数记还有申命记被起为今天这样的一种形式了呢
Output Transcription: 像创世纪还有出埃及记包括立位及名人书记他永生铭记被起为今天这样的一种形式呢
Current error rate [cer] = 0.297297

Target Transcription: 就是在主前三世纪的时候呢当时是地中海一带呀是希腊时期
Output Transcription: 就是在主前三世纪的说我们当时是地中海一代是希望时期
Current error rate [cer] = 0.230769

Target Transcription: 希腊帝国呀掌管着地中海沿岸的一些国家那么当时呢
Output Transcription: 希望帝国掌管着地中海沿岸的一些国家当时呢
Current error rate [cer] = 0.173913

Target Transcription: 以色列是被
Output Transcription: 以色列是被
Current error rate [cer] = 0.000000

Target Transcription: 在北非
Output Transcription: 在北非
Current error rate [cer] = 0.000000

Target Transcription: 那边做王的一个希腊啊一个国
Output Transcription: 那边做王的一个希望而一个国
Current error rate [cer] = 0.153846

Target Transcription: 呃叫做托勒密王朝啊又旧又被翻译为多莉买王朝来
Output Transcription: 教授托勒密王朝右就又被翻译为多利润王朝来
Current error rate [cer] = 0.363636

Target Transcription: 啊掌管
Output Transcription: 掌管
Current error rate [cer] = 0.333333

Target Transcription: 那么呢在当时呢正是多莉买或者叫托勒密二世正在做呀那个希腊的王
Output Transcription: 那么在当时呢正是多利买或者叫托勒密是正在做那个希拉的王
Current error rate [cer] = 0.200000

Target Transcription: 那当时呢就有这样的一个故事发生
Output Transcription: 而当时的具有这样的一个故事发生
Current error rate [cer] = 0.200000

Target Transcription: 在埃及北部地中海的一个沿岸城市叫做亚历山大
Output Transcription: 在埃及北部地中海的一个沿岸城市缴存压力山大
Current error rate [cer] = 0.190476

Target Transcription: 如果呢大家熟悉地理你就可以知道这个地方
Output Transcription: 如果那大家手机里你就可以知道这个地方
Current error rate [cer] = 0.263158

Target Transcription: 这个地方呢是埃及很漂亮的一个城市在古代的时候呢也是基督教世界
Output Transcription: 这个地方的是爱记很漂亮的一个城市在古代收货呢也是基督教世界
Current error rate [cer] = 0.200000

Target Transcription: 五大教区其中一个
Output Transcription: 大郊区去住一个
Current error rate [cer] = 0.500000

Target Transcription: 那么呢
Output Transcription: 那么到
Current error rate [cer] = 0.333333

Target Transcription: 呃后来呢这个亚历山大的就被呃穆斯林呢给攻取
Output Transcription: 然后来了这个压力山大的就被穆斯林给工具
Current error rate [cer] = 0.380952

Target Transcription: 所以呢呃基督教徒五大教区
Output Transcription: 随着基督教的武大郊区
Current error rate [cer] = 0.583333

Target Transcription: 最终只剩下罗马一个教区
Output Transcription: 最终只剩下罗马一个教训
Current error rate [cer] = 0.090909

Target Transcription: 那在呃主前三世纪的时候呢
Output Transcription: 那在诸泉三世纪的时候们
Current error rate [cer] = 0.333333

Target Transcription: 当时在亚历山大呢就居住着大批的犹太人
Output Transcription: 当时在亚历山大的就居住着大批的犹太人
Current error rate [cer] = 0.055556

Target Transcription: 他们是什么时候去的呢据学者们考察呢就认为啊他们是在主前六世纪当南国犹大
Output Transcription: 他们是什么时候取证的拒学这门考察就认为样他们是在主前六世纪当难没有荡
Current error rate [cer] = 0.342857

Target Transcription: 被掳巴比伦的时候
Output Transcription: 例如把比人的时候
Current error rate [cer] = 0.500000

Target Transcription: 大批的犹太人逃亡
Output Transcription: 大批犹太人逃亡
Current error rate [cer] = 0.125000

Target Transcription: 就通过西乃半岛然后呢啊又北上啊
Output Transcription: 就通过新的奔头然后又上了
Current error rate [cer] = 0.533333

Target Transcription: 到了亚历山大还有埃及的很多地方我们如果读耶利米书书呢就知到连耶利米后来都被人哪带到埃及去
Output Transcription: 到了亚历山大还有埃及的很多地方我们如果都因为你说的就知道连一厘米后来都被人脑带到埃及去
Current error rate [cer] = 0.250000

Target Transcription: 那么到了主前三世纪呢就出现了一个情况
Output Transcription: 那么到了组建三世界又出现了一个情况
Current error rate [cer] = 0.277778

Target Transcription: 就像我们今天的很多中国人的家庭的孩子到了美国啊到了加拿大到达澳大利亚到了西方
Output Transcription: 就像我们今天的很多中国人的家庭的孩子到了美国到了加拿大到了澳大利亚到了西方
Current error rate [cer] = 0.052632

Target Transcription: 那么呢他们呢渐渐就不再会讲中国话了一样
Output Transcription: 那么他们的剑剑就不再会讲中国华的一样
Current error rate [cer] = 0.315789

Target Transcription: 犹太人的历史当中呢也出现类似这个情况
Output Transcription: 有他人的离世她部门也出现类似这个情况
Current error rate [cer] = 0.388889

Target Transcription: 那在主前三世纪大批的犹太人的新生的一代呢说希腊话
Output Transcription: 那在主前三世纪大批对犹太人的新生一代西兰化
Current error rate [cer] = 0.291667

Target Transcription: 写希腊文
Output Transcription: 是希腊文
Current error rate [cer] = 0.250000

Target Transcription: 不再会呀希伯来话希伯来文了
Output Transcription: 我在乎是不来画西部的温热
Current error rate [cer] = 0.923077

Target Transcription: 所以当时的犹太拉比呢就非常的啊焦急他们就想这怎么办呢于是他们就想他报道一个很好的策略他们呢于是就派了人
Output Transcription: 这当时的犹太拉比的就非常的交际他们就想着怎么办呢于是他们就想报道一个很好的策略他们了于是就派了人
Current error rate [cer] = 0.176471

Target Transcription: 去请求
Output Transcription: 去请求
Current error rate [cer] = 0.000000

Target Transcription: 当时的
Output Transcription: 当时的
Current error rate [cer] = 0.000000

Target Transcription: 托罗密二世这个王
Output Transcription: 拖了米二是这个王
Current error rate [cer] = 0.500000

Target Transcription: 跟他要求说能不能呃允许我们犹太人呐把我们希伯来文的圣经翻译成希腊文
Output Transcription: 但他要求说能不能允许我们犹太人的把我们西北来我的圣经翻译成了文
Current error rate [cer] = 0.242424

Target Transcription: 供年轻的一代呀希腊化的犹太人呢来使用
Output Transcription: 年轻的一代希腊化的犹太人的使用
Current error rate [cer] = 0.222222

Target Transcription: 那在当时啊亚历山大有一个全世界可以说最大的一个图书馆它的馆长
Output Transcription: 他在当时了亚历山大有一个全世界配说最大的一个突出过的馆长
Current error rate [cer] = 0.266667

Target Transcription: 也帮助犹太人讲话结果呢
Output Transcription: 也帮助有人讲话结果的
Current error rate [cer] = 0.272727

Target Transcription: 托罗密二世呢就同意了
Output Transcription: 托罗面二次就同一
Current error rate [cer] = 0.500000

Target Transcription: 于是呢犹太人就派人那就回到呃
Output Transcription: 于是的有个人就怕人了就回到了
Current error rate [cer] = 0.428571

Target Transcription: 祖居地回到以色列就从以色列呢请来据说是七十二位
Output Transcription: 组织地回到以色列就是以色变了请来据说是七十二位
Current error rate [cer] = 0.217391

Target Transcription: 呃拉比文士
Output Transcription: 拉比文史
Current error rate [cer] = 0.400000

Target Transcription: 那这群文士拉比啊非常的厉害他们的希伯来文不用说了
Output Transcription: 我最穷人是比非常的厉害他们辛不来官不用说了
Current error rate [cer] = 0.458333

Target Transcription: 呃希腊文呢也不用讲了都是好的无比于是这七十二个人呢
Output Transcription: 希望文的也不用讲了都是好的无比于是这七十二个人的
Current error rate [cer] = 0.160000

Target Transcription: 就到了亚历山大港以外在地中海当中很近的一个小岛这个小岛的名字呢叫法老岛在上面呢就进行啊希腊文圣经的这个翻译
Output Transcription: 就到了亚历山道以外在海当中间的一个小岛这个小岛的名字叫法老道在上面就进行了西拉文圣经的这个翻译
Current error rate [cer] = 0.226415

Target Transcription: 据说呀他们就用了七十二天七十二人嘛就用了七十二天就把
Output Transcription: 据说了他们就用起手儿天气少而人们就用了七十二天就罢了
Current error rate [cer] = 0.423077

Target Transcription: 我们现在手头上的这个旧约圣经翻译成希腊文了
Output Transcription: 我们现在手头上的这个旧约圣经翻译成新劳
Current error rate [cer] = 0.190476

Target Transcription: 那其实呢真正哦那七十二位拉比所翻译的呢还不仅仅是我们旧约圣经的呃三十九卷
Output Transcription: 而其实让真正了七成二维拉比所翻译的还不仅仅是我们旧约圣经的了三十九件
Current error rate [cer] = 0.250000

Target Transcription: 而是还包括了其他别的一些没有被放在我们旧约正典正当中的一些书卷
Output Transcription: 而是还包括的其他别的一些没有被放在我们救援正面当中的一些数据
Current error rate [cer] = 0.225806

Target Transcription: 那他们的工作呢非常的呃辛苦但是呢成效呢非常的卓著
Output Transcription: 那他们的工作的非常的那辛苦当时的成效非常的捉
Current error rate [cer] = 0.333333

Target Transcription: 那么其中呢
Output Transcription: 而其中的
Current error rate [cer] = 0.600000

Target Transcription: 这些
Output Transcription: 这些
Current error rate [cer] = 0.000000

Target Transcription: 拉比们所做的一件非常有意义的一件事呢就是把呀希腊文的这个圣经的
Output Transcription: 拉比们所做的一件非常容易的一件事就是把上希望文的圣经的
Current error rate [cer] = 0.258065

Target Transcription: 呃圈名特别是摩西五经那么就改成现有的形式
Output Transcription: 这名特别什么如今那么就改成现有的形式
Current error rate [cer] = 0.350000

Target Transcription: 当创世纪叫创世纪的时候就不再使用起初而使用的那个创世纪呢啊
Output Transcription: 当创世纪就创世纪的时候就不再使用清除而使用的这个创世纪的一
Current error rate [cer] = 0.206897

Target Transcription: 那么实际上用的那个名字是创世纪第二章当中的那个天地万物的来历
Output Transcription: 那么实际上用这个名字是创世纪第二张当中的那个天地万物的来历
Current error rate [cer] = 0.100000

Target Transcription: 本是这样那个来历那个字
Output Transcription: 本是这样的利两个字
Current error rate [cer] = 0.454545

Target Transcription: 而不是第一章第一节的起初那个字
Output Transcription: 而不是第一张第一阶的起初的个字
Current error rate [cer] = 0.200000

Target Transcription: 那当看到出埃及记的时候呢
Output Transcription: 他单看到出IGG的生活的
Current error rate [cer] = 0.666667

Target Transcription: 那这些拉比们呢就给了
Output Transcription: 那这是蜡笔们的就给了
Current error rate [cer] = 0.400000

Target Transcription: 呃这个这卷书呢不再叫这些名字而叫他呢
Output Transcription: 而这个最说了不再叫这些名字而叫他呢
Current error rate [cer] = 0.277778

Target Transcription: 离开或者出走那我们大家都不懂的呃希腊文我们也就在这里呢就不提了但是呢懂得英文的人呢就知道呢呃英文出埃及记的名称
Output Transcription: 你开或者出走让我们大家都不懂得希拉门我们就在这里了就不提了但什么都得英我的人就知道了英文出埃及记的名称
Current error rate [cer] = 0.272727

Target Transcription: 就读为
Output Transcription: 读为
Current error rate [cer] = 0.333333

Target Transcription: 艾克斯德斯
Output Transcription: 艾斯的死
Current error rate [cer] = 0.600000

Target Transcription: 艾克斯德斯
Output Transcription: XS
Current error rate [cer] = 1.000000

Target Transcription: 那这个英文的名字呢其实跟希腊文那个写法呢如果字母一换所呃一调换一相对这样一配
Output Transcription: 那这个英文的名字们其实跟希拉文那个写法呢如果字母一一对话相对这一
Current error rate [cer] = 0.263158

Target Transcription: 那么呢就就发现呢非常非常的接近因为希腊文后来的拉丁文后来的英文
Output Transcription: 那么的政府就发现了有一场非常的接近因为希拉文后来的拉丁文后来的英文
Current error rate [cer] = 0.258065

Target Transcription: 包括后来的中文他的意涵都是
Output Transcription: 包括后来的中文的一行都是
Current error rate [cer] = 0.230769

Target Transcription: 出走和离开的意思
Output Transcription: 出走和离开历史
Current error rate [cer] = 0.375000

Target Transcription: 那这个名字说起的啊我们说就非常的有领受然后有亮光
Output Transcription: 那这个名字说起的话我们说就非常的有理数然有亮光
Current error rate [cer] = 0.166667

Target Transcription: 非常的好
Output Transcription: 非常好
Current error rate [cer] = 0.250000

Target Transcription: 那么就是这个艾克斯德斯这个出走和离开的这个词呢等到后来当路加写路加福音的时候在路加福音的第九章三十一节那他就使用了
Output Transcription: 那个就是这个X的这个出走和离开过这个词了到后来跟当陆家路交回的时候在陆家军的第七五章赛事一那它就是使用了
Current error rate [cer] = 0.473684

Target Transcription: 呃希腊文七十子译本因为七十二个人所翻译这个呃译本呢叫做七十子译本就使用了出埃及这个出走这个卷名这个字
Output Transcription: 西老文七十自日本有机上个人所发育这个让一本的叫做七十字一本就是使用了出埃及的出走一个名人字
Current error rate [cer] = 0.480000

Target Transcription: 那么呢
Output Transcription: 那么
Current error rate [cer] = 0.333333

Target Transcription: 呃在
Output Transcription: 然而在
Current error rate [cer] = 1.000000

Target Transcription: 路加福音的第九章啊啊实际上圣经当中有一段非常重要的就在描述啊啊耶稣基督呢带着彼得雅各约翰呢到变相山上就在荣耀的异象当中呢与摩西和以利亚说话
Output Transcription: 陆家的的地就当了而是上升经道路有一段非常重要的就像描述叶旭东的带着彼得雅克约翰到变性山上就在荣耀的意象当中与摩西和一力说话
Current error rate [cer] = 0.434783

Target Transcription: 在马太福音呢记载这一这一段了
Output Transcription: 在马泰飞鹰的机场之一这一多了
Current error rate [cer] = 0.571429

Target Transcription: 这个情节了马可福音呢啊也有描述只不过呢我们会看见那路加福音所讲述的最为有意思
Output Transcription: 这个情节的马可福音的描述只不过呢我们会看见了陆家所讲述的最为有意思
Current error rate [cer] = 0.263158

Target Transcription: 因为呢路加在描述的时候
Output Transcription: 因为那陆家在苗出的时候
Current error rate [cer] = 0.454545

Target Transcription: 据说路加的材料呢是来自于彼得的叙述
Output Transcription: 据说入家的材料人是来自于比热的数
Current error rate [cer] = 0.411765

Target Transcription: 彼得的全传授那么呢彼得就在看到异象的情况下呢就听到了
Output Transcription: 你的传授那么的彼得就在看到异乡的情况下呢就听到了
Current error rate [cer] = 0.192308

Target Transcription: 呃耶稣
Output Transcription: 耶稣
Current error rate [cer] = 0.333333

Target Transcription: 正在跟
Output Transcription: 总根
Current error rate [cer] = 1.000000

Target Transcription: 摩西和以利亚谈一件事情谈什么呢中文圣经在谈呢说谈耶稣啊去世的事儿
Output Transcription: 莫西和丽丽下一件事情台上的中文圣经在谈谈说谈耶苏去世的事
Current error rate [cer] = 0.406250

Target Transcription: 耶稣去世的事儿但是其实呢在希伯来文在希腊为原文对不起在希腊原文
Output Transcription: 耶稣去世的上但是其实在西方文在西拉美约问对不起在希腊被约
Current error rate [cer] = 0.419355

Target Transcription: 圣将上市讲三个人在讲耶稣出走和离开的事儿
Output Transcription: 深圳创视觉三个人在讲耶稣出走离开的是
Current error rate [cer] = 0.400000

Target Transcription: 哎
Output Transcription: 
Current error rate [cer] = 1.000000

Target Transcription: 这是非常稀奇的那去世跟出走离开
Output Transcription: 这是非常稀奇的那趋势出走离开
Current error rate [cer] = 0.200000

Target Transcription: 有什么区别呢
Output Transcription: 有什么区别呢
Current error rate [cer] = 0.000000

Target Transcription: 老弟兄姐妹如果我们接下去读了整卷的出埃及记你就知道了
Output Transcription: 听说如果我们接下去多了整卷的出埃之器你就知道了
Current error rate [cer] = 0.307692

Target Transcription: 那出走和离开跟去世讲到耶稣的那个悲悲惨惨惨惨然后在十架上的那种流血的死它的味道是不完全一样的
Output Transcription: 那出走离开更趋势讲了耶稣的那个北财团参产然后在书架上的那种流血的死大都会导致不完全一样的
Current error rate [cer] = 0.369565

Target Transcription: 发现了吗
Output Transcription: 发现了吗
Current error rate [cer] = 0.000000

Target Transcription: 为什么因为在出埃及记当中告诉我们神让他的仆人摩西荣耀的得胜的从埃及的啊
Output Transcription: 为什么又会在出埃及记中告诉我们谁让他的普什摩西荣耀的得胜的从埃及利亚
Current error rate [cer] = 0.228571

Target Transcription: 带着两三百万人口啊
Output Transcription: 在两三百万人可望
Current error rate [cer] = 0.444444

Target Transcription: 啊同胞啊就离开离开法老的辖制
Output Transcription: 同胞我就离开离开法宝的箱子
Current error rate [cer] = 0.357143

Target Transcription: 那么实际上呢在新约的真理当中呢也让我们看见神的儿子主耶稣
Output Transcription: 那不是至上的在新约的珍品当中也让我们看见山的二子主耶稣
Current error rate [cer] = 0.321429

Target Transcription: 我们新约的摩西啊属灵的摩西也是代表带领着千千万万数不过来的会众
Output Transcription: 我们新一轮的摩西树林的模式也是代表带领的千千万万数不过来的
Current error rate [cer] = 0.322581

Target Transcription: 离开世界的王法老就是恶者的辖制
Output Transcription: 离开世界的法老就是恶者的响应
Current error rate [cer] = 0.200000

Target Transcription: 所以啊
Output Transcription: 虽然
Current error rate [cer] = 1.000000

Target Transcription: 如果把九章路加福音九章三十一节那里的呃用字哦
Output Transcription: 如果把旧章陆交非张三是一姐的你得用
Current error rate [cer] = 0.681818

Target Transcription: 仅仅解释为去世来形容耶稣的死
Output Transcription: 仅仅解释为去世了形容约说的是
Current error rate [cer] = 0.285714

Target Transcription: 而没有强调耶稣
Output Transcription: 而没有强调耶稣
Current error rate [cer] = 0.000000

Target Transcription: 借着他的死败坏掌死权的就是魔鬼而且把神的众名从死亡黑暗的权势当中带出来没有把这个意味把它讲出来或者中文把它翻出来的话呢我们就仍然会发现呢这就是翻译上的有限呃翻译上的局限因此我们就说呢呃用去世呃不如呢出走和离开
Output Transcription: 借着他的死被回四川的就是我对一把手的著名从死亡黑暗的全市当中带出来没有把这个意味把它讲出来或者中文翻出来的话我们就仍然会发现这就是发意义上的有限和发育上的局限因此我们就说定了用去世而的出走而离开
Current error rate [cer] = 0.288462

Target Transcription: 所以呢愿大家在这里呢明白这个解释的重要
Output Transcription: 随着愿大家在这里的明白这个计税的重要
Current error rate [cer] = 0.315789
