-----------  Configuration Arguments -----------
alpha_from: 0.0
alpha_to: 10.0
batch_size: 256
beam_size: 500
beta_from: 0.0
beta_to: 10.0
cutoff_prob: 1.0
cutoff_top_n: 40
error_rate_type: cer
lang_model_path: models/lm/zhidao_giga.klm
mean_std_path: data/aishell2/mean_std.npz
model_path: checkpoints/aishell2-C2R31024/step_final
num_alphas: 20
num_batches: -1
num_betas: 20
num_conv_layers: 2
num_proc_bsearch: 12
num_rnn_layers: 3
rnn_layer_size: 1024
share_rnn_weights: 0
specgram_type: linear
trainer_count: 8
tune_manifest: data/Wang/16k/manifest.dev
use_gpu: 1
use_gru: 1
vocab_path: data/aishell2/vocab.txt
------------------------------------------------
finish initing model from pretrained params from checkpoints/aishell2-C2R31024/step_final
........................................................................................................................................................................................................
Batch 0 [225/?], current opt (alpha, beta) = (2.632, 5.263),  min [cer] = 0.289754

Final cer:

(alpha, beta) = (0.000, 0.000), [cer] = 0.375140
(alpha, beta) = (0.000, 0.526), [cer] = 0.376820
(alpha, beta) = (0.000, 1.053), [cer] = 0.378779
(alpha, beta) = (0.000, 1.579), [cer] = 0.381019
(alpha, beta) = (0.000, 2.105), [cer] = 0.384658
(alpha, beta) = (0.000, 2.632), [cer] = 0.389138
(alpha, beta) = (0.000, 3.158), [cer] = 0.396697
(alpha, beta) = (0.000, 3.684), [cer] = 0.402016
(alpha, beta) = (0.000, 4.211), [cer] = 0.408735
(alpha, beta) = (0.000, 4.737), [cer] = 0.419373
(alpha, beta) = (0.000, 5.263), [cer] = 0.428331
(alpha, beta) = (0.000, 5.789), [cer] = 0.440090
(alpha, beta) = (0.000, 6.316), [cer] = 0.457447
(alpha, beta) = (0.000, 6.842), [cer] = 0.479563
(alpha, beta) = (0.000, 7.368), [cer] = 0.507839
(alpha, beta) = (0.000, 7.895), [cer] = 0.534434
(alpha, beta) = (0.000, 8.421), [cer] = 0.567189
(alpha, beta) = (0.000, 8.947), [cer] = 0.610582
(alpha, beta) = (0.000, 9.474), [cer] = 0.662934
(alpha, beta) = (0.000, 10.000), [cer] = 0.725644
(alpha, beta) = (0.526, 0.000), [cer] = 0.342665
(alpha, beta) = (0.526, 0.526), [cer] = 0.344065
(alpha, beta) = (0.526, 1.053), [cer] = 0.346025
(alpha, beta) = (0.526, 1.579), [cer] = 0.347424
(alpha, beta) = (0.526, 2.105), [cer] = 0.347144
(alpha, beta) = (0.526, 2.632), [cer] = 0.349664
(alpha, beta) = (0.526, 3.158), [cer] = 0.351064
(alpha, beta) = (0.526, 3.684), [cer] = 0.353863
(alpha, beta) = (0.526, 4.211), [cer] = 0.360022
(alpha, beta) = (0.526, 4.737), [cer] = 0.363662
(alpha, beta) = (0.526, 5.263), [cer] = 0.370381
(alpha, beta) = (0.526, 5.789), [cer] = 0.375140
(alpha, beta) = (0.526, 6.316), [cer] = 0.386898
(alpha, beta) = (0.526, 6.842), [cer] = 0.396417
(alpha, beta) = (0.526, 7.368), [cer] = 0.411814
(alpha, beta) = (0.526, 7.895), [cer] = 0.428891
(alpha, beta) = (0.526, 8.421), [cer] = 0.451008
(alpha, beta) = (0.526, 8.947), [cer] = 0.476764
(alpha, beta) = (0.526, 9.474), [cer] = 0.499440
(alpha, beta) = (0.526, 10.000), [cer] = 0.538074
(alpha, beta) = (1.053, 0.000), [cer] = 0.324748
(alpha, beta) = (1.053, 0.526), [cer] = 0.323068
(alpha, beta) = (1.053, 1.053), [cer] = 0.322508
(alpha, beta) = (1.053, 1.579), [cer] = 0.323068
(alpha, beta) = (1.053, 2.105), [cer] = 0.323908
(alpha, beta) = (1.053, 2.632), [cer] = 0.326148
(alpha, beta) = (1.053, 3.158), [cer] = 0.326708
(alpha, beta) = (1.053, 3.684), [cer] = 0.330067
(alpha, beta) = (1.053, 4.211), [cer] = 0.333427
(alpha, beta) = (1.053, 4.737), [cer] = 0.335946
(alpha, beta) = (1.053, 5.263), [cer] = 0.339866
(alpha, beta) = (1.053, 5.789), [cer] = 0.344065
(alpha, beta) = (1.053, 6.316), [cer] = 0.348264
(alpha, beta) = (1.053, 6.842), [cer] = 0.354423
(alpha, beta) = (1.053, 7.368), [cer] = 0.362822
(alpha, beta) = (1.053, 7.895), [cer] = 0.373180
(alpha, beta) = (1.053, 8.421), [cer] = 0.386898
(alpha, beta) = (1.053, 8.947), [cer] = 0.401736
(alpha, beta) = (1.053, 9.474), [cer] = 0.416853
(alpha, beta) = (1.053, 10.000), [cer] = 0.438970
(alpha, beta) = (1.579, 0.000), [cer] = 0.314110
(alpha, beta) = (1.579, 0.526), [cer] = 0.313550
(alpha, beta) = (1.579, 1.053), [cer] = 0.310190
(alpha, beta) = (1.579, 1.579), [cer] = 0.307391
(alpha, beta) = (1.579, 2.105), [cer] = 0.307111
(alpha, beta) = (1.579, 2.632), [cer] = 0.306551
(alpha, beta) = (1.579, 3.158), [cer] = 0.306831
(alpha, beta) = (1.579, 3.684), [cer] = 0.308511
(alpha, beta) = (1.579, 4.211), [cer] = 0.310190
(alpha, beta) = (1.579, 4.737), [cer] = 0.312710
(alpha, beta) = (1.579, 5.263), [cer] = 0.316349
(alpha, beta) = (1.579, 5.789), [cer] = 0.320829
(alpha, beta) = (1.579, 6.316), [cer] = 0.324188
(alpha, beta) = (1.579, 6.842), [cer] = 0.329507
(alpha, beta) = (1.579, 7.368), [cer] = 0.333707
(alpha, beta) = (1.579, 7.895), [cer] = 0.340146
(alpha, beta) = (1.579, 8.421), [cer] = 0.349944
(alpha, beta) = (1.579, 8.947), [cer] = 0.356663
(alpha, beta) = (1.579, 9.474), [cer] = 0.371501
(alpha, beta) = (1.579, 10.000), [cer] = 0.387458
(alpha, beta) = (2.105, 0.000), [cer] = 0.307951
(alpha, beta) = (2.105, 0.526), [cer] = 0.303471
(alpha, beta) = (2.105, 1.053), [cer] = 0.301232
(alpha, beta) = (2.105, 1.579), [cer] = 0.298432
(alpha, beta) = (2.105, 2.105), [cer] = 0.297592
(alpha, beta) = (2.105, 2.632), [cer] = 0.295073
(alpha, beta) = (2.105, 3.158), [cer] = 0.294793
(alpha, beta) = (2.105, 3.684), [cer] = 0.294793
(alpha, beta) = (2.105, 4.211), [cer] = 0.292833
(alpha, beta) = (2.105, 4.737), [cer] = 0.294513
(alpha, beta) = (2.105, 5.263), [cer] = 0.295353
(alpha, beta) = (2.105, 5.789), [cer] = 0.299832
(alpha, beta) = (2.105, 6.316), [cer] = 0.303191
(alpha, beta) = (2.105, 6.842), [cer] = 0.307671
(alpha, beta) = (2.105, 7.368), [cer] = 0.313550
(alpha, beta) = (2.105, 7.895), [cer] = 0.316629
(alpha, beta) = (2.105, 8.421), [cer] = 0.326428
(alpha, beta) = (2.105, 8.947), [cer] = 0.335666
(alpha, beta) = (2.105, 9.474), [cer] = 0.346025
(alpha, beta) = (2.105, 10.000), [cer] = 0.358903
(alpha, beta) = (2.632, 0.000), [cer] = 0.314110
(alpha, beta) = (2.632, 0.526), [cer] = 0.309351
(alpha, beta) = (2.632, 1.053), [cer] = 0.303751
(alpha, beta) = (2.632, 1.579), [cer] = 0.300112
(alpha, beta) = (2.632, 2.105), [cer] = 0.299272
(alpha, beta) = (2.632, 2.632), [cer] = 0.297032
(alpha, beta) = (2.632, 3.158), [cer] = 0.295353
(alpha, beta) = (2.632, 3.684), [cer] = 0.290314
(alpha, beta) = (2.632, 4.211), [cer] = 0.292833
(alpha, beta) = (2.632, 4.737), [cer] = 0.290594
(alpha, beta) = (2.632, 5.263), [cer] = 0.289754
(alpha, beta) = (2.632, 5.789), [cer] = 0.291433
(alpha, beta) = (2.632, 6.316), [cer] = 0.291993
(alpha, beta) = (2.632, 6.842), [cer] = 0.294233
(alpha, beta) = (2.632, 7.368), [cer] = 0.298712
(alpha, beta) = (2.632, 7.895), [cer] = 0.306271
(alpha, beta) = (2.632, 8.421), [cer] = 0.312430
(alpha, beta) = (2.632, 8.947), [cer] = 0.322228
(alpha, beta) = (2.632, 9.474), [cer] = 0.329507
(alpha, beta) = (2.632, 10.000), [cer] = 0.338746
(alpha, beta) = (3.158, 0.000), [cer] = 0.333707
(alpha, beta) = (3.158, 0.526), [cer] = 0.324748
(alpha, beta) = (3.158, 1.053), [cer] = 0.318029
(alpha, beta) = (3.158, 1.579), [cer] = 0.312710
(alpha, beta) = (3.158, 2.105), [cer] = 0.307391
(alpha, beta) = (3.158, 2.632), [cer] = 0.303751
(alpha, beta) = (3.158, 3.158), [cer] = 0.300672
(alpha, beta) = (3.158, 3.684), [cer] = 0.300672
(alpha, beta) = (3.158, 4.211), [cer] = 0.297032
(alpha, beta) = (3.158, 4.737), [cer] = 0.296753
(alpha, beta) = (3.158, 5.263), [cer] = 0.297032
(alpha, beta) = (3.158, 5.789), [cer] = 0.295913
(alpha, beta) = (3.158, 6.316), [cer] = 0.292833
(alpha, beta) = (3.158, 6.842), [cer] = 0.293673
(alpha, beta) = (3.158, 7.368), [cer] = 0.299552
(alpha, beta) = (3.158, 7.895), [cer] = 0.303751
(alpha, beta) = (3.158, 8.421), [cer] = 0.307671
(alpha, beta) = (3.158, 8.947), [cer] = 0.317189
(alpha, beta) = (3.158, 9.474), [cer] = 0.322788
(alpha, beta) = (3.158, 10.000), [cer] = 0.331747
(alpha, beta) = (3.684, 0.000), [cer] = 0.351064
(alpha, beta) = (3.684, 0.526), [cer] = 0.345745
(alpha, beta) = (3.684, 1.053), [cer] = 0.336506
(alpha, beta) = (3.684, 1.579), [cer] = 0.330347
(alpha, beta) = (3.684, 2.105), [cer] = 0.320549
(alpha, beta) = (3.684, 2.632), [cer] = 0.312990
(alpha, beta) = (3.684, 3.158), [cer] = 0.311590
(alpha, beta) = (3.684, 3.684), [cer] = 0.307951
(alpha, beta) = (3.684, 4.211), [cer] = 0.305991
(alpha, beta) = (3.684, 4.737), [cer] = 0.305711
(alpha, beta) = (3.684, 5.263), [cer] = 0.299552
(alpha, beta) = (3.684, 5.789), [cer] = 0.298712
(alpha, beta) = (3.684, 6.316), [cer] = 0.298712
(alpha, beta) = (3.684, 6.842), [cer] = 0.298152
(alpha, beta) = (3.684, 7.368), [cer] = 0.300952
(alpha, beta) = (3.684, 7.895), [cer] = 0.305431
(alpha, beta) = (3.684, 8.421), [cer] = 0.306831
(alpha, beta) = (3.684, 8.947), [cer] = 0.312430
(alpha, beta) = (3.684, 9.474), [cer] = 0.318029
(alpha, beta) = (3.684, 10.000), [cer] = 0.326988
(alpha, beta) = (4.211, 0.000), [cer] = 0.372060
(alpha, beta) = (4.211, 0.526), [cer] = 0.362262
(alpha, beta) = (4.211, 1.053), [cer] = 0.353303
(alpha, beta) = (4.211, 1.579), [cer] = 0.347424
(alpha, beta) = (4.211, 2.105), [cer] = 0.339586
(alpha, beta) = (4.211, 2.632), [cer] = 0.334826
(alpha, beta) = (4.211, 3.158), [cer] = 0.326148
(alpha, beta) = (4.211, 3.684), [cer] = 0.321109
(alpha, beta) = (4.211, 4.211), [cer] = 0.317749
(alpha, beta) = (4.211, 4.737), [cer] = 0.312430
(alpha, beta) = (4.211, 5.263), [cer] = 0.308511
(alpha, beta) = (4.211, 5.789), [cer] = 0.303471
(alpha, beta) = (4.211, 6.316), [cer] = 0.304031
(alpha, beta) = (4.211, 6.842), [cer] = 0.302912
(alpha, beta) = (4.211, 7.368), [cer] = 0.306271
(alpha, beta) = (4.211, 7.895), [cer] = 0.308791
(alpha, beta) = (4.211, 8.421), [cer] = 0.313830
(alpha, beta) = (4.211, 8.947), [cer] = 0.316629
(alpha, beta) = (4.211, 9.474), [cer] = 0.318309
(alpha, beta) = (4.211, 10.000), [cer] = 0.327548
(alpha, beta) = (4.737, 0.000), [cer] = 0.398376
(alpha, beta) = (4.737, 0.526), [cer] = 0.381579
(alpha, beta) = (4.737, 1.053), [cer] = 0.368981
(alpha, beta) = (4.737, 1.579), [cer] = 0.361422
(alpha, beta) = (4.737, 2.105), [cer] = 0.355543
(alpha, beta) = (4.737, 2.632), [cer] = 0.350504
(alpha, beta) = (4.737, 3.158), [cer] = 0.339026
(alpha, beta) = (4.737, 3.684), [cer] = 0.332027
(alpha, beta) = (4.737, 4.211), [cer] = 0.328108
(alpha, beta) = (4.737, 4.737), [cer] = 0.322508
(alpha, beta) = (4.737, 5.263), [cer] = 0.319149
(alpha, beta) = (4.737, 5.789), [cer] = 0.315230
(alpha, beta) = (4.737, 6.316), [cer] = 0.314670
(alpha, beta) = (4.737, 6.842), [cer] = 0.316069
(alpha, beta) = (4.737, 7.368), [cer] = 0.314390
(alpha, beta) = (4.737, 7.895), [cer] = 0.316909
(alpha, beta) = (4.737, 8.421), [cer] = 0.318029
(alpha, beta) = (4.737, 8.947), [cer] = 0.319989
(alpha, beta) = (4.737, 9.474), [cer] = 0.322508
(alpha, beta) = (4.737, 10.000), [cer] = 0.326988
(alpha, beta) = (5.263, 0.000), [cer] = 0.423292
(alpha, beta) = (5.263, 0.526), [cer] = 0.405935
(alpha, beta) = (5.263, 1.053), [cer] = 0.394177
(alpha, beta) = (5.263, 1.579), [cer] = 0.386898
(alpha, beta) = (5.263, 2.105), [cer] = 0.375420
(alpha, beta) = (5.263, 2.632), [cer] = 0.366741
(alpha, beta) = (5.263, 3.158), [cer] = 0.356943
(alpha, beta) = (5.263, 3.684), [cer] = 0.353863
(alpha, beta) = (5.263, 4.211), [cer] = 0.344065
(alpha, beta) = (5.263, 4.737), [cer] = 0.337346
(alpha, beta) = (5.263, 5.263), [cer] = 0.334546
(alpha, beta) = (5.263, 5.789), [cer] = 0.330627
(alpha, beta) = (5.263, 6.316), [cer] = 0.329787
(alpha, beta) = (5.263, 6.842), [cer] = 0.325868
(alpha, beta) = (5.263, 7.368), [cer] = 0.324188
(alpha, beta) = (5.263, 7.895), [cer] = 0.322788
(alpha, beta) = (5.263, 8.421), [cer] = 0.321948
(alpha, beta) = (5.263, 8.947), [cer] = 0.323628
(alpha, beta) = (5.263, 9.474), [cer] = 0.323908
(alpha, beta) = (5.263, 10.000), [cer] = 0.330907
(alpha, beta) = (5.789, 0.000), [cer] = 0.447928
(alpha, beta) = (5.789, 0.526), [cer] = 0.435890
(alpha, beta) = (5.789, 1.053), [cer] = 0.421613
(alpha, beta) = (5.789, 1.579), [cer] = 0.407055
(alpha, beta) = (5.789, 2.105), [cer] = 0.396137
(alpha, beta) = (5.789, 2.632), [cer] = 0.386898
(alpha, beta) = (5.789, 3.158), [cer] = 0.376540
(alpha, beta) = (5.789, 3.684), [cer] = 0.370941
(alpha, beta) = (5.789, 4.211), [cer] = 0.357503
(alpha, beta) = (5.789, 4.737), [cer] = 0.355543
(alpha, beta) = (5.789, 5.263), [cer] = 0.350784
(alpha, beta) = (5.789, 5.789), [cer] = 0.344625
(alpha, beta) = (5.789, 6.316), [cer] = 0.340705
(alpha, beta) = (5.789, 6.842), [cer] = 0.340146
(alpha, beta) = (5.789, 7.368), [cer] = 0.337066
(alpha, beta) = (5.789, 7.895), [cer] = 0.335386
(alpha, beta) = (5.789, 8.421), [cer] = 0.333147
(alpha, beta) = (5.789, 8.947), [cer] = 0.333427
(alpha, beta) = (5.789, 9.474), [cer] = 0.332587
(alpha, beta) = (5.789, 10.000), [cer] = 0.335106
(alpha, beta) = (6.316, 0.000), [cer] = 0.474804
(alpha, beta) = (6.316, 0.526), [cer] = 0.458007
(alpha, beta) = (6.316, 1.053), [cer] = 0.446529
(alpha, beta) = (6.316, 1.579), [cer] = 0.434490
(alpha, beta) = (6.316, 2.105), [cer] = 0.421892
(alpha, beta) = (6.316, 2.632), [cer] = 0.409574
(alpha, beta) = (6.316, 3.158), [cer] = 0.395017
(alpha, beta) = (6.316, 3.684), [cer] = 0.390538
(alpha, beta) = (6.316, 4.211), [cer] = 0.375140
(alpha, beta) = (6.316, 4.737), [cer] = 0.373740
(alpha, beta) = (6.316, 5.263), [cer] = 0.365062
(alpha, beta) = (6.316, 5.789), [cer] = 0.357223
(alpha, beta) = (6.316, 6.316), [cer] = 0.356103
(alpha, beta) = (6.316, 6.842), [cer] = 0.350504
(alpha, beta) = (6.316, 7.368), [cer] = 0.350504
(alpha, beta) = (6.316, 7.895), [cer] = 0.349104
(alpha, beta) = (6.316, 8.421), [cer] = 0.351344
(alpha, beta) = (6.316, 8.947), [cer] = 0.345185
(alpha, beta) = (6.316, 9.474), [cer] = 0.341545
(alpha, beta) = (6.316, 10.000), [cer] = 0.347704
(alpha, beta) = (6.842, 0.000), [cer] = 0.503919
(alpha, beta) = (6.842, 0.526), [cer] = 0.484323
(alpha, beta) = (6.842, 1.053), [cer] = 0.470885
(alpha, beta) = (6.842, 1.579), [cer] = 0.460246
(alpha, beta) = (6.842, 2.105), [cer] = 0.450448
(alpha, beta) = (6.842, 2.632), [cer] = 0.438130
(alpha, beta) = (6.842, 3.158), [cer] = 0.424132
(alpha, beta) = (6.842, 3.684), [cer] = 0.412374
(alpha, beta) = (6.842, 4.211), [cer] = 0.400896
(alpha, beta) = (6.842, 4.737), [cer] = 0.396137
(alpha, beta) = (6.842, 5.263), [cer] = 0.385778
(alpha, beta) = (6.842, 5.789), [cer] = 0.379899
(alpha, beta) = (6.842, 6.316), [cer] = 0.373740
(alpha, beta) = (6.842, 6.842), [cer] = 0.366181
(alpha, beta) = (6.842, 7.368), [cer] = 0.360022
(alpha, beta) = (6.842, 7.895), [cer] = 0.359183
(alpha, beta) = (6.842, 8.421), [cer] = 0.360302
(alpha, beta) = (6.842, 8.947), [cer] = 0.360302
(alpha, beta) = (6.842, 9.474), [cer] = 0.363942
(alpha, beta) = (6.842, 10.000), [cer] = 0.360582
(alpha, beta) = (7.368, 0.000), [cer] = 0.536674
(alpha, beta) = (7.368, 0.526), [cer] = 0.514838
(alpha, beta) = (7.368, 1.053), [cer] = 0.496641
(alpha, beta) = (7.368, 1.579), [cer] = 0.476484
(alpha, beta) = (7.368, 2.105), [cer] = 0.466965
(alpha, beta) = (7.368, 2.632), [cer] = 0.456047
(alpha, beta) = (7.368, 3.158), [cer] = 0.445689
(alpha, beta) = (7.368, 3.684), [cer] = 0.434770
(alpha, beta) = (7.368, 4.211), [cer] = 0.427492
(alpha, beta) = (7.368, 4.737), [cer] = 0.411534
(alpha, beta) = (7.368, 5.263), [cer] = 0.403975
(alpha, beta) = (7.368, 5.789), [cer] = 0.397816
(alpha, beta) = (7.368, 6.316), [cer] = 0.388018
(alpha, beta) = (7.368, 6.842), [cer] = 0.384658
(alpha, beta) = (7.368, 7.368), [cer] = 0.378499
(alpha, beta) = (7.368, 7.895), [cer] = 0.374020
(alpha, beta) = (7.368, 8.421), [cer] = 0.369541
(alpha, beta) = (7.368, 8.947), [cer] = 0.369541
(alpha, beta) = (7.368, 9.474), [cer] = 0.369821
(alpha, beta) = (7.368, 10.000), [cer] = 0.368981
(alpha, beta) = (7.895, 0.000), [cer] = 0.564670
(alpha, beta) = (7.895, 0.526), [cer] = 0.542833
(alpha, beta) = (7.895, 1.053), [cer] = 0.526876
(alpha, beta) = (7.895, 1.579), [cer] = 0.509239
(alpha, beta) = (7.895, 2.105), [cer] = 0.496081
(alpha, beta) = (7.895, 2.632), [cer] = 0.478723
(alpha, beta) = (7.895, 3.158), [cer] = 0.464726
(alpha, beta) = (7.895, 3.684), [cer] = 0.454647
(alpha, beta) = (7.895, 4.211), [cer] = 0.447088
(alpha, beta) = (7.895, 4.737), [cer] = 0.437850
(alpha, beta) = (7.895, 5.263), [cer] = 0.428331
(alpha, beta) = (7.895, 5.789), [cer] = 0.415174
(alpha, beta) = (7.895, 6.316), [cer] = 0.408735
(alpha, beta) = (7.895, 6.842), [cer] = 0.401736
(alpha, beta) = (7.895, 7.368), [cer] = 0.395297
(alpha, beta) = (7.895, 7.895), [cer] = 0.390258
(alpha, beta) = (7.895, 8.421), [cer] = 0.387178
(alpha, beta) = (7.895, 8.947), [cer] = 0.383539
(alpha, beta) = (7.895, 9.474), [cer] = 0.377940
(alpha, beta) = (7.895, 10.000), [cer] = 0.376540
(alpha, beta) = (8.421, 0.000), [cer] = 0.597704
(alpha, beta) = (8.421, 0.526), [cer] = 0.573908
(alpha, beta) = (8.421, 1.053), [cer] = 0.554591
(alpha, beta) = (8.421, 1.579), [cer] = 0.534155
(alpha, beta) = (8.421, 2.105), [cer] = 0.520157
(alpha, beta) = (8.421, 2.632), [cer] = 0.503639
(alpha, beta) = (8.421, 3.158), [cer] = 0.494121
(alpha, beta) = (8.421, 3.684), [cer] = 0.477044
(alpha, beta) = (8.421, 4.211), [cer] = 0.464446
(alpha, beta) = (8.421, 4.737), [cer] = 0.455767
(alpha, beta) = (8.421, 5.263), [cer] = 0.452408
(alpha, beta) = (8.421, 5.789), [cer] = 0.437290
(alpha, beta) = (8.421, 6.316), [cer] = 0.429731
(alpha, beta) = (8.421, 6.842), [cer] = 0.419933
(alpha, beta) = (8.421, 7.368), [cer] = 0.413774
(alpha, beta) = (8.421, 7.895), [cer] = 0.401456
(alpha, beta) = (8.421, 8.421), [cer] = 0.399216
(alpha, beta) = (8.421, 8.947), [cer] = 0.395297
(alpha, beta) = (8.421, 9.474), [cer] = 0.393897
(alpha, beta) = (8.421, 10.000), [cer] = 0.392217
(alpha, beta) = (8.947, 0.000), [cer] = 0.625140
(alpha, beta) = (8.947, 0.526), [cer] = 0.607503
(alpha, beta) = (8.947, 1.053), [cer] = 0.588746
(alpha, beta) = (8.947, 1.579), [cer] = 0.566069
(alpha, beta) = (8.947, 2.105), [cer] = 0.547312
(alpha, beta) = (8.947, 2.632), [cer] = 0.527156
(alpha, beta) = (8.947, 3.158), [cer] = 0.516237
(alpha, beta) = (8.947, 3.684), [cer] = 0.502800
(alpha, beta) = (8.947, 4.211), [cer] = 0.491321
(alpha, beta) = (8.947, 4.737), [cer] = 0.477884
(alpha, beta) = (8.947, 5.263), [cer] = 0.465845
(alpha, beta) = (8.947, 5.789), [cer] = 0.454087
(alpha, beta) = (8.947, 6.316), [cer] = 0.447368
(alpha, beta) = (8.947, 6.842), [cer] = 0.437570
(alpha, beta) = (8.947, 7.368), [cer] = 0.431411
(alpha, beta) = (8.947, 7.895), [cer] = 0.419653
(alpha, beta) = (8.947, 8.421), [cer] = 0.415174
(alpha, beta) = (8.947, 8.947), [cer] = 0.411254
(alpha, beta) = (8.947, 9.474), [cer] = 0.409854
(alpha, beta) = (8.947, 10.000), [cer] = 0.404815
(alpha, beta) = (9.474, 0.000), [cer] = 0.660694
(alpha, beta) = (9.474, 0.526), [cer] = 0.635218
(alpha, beta) = (9.474, 1.053), [cer] = 0.617301
(alpha, beta) = (9.474, 1.579), [cer] = 0.599384
(alpha, beta) = (9.474, 2.105), [cer] = 0.581187
(alpha, beta) = (9.474, 2.632), [cer] = 0.557671
(alpha, beta) = (9.474, 3.158), [cer] = 0.537234
(alpha, beta) = (9.474, 3.684), [cer] = 0.525476
(alpha, beta) = (9.474, 4.211), [cer] = 0.513718
(alpha, beta) = (9.474, 4.737), [cer] = 0.504479
(alpha, beta) = (9.474, 5.263), [cer] = 0.491041
(alpha, beta) = (9.474, 5.789), [cer] = 0.478163
(alpha, beta) = (9.474, 6.316), [cer] = 0.461926
(alpha, beta) = (9.474, 6.842), [cer] = 0.454367
(alpha, beta) = (9.474, 7.368), [cer] = 0.444009
(alpha, beta) = (9.474, 7.895), [cer] = 0.439810
(alpha, beta) = (9.474, 8.421), [cer] = 0.435890
(alpha, beta) = (9.474, 8.947), [cer] = 0.430571
(alpha, beta) = (9.474, 9.474), [cer] = 0.421892
(alpha, beta) = (9.474, 10.000), [cer] = 0.421613
(alpha, beta) = (10.000, 0.000), [cer] = 0.687570
(alpha, beta) = (10.000, 0.526), [cer] = 0.670213
(alpha, beta) = (10.000, 1.053), [cer] = 0.648096
(alpha, beta) = (10.000, 1.579), [cer] = 0.623740
(alpha, beta) = (10.000, 2.105), [cer] = 0.607223
(alpha, beta) = (10.000, 2.632), [cer] = 0.591265
(alpha, beta) = (10.000, 3.158), [cer] = 0.568309
(alpha, beta) = (10.000, 3.684), [cer] = 0.547032
(alpha, beta) = (10.000, 4.211), [cer] = 0.531915
(alpha, beta) = (10.000, 4.737), [cer] = 0.524356
(alpha, beta) = (10.000, 5.263), [cer] = 0.515398
(alpha, beta) = (10.000, 5.789), [cer] = 0.498320
(alpha, beta) = (10.000, 6.316), [cer] = 0.487962
(alpha, beta) = (10.000, 6.842), [cer] = 0.472004
(alpha, beta) = (10.000, 7.368), [cer] = 0.465845
(alpha, beta) = (10.000, 7.895), [cer] = 0.453807
(alpha, beta) = (10.000, 8.421), [cer] = 0.447648
(alpha, beta) = (10.000, 8.947), [cer] = 0.442049
(alpha, beta) = (10.000, 9.474), [cer] = 0.441209
(alpha, beta) = (10.000, 10.000), [cer] = 0.434490

Finish tuning on 1 batches, final opt (alpha, beta) = (2.632, 5.263)
