-----------  Configuration Arguments -----------
alpha_from: 0.0
alpha_to: 10.0
batch_size: 256
beam_size: 500
beta_from: 0.0
beta_to: 10.0
cutoff_prob: 1.0
cutoff_top_n: 40
error_rate_type: cer
lang_model_path: models/lm/zhidao_giga.klm
mean_std_path: data/aishell2/mean_std.npz
model_path: checkpoints/aishell2-C2R31024/step_final
num_alphas: 20
num_batches: -1
num_betas: 20
num_conv_layers: 2
num_proc_bsearch: 12
num_rnn_layers: 3
rnn_layer_size: 1024
share_rnn_weights: 0
specgram_type: linear
trainer_count: 8
tune_manifest: data/Wang/16k/manifest.dev
use_gpu: 1
use_gru: 1
vocab_path: data/aishell2/vocab.txt
------------------------------------------------
finish initing model from pretrained params from checkpoints/aishell2-C2R31024/step_final
........................................................................................................................................................................................................
Batch 0 [225/?], current opt (alpha, beta) = (2.632, 4.737),  min [cer] = 0.257279

Final cer:

(alpha, beta) = (0.000, 0.000), [cer] = 0.339866
(alpha, beta) = (0.000, 0.526), [cer] = 0.339866
(alpha, beta) = (0.000, 1.053), [cer] = 0.342105
(alpha, beta) = (0.000, 1.579), [cer] = 0.343225
(alpha, beta) = (0.000, 2.105), [cer] = 0.347704
(alpha, beta) = (0.000, 2.632), [cer] = 0.351904
(alpha, beta) = (0.000, 3.158), [cer] = 0.355263
(alpha, beta) = (0.000, 3.684), [cer] = 0.358343
(alpha, beta) = (0.000, 4.211), [cer] = 0.363382
(alpha, beta) = (0.000, 4.737), [cer] = 0.373180
(alpha, beta) = (0.000, 5.263), [cer] = 0.384099
(alpha, beta) = (0.000, 5.789), [cer] = 0.397256
(alpha, beta) = (0.000, 6.316), [cer] = 0.414054
(alpha, beta) = (0.000, 6.842), [cer] = 0.437290
(alpha, beta) = (0.000, 7.368), [cer] = 0.459686
(alpha, beta) = (0.000, 7.895), [cer] = 0.484602
(alpha, beta) = (0.000, 8.421), [cer] = 0.525756
(alpha, beta) = (0.000, 8.947), [cer] = 0.563270
(alpha, beta) = (0.000, 9.474), [cer] = 0.617581
(alpha, beta) = (0.000, 10.000), [cer] = 0.682811
(alpha, beta) = (0.526, 0.000), [cer] = 0.308511
(alpha, beta) = (0.526, 0.526), [cer] = 0.309071
(alpha, beta) = (0.526, 1.053), [cer] = 0.310470
(alpha, beta) = (0.526, 1.579), [cer] = 0.312710
(alpha, beta) = (0.526, 2.105), [cer] = 0.313830
(alpha, beta) = (0.526, 2.632), [cer] = 0.314110
(alpha, beta) = (0.526, 3.158), [cer] = 0.316909
(alpha, beta) = (0.526, 3.684), [cer] = 0.321948
(alpha, beta) = (0.526, 4.211), [cer] = 0.324468
(alpha, beta) = (0.526, 4.737), [cer] = 0.327828
(alpha, beta) = (0.526, 5.263), [cer] = 0.333707
(alpha, beta) = (0.526, 5.789), [cer] = 0.340146
(alpha, beta) = (0.526, 6.316), [cer] = 0.348264
(alpha, beta) = (0.526, 6.842), [cer] = 0.361422
(alpha, beta) = (0.526, 7.368), [cer] = 0.370101
(alpha, beta) = (0.526, 7.895), [cer] = 0.387458
(alpha, beta) = (0.526, 8.421), [cer] = 0.410414
(alpha, beta) = (0.526, 8.947), [cer] = 0.430851
(alpha, beta) = (0.526, 9.474), [cer] = 0.458287
(alpha, beta) = (0.526, 10.000), [cer] = 0.500000
(alpha, beta) = (1.053, 0.000), [cer] = 0.286674
(alpha, beta) = (1.053, 0.526), [cer] = 0.286394
(alpha, beta) = (1.053, 1.053), [cer] = 0.285554
(alpha, beta) = (1.053, 1.579), [cer] = 0.286674
(alpha, beta) = (1.053, 2.105), [cer] = 0.288634
(alpha, beta) = (1.053, 2.632), [cer] = 0.288914
(alpha, beta) = (1.053, 3.158), [cer] = 0.290594
(alpha, beta) = (1.053, 3.684), [cer] = 0.290034
(alpha, beta) = (1.053, 4.211), [cer] = 0.292833
(alpha, beta) = (1.053, 4.737), [cer] = 0.297312
(alpha, beta) = (1.053, 5.263), [cer] = 0.301792
(alpha, beta) = (1.053, 5.789), [cer] = 0.308511
(alpha, beta) = (1.053, 6.316), [cer] = 0.310750
(alpha, beta) = (1.053, 6.842), [cer] = 0.316909
(alpha, beta) = (1.053, 7.368), [cer] = 0.323628
(alpha, beta) = (1.053, 7.895), [cer] = 0.332867
(alpha, beta) = (1.053, 8.421), [cer] = 0.342665
(alpha, beta) = (1.053, 8.947), [cer] = 0.355263
(alpha, beta) = (1.053, 9.474), [cer] = 0.373740
(alpha, beta) = (1.053, 10.000), [cer] = 0.396417
(alpha, beta) = (1.579, 0.000), [cer] = 0.280515
(alpha, beta) = (1.579, 0.526), [cer] = 0.279115
(alpha, beta) = (1.579, 1.053), [cer] = 0.277156
(alpha, beta) = (1.579, 1.579), [cer] = 0.277716
(alpha, beta) = (1.579, 2.105), [cer] = 0.276876
(alpha, beta) = (1.579, 2.632), [cer] = 0.277996
(alpha, beta) = (1.579, 3.158), [cer] = 0.277716
(alpha, beta) = (1.579, 3.684), [cer] = 0.279115
(alpha, beta) = (1.579, 4.211), [cer] = 0.281915
(alpha, beta) = (1.579, 4.737), [cer] = 0.283035
(alpha, beta) = (1.579, 5.263), [cer] = 0.286114
(alpha, beta) = (1.579, 5.789), [cer] = 0.289474
(alpha, beta) = (1.579, 6.316), [cer] = 0.293953
(alpha, beta) = (1.579, 6.842), [cer] = 0.299272
(alpha, beta) = (1.579, 7.368), [cer] = 0.303471
(alpha, beta) = (1.579, 7.895), [cer] = 0.312990
(alpha, beta) = (1.579, 8.421), [cer] = 0.320269
(alpha, beta) = (1.579, 8.947), [cer] = 0.328108
(alpha, beta) = (1.579, 9.474), [cer] = 0.335666
(alpha, beta) = (1.579, 10.000), [cer] = 0.353863
(alpha, beta) = (2.105, 0.000), [cer] = 0.277156
(alpha, beta) = (2.105, 0.526), [cer] = 0.274356
(alpha, beta) = (2.105, 1.053), [cer] = 0.272956
(alpha, beta) = (2.105, 1.579), [cer] = 0.271277
(alpha, beta) = (2.105, 2.105), [cer] = 0.268477
(alpha, beta) = (2.105, 2.632), [cer] = 0.267637
(alpha, beta) = (2.105, 3.158), [cer] = 0.265677
(alpha, beta) = (2.105, 3.684), [cer] = 0.264838
(alpha, beta) = (2.105, 4.211), [cer] = 0.264838
(alpha, beta) = (2.105, 4.737), [cer] = 0.265677
(alpha, beta) = (2.105, 5.263), [cer] = 0.268197
(alpha, beta) = (2.105, 5.789), [cer] = 0.272956
(alpha, beta) = (2.105, 6.316), [cer] = 0.279395
(alpha, beta) = (2.105, 6.842), [cer] = 0.282195
(alpha, beta) = (2.105, 7.368), [cer] = 0.286114
(alpha, beta) = (2.105, 7.895), [cer] = 0.290594
(alpha, beta) = (2.105, 8.421), [cer] = 0.294233
(alpha, beta) = (2.105, 8.947), [cer] = 0.300392
(alpha, beta) = (2.105, 9.474), [cer] = 0.312710
(alpha, beta) = (2.105, 10.000), [cer] = 0.324468
(alpha, beta) = (2.632, 0.000), [cer] = 0.288354
(alpha, beta) = (2.632, 0.526), [cer] = 0.280795
(alpha, beta) = (2.632, 1.053), [cer] = 0.275196
(alpha, beta) = (2.632, 1.579), [cer] = 0.270997
(alpha, beta) = (2.632, 2.105), [cer] = 0.269597
(alpha, beta) = (2.632, 2.632), [cer] = 0.267917
(alpha, beta) = (2.632, 3.158), [cer] = 0.265118
(alpha, beta) = (2.632, 3.684), [cer] = 0.261478
(alpha, beta) = (2.632, 4.211), [cer] = 0.258119
(alpha, beta) = (2.632, 4.737), [cer] = 0.257279
(alpha, beta) = (2.632, 5.263), [cer] = 0.261198
(alpha, beta) = (2.632, 5.789), [cer] = 0.264838
(alpha, beta) = (2.632, 6.316), [cer] = 0.264838
(alpha, beta) = (2.632, 6.842), [cer] = 0.269877
(alpha, beta) = (2.632, 7.368), [cer] = 0.274076
(alpha, beta) = (2.632, 7.895), [cer] = 0.281075
(alpha, beta) = (2.632, 8.421), [cer] = 0.287514
(alpha, beta) = (2.632, 8.947), [cer] = 0.292273
(alpha, beta) = (2.632, 9.474), [cer] = 0.301792
(alpha, beta) = (2.632, 10.000), [cer] = 0.311030
(alpha, beta) = (3.158, 0.000), [cer] = 0.307951
(alpha, beta) = (3.158, 0.526), [cer] = 0.300112
(alpha, beta) = (3.158, 1.053), [cer] = 0.288354
(alpha, beta) = (3.158, 1.579), [cer] = 0.282475
(alpha, beta) = (3.158, 2.105), [cer] = 0.274076
(alpha, beta) = (3.158, 2.632), [cer] = 0.267917
(alpha, beta) = (3.158, 3.158), [cer] = 0.264838
(alpha, beta) = (3.158, 3.684), [cer] = 0.261198
(alpha, beta) = (3.158, 4.211), [cer] = 0.259798
(alpha, beta) = (3.158, 4.737), [cer] = 0.261198
(alpha, beta) = (3.158, 5.263), [cer] = 0.259798
(alpha, beta) = (3.158, 5.789), [cer] = 0.259239
(alpha, beta) = (3.158, 6.316), [cer] = 0.261758
(alpha, beta) = (3.158, 6.842), [cer] = 0.264278
(alpha, beta) = (3.158, 7.368), [cer] = 0.265677
(alpha, beta) = (3.158, 7.895), [cer] = 0.274916
(alpha, beta) = (3.158, 8.421), [cer] = 0.277156
(alpha, beta) = (3.158, 8.947), [cer] = 0.286954
(alpha, beta) = (3.158, 9.474), [cer] = 0.295353
(alpha, beta) = (3.158, 10.000), [cer] = 0.300952
(alpha, beta) = (3.684, 0.000), [cer] = 0.323908
(alpha, beta) = (3.684, 0.526), [cer] = 0.314950
(alpha, beta) = (3.684, 1.053), [cer] = 0.307111
(alpha, beta) = (3.684, 1.579), [cer] = 0.298992
(alpha, beta) = (3.684, 2.105), [cer] = 0.290034
(alpha, beta) = (3.684, 2.632), [cer] = 0.281075
(alpha, beta) = (3.684, 3.158), [cer] = 0.273516
(alpha, beta) = (3.684, 3.684), [cer] = 0.269317
(alpha, beta) = (3.684, 4.211), [cer] = 0.265118
(alpha, beta) = (3.684, 4.737), [cer] = 0.261198
(alpha, beta) = (3.684, 5.263), [cer] = 0.261758
(alpha, beta) = (3.684, 5.789), [cer] = 0.261478
(alpha, beta) = (3.684, 6.316), [cer] = 0.263998
(alpha, beta) = (3.684, 6.842), [cer] = 0.264838
(alpha, beta) = (3.684, 7.368), [cer] = 0.266237
(alpha, beta) = (3.684, 7.895), [cer] = 0.268197
(alpha, beta) = (3.684, 8.421), [cer] = 0.270437
(alpha, beta) = (3.684, 8.947), [cer] = 0.276036
(alpha, beta) = (3.684, 9.474), [cer] = 0.283035
(alpha, beta) = (3.684, 10.000), [cer] = 0.291993
(alpha, beta) = (4.211, 0.000), [cer] = 0.351064
(alpha, beta) = (4.211, 0.526), [cer] = 0.339026
(alpha, beta) = (4.211, 1.053), [cer] = 0.328387
(alpha, beta) = (4.211, 1.579), [cer] = 0.314950
(alpha, beta) = (4.211, 2.105), [cer] = 0.308511
(alpha, beta) = (4.211, 2.632), [cer] = 0.302912
(alpha, beta) = (4.211, 3.158), [cer] = 0.293113
(alpha, beta) = (4.211, 3.684), [cer] = 0.288354
(alpha, beta) = (4.211, 4.211), [cer] = 0.283595
(alpha, beta) = (4.211, 4.737), [cer] = 0.279955
(alpha, beta) = (4.211, 5.263), [cer] = 0.275476
(alpha, beta) = (4.211, 5.789), [cer] = 0.272396
(alpha, beta) = (4.211, 6.316), [cer] = 0.271837
(alpha, beta) = (4.211, 6.842), [cer] = 0.269877
(alpha, beta) = (4.211, 7.368), [cer] = 0.271837
(alpha, beta) = (4.211, 7.895), [cer] = 0.272676
(alpha, beta) = (4.211, 8.421), [cer] = 0.272956
(alpha, beta) = (4.211, 8.947), [cer] = 0.276316
(alpha, beta) = (4.211, 9.474), [cer] = 0.283875
(alpha, beta) = (4.211, 10.000), [cer] = 0.291153
(alpha, beta) = (4.737, 0.000), [cer] = 0.380459
(alpha, beta) = (4.737, 0.526), [cer] = 0.362822
(alpha, beta) = (4.737, 1.053), [cer] = 0.351064
(alpha, beta) = (4.737, 1.579), [cer] = 0.341265
(alpha, beta) = (4.737, 2.105), [cer] = 0.332867
(alpha, beta) = (4.737, 2.632), [cer] = 0.320269
(alpha, beta) = (4.737, 3.158), [cer] = 0.313270
(alpha, beta) = (4.737, 3.684), [cer] = 0.307111
(alpha, beta) = (4.737, 4.211), [cer] = 0.297872
(alpha, beta) = (4.737, 4.737), [cer] = 0.295073
(alpha, beta) = (4.737, 5.263), [cer] = 0.289754
(alpha, beta) = (4.737, 5.789), [cer] = 0.281355
(alpha, beta) = (4.737, 6.316), [cer] = 0.277716
(alpha, beta) = (4.737, 6.842), [cer] = 0.278275
(alpha, beta) = (4.737, 7.368), [cer] = 0.274916
(alpha, beta) = (4.737, 7.895), [cer] = 0.278275
(alpha, beta) = (4.737, 8.421), [cer] = 0.278835
(alpha, beta) = (4.737, 8.947), [cer] = 0.281915
(alpha, beta) = (4.737, 9.474), [cer] = 0.286954
(alpha, beta) = (4.737, 10.000), [cer] = 0.288634
(alpha, beta) = (5.263, 0.000), [cer] = 0.407055
(alpha, beta) = (5.263, 0.526), [cer] = 0.391657
(alpha, beta) = (5.263, 1.053), [cer] = 0.381019
(alpha, beta) = (5.263, 1.579), [cer] = 0.365342
(alpha, beta) = (5.263, 2.105), [cer] = 0.358063
(alpha, beta) = (5.263, 2.632), [cer] = 0.342105
(alpha, beta) = (5.263, 3.158), [cer] = 0.333427
(alpha, beta) = (5.263, 3.684), [cer] = 0.322788
(alpha, beta) = (5.263, 4.211), [cer] = 0.311870
(alpha, beta) = (5.263, 4.737), [cer] = 0.306271
(alpha, beta) = (5.263, 5.263), [cer] = 0.303191
(alpha, beta) = (5.263, 5.789), [cer] = 0.297592
(alpha, beta) = (5.263, 6.316), [cer] = 0.296473
(alpha, beta) = (5.263, 6.842), [cer] = 0.288354
(alpha, beta) = (5.263, 7.368), [cer] = 0.290873
(alpha, beta) = (5.263, 7.895), [cer] = 0.288914
(alpha, beta) = (5.263, 8.421), [cer] = 0.287514
(alpha, beta) = (5.263, 8.947), [cer] = 0.290314
(alpha, beta) = (5.263, 9.474), [cer] = 0.293673
(alpha, beta) = (5.263, 10.000), [cer] = 0.296753
(alpha, beta) = (5.789, 0.000), [cer] = 0.438970
(alpha, beta) = (5.789, 0.526), [cer] = 0.425532
(alpha, beta) = (5.789, 1.053), [cer] = 0.405095
(alpha, beta) = (5.789, 1.579), [cer] = 0.393617
(alpha, beta) = (5.789, 2.105), [cer] = 0.380459
(alpha, beta) = (5.789, 2.632), [cer] = 0.366461
(alpha, beta) = (5.789, 3.158), [cer] = 0.358623
(alpha, beta) = (5.789, 3.684), [cer] = 0.346865
(alpha, beta) = (5.789, 4.211), [cer] = 0.335666
(alpha, beta) = (5.789, 4.737), [cer] = 0.327268
(alpha, beta) = (5.789, 5.263), [cer] = 0.319429
(alpha, beta) = (5.789, 5.789), [cer] = 0.308231
(alpha, beta) = (5.789, 6.316), [cer] = 0.306551
(alpha, beta) = (5.789, 6.842), [cer] = 0.303751
(alpha, beta) = (5.789, 7.368), [cer] = 0.299552
(alpha, beta) = (5.789, 7.895), [cer] = 0.300672
(alpha, beta) = (5.789, 8.421), [cer] = 0.299272
(alpha, beta) = (5.789, 8.947), [cer] = 0.299832
(alpha, beta) = (5.789, 9.474), [cer] = 0.300952
(alpha, beta) = (5.789, 10.000), [cer] = 0.303471
(alpha, beta) = (6.316, 0.000), [cer] = 0.471165
(alpha, beta) = (6.316, 0.526), [cer] = 0.456607
(alpha, beta) = (6.316, 1.053), [cer] = 0.440649
(alpha, beta) = (6.316, 1.579), [cer] = 0.426932
(alpha, beta) = (6.316, 2.105), [cer] = 0.408735
(alpha, beta) = (6.316, 2.632), [cer] = 0.395297
(alpha, beta) = (6.316, 3.158), [cer] = 0.381859
(alpha, beta) = (6.316, 3.684), [cer] = 0.372900
(alpha, beta) = (6.316, 4.211), [cer] = 0.359462
(alpha, beta) = (6.316, 4.737), [cer] = 0.349664
(alpha, beta) = (6.316, 5.263), [cer] = 0.344905
(alpha, beta) = (6.316, 5.789), [cer] = 0.330627
(alpha, beta) = (6.316, 6.316), [cer] = 0.322228
(alpha, beta) = (6.316, 6.842), [cer] = 0.318309
(alpha, beta) = (6.316, 7.368), [cer] = 0.315510
(alpha, beta) = (6.316, 7.895), [cer] = 0.311590
(alpha, beta) = (6.316, 8.421), [cer] = 0.310470
(alpha, beta) = (6.316, 8.947), [cer] = 0.310190
(alpha, beta) = (6.316, 9.474), [cer] = 0.311030
(alpha, beta) = (6.316, 10.000), [cer] = 0.308791
(alpha, beta) = (6.842, 0.000), [cer] = 0.499440
(alpha, beta) = (6.842, 0.526), [cer] = 0.481803
(alpha, beta) = (6.842, 1.053), [cer] = 0.466685
(alpha, beta) = (6.842, 1.579), [cer] = 0.454367
(alpha, beta) = (6.842, 2.105), [cer] = 0.439810
(alpha, beta) = (6.842, 2.632), [cer] = 0.430851
(alpha, beta) = (6.842, 3.158), [cer] = 0.412654
(alpha, beta) = (6.842, 3.684), [cer] = 0.395017
(alpha, beta) = (6.842, 4.211), [cer] = 0.378779
(alpha, beta) = (6.842, 4.737), [cer] = 0.369261
(alpha, beta) = (6.842, 5.263), [cer] = 0.362542
(alpha, beta) = (6.842, 5.789), [cer] = 0.356103
(alpha, beta) = (6.842, 6.316), [cer] = 0.347704
(alpha, beta) = (6.842, 6.842), [cer] = 0.342385
(alpha, beta) = (6.842, 7.368), [cer] = 0.329507
(alpha, beta) = (6.842, 7.895), [cer] = 0.325308
(alpha, beta) = (6.842, 8.421), [cer] = 0.325028
(alpha, beta) = (6.842, 8.947), [cer] = 0.317469
(alpha, beta) = (6.842, 9.474), [cer] = 0.312430
(alpha, beta) = (6.842, 10.000), [cer] = 0.315510
(alpha, beta) = (7.368, 0.000), [cer] = 0.528555
(alpha, beta) = (7.368, 0.526), [cer] = 0.509798
(alpha, beta) = (7.368, 1.053), [cer] = 0.497200
(alpha, beta) = (7.368, 1.579), [cer] = 0.480963
(alpha, beta) = (7.368, 2.105), [cer] = 0.467805
(alpha, beta) = (7.368, 2.632), [cer] = 0.450728
(alpha, beta) = (7.368, 3.158), [cer] = 0.438690
(alpha, beta) = (7.368, 3.684), [cer] = 0.426652
(alpha, beta) = (7.368, 4.211), [cer] = 0.407615
(alpha, beta) = (7.368, 4.737), [cer] = 0.392497
(alpha, beta) = (7.368, 5.263), [cer] = 0.377100
(alpha, beta) = (7.368, 5.789), [cer] = 0.375140
(alpha, beta) = (7.368, 6.316), [cer] = 0.369261
(alpha, beta) = (7.368, 6.842), [cer] = 0.356663
(alpha, beta) = (7.368, 7.368), [cer] = 0.353303
(alpha, beta) = (7.368, 7.895), [cer] = 0.351624
(alpha, beta) = (7.368, 8.421), [cer] = 0.342385
(alpha, beta) = (7.368, 8.947), [cer] = 0.338186
(alpha, beta) = (7.368, 9.474), [cer] = 0.332587
(alpha, beta) = (7.368, 10.000), [cer] = 0.330907
(alpha, beta) = (7.895, 0.000), [cer] = 0.555151
(alpha, beta) = (7.895, 0.526), [cer] = 0.535834
(alpha, beta) = (7.895, 1.053), [cer] = 0.522956
(alpha, beta) = (7.895, 1.579), [cer] = 0.505039
(alpha, beta) = (7.895, 2.105), [cer] = 0.489642
(alpha, beta) = (7.895, 2.632), [cer] = 0.480683
(alpha, beta) = (7.895, 3.158), [cer] = 0.465006
(alpha, beta) = (7.895, 3.684), [cer] = 0.448768
(alpha, beta) = (7.895, 4.211), [cer] = 0.431411
(alpha, beta) = (7.895, 4.737), [cer] = 0.421892
(alpha, beta) = (7.895, 5.263), [cer] = 0.410414
(alpha, beta) = (7.895, 5.789), [cer] = 0.391937
(alpha, beta) = (7.895, 6.316), [cer] = 0.384099
(alpha, beta) = (7.895, 6.842), [cer] = 0.380459
(alpha, beta) = (7.895, 7.368), [cer] = 0.371501
(alpha, beta) = (7.895, 7.895), [cer] = 0.364502
(alpha, beta) = (7.895, 8.421), [cer] = 0.360862
(alpha, beta) = (7.895, 8.947), [cer] = 0.359462
(alpha, beta) = (7.895, 9.474), [cer] = 0.351904
(alpha, beta) = (7.895, 10.000), [cer] = 0.347984
(alpha, beta) = (8.421, 0.000), [cer] = 0.590426
(alpha, beta) = (8.421, 0.526), [cer] = 0.566069
(alpha, beta) = (8.421, 1.053), [cer] = 0.543673
(alpha, beta) = (8.421, 1.579), [cer] = 0.529955
(alpha, beta) = (8.421, 2.105), [cer] = 0.515398
(alpha, beta) = (8.421, 2.632), [cer] = 0.500840
(alpha, beta) = (8.421, 3.158), [cer] = 0.489642
(alpha, beta) = (8.421, 3.684), [cer] = 0.478443
(alpha, beta) = (8.421, 4.211), [cer] = 0.462486
(alpha, beta) = (8.421, 4.737), [cer] = 0.448208
(alpha, beta) = (8.421, 5.263), [cer] = 0.431971
(alpha, beta) = (8.421, 5.789), [cer] = 0.421892
(alpha, beta) = (8.421, 6.316), [cer] = 0.411254
(alpha, beta) = (8.421, 6.842), [cer] = 0.395857
(alpha, beta) = (8.421, 7.368), [cer] = 0.387458
(alpha, beta) = (8.421, 7.895), [cer] = 0.380179
(alpha, beta) = (8.421, 8.421), [cer] = 0.372900
(alpha, beta) = (8.421, 8.947), [cer] = 0.371221
(alpha, beta) = (8.421, 9.474), [cer] = 0.368701
(alpha, beta) = (8.421, 10.000), [cer] = 0.364222
(alpha, beta) = (8.947, 0.000), [cer] = 0.633539
(alpha, beta) = (8.947, 0.526), [cer] = 0.605823
(alpha, beta) = (8.947, 1.053), [cer] = 0.574748
(alpha, beta) = (8.947, 1.579), [cer] = 0.557111
(alpha, beta) = (8.947, 2.105), [cer] = 0.539754
(alpha, beta) = (8.947, 2.632), [cer] = 0.526036
(alpha, beta) = (8.947, 3.158), [cer] = 0.507279
(alpha, beta) = (8.947, 3.684), [cer] = 0.495241
(alpha, beta) = (8.947, 4.211), [cer] = 0.485442
(alpha, beta) = (8.947, 4.737), [cer] = 0.473964
(alpha, beta) = (8.947, 5.263), [cer] = 0.458847
(alpha, beta) = (8.947, 5.789), [cer] = 0.447928
(alpha, beta) = (8.947, 6.316), [cer] = 0.428891
(alpha, beta) = (8.947, 6.842), [cer] = 0.421053
(alpha, beta) = (8.947, 7.368), [cer] = 0.407615
(alpha, beta) = (8.947, 7.895), [cer] = 0.396697
(alpha, beta) = (8.947, 8.421), [cer] = 0.389978
(alpha, beta) = (8.947, 8.947), [cer] = 0.381859
(alpha, beta) = (8.947, 9.474), [cer] = 0.375980
(alpha, beta) = (8.947, 10.000), [cer] = 0.377100
(alpha, beta) = (9.474, 0.000), [cer] = 0.669373
(alpha, beta) = (9.474, 0.526), [cer] = 0.643057
(alpha, beta) = (9.474, 1.053), [cer] = 0.619541
(alpha, beta) = (9.474, 1.579), [cer] = 0.592945
(alpha, beta) = (9.474, 2.105), [cer] = 0.564950
(alpha, beta) = (9.474, 2.632), [cer] = 0.548992
(alpha, beta) = (9.474, 3.158), [cer] = 0.533035
(alpha, beta) = (9.474, 3.684), [cer] = 0.519877
(alpha, beta) = (9.474, 4.211), [cer] = 0.501400
(alpha, beta) = (9.474, 4.737), [cer] = 0.491041
(alpha, beta) = (9.474, 5.263), [cer] = 0.484882
(alpha, beta) = (9.474, 5.789), [cer] = 0.471165
(alpha, beta) = (9.474, 6.316), [cer] = 0.458287
(alpha, beta) = (9.474, 6.842), [cer] = 0.442889
(alpha, beta) = (9.474, 7.368), [cer] = 0.433931
(alpha, beta) = (9.474, 7.895), [cer] = 0.422172
(alpha, beta) = (9.474, 8.421), [cer] = 0.411814
(alpha, beta) = (9.474, 8.947), [cer] = 0.402016
(alpha, beta) = (9.474, 9.474), [cer] = 0.394457
(alpha, beta) = (9.474, 10.000), [cer] = 0.390817
(alpha, beta) = (10.000, 0.000), [cer] = 0.701848
(alpha, beta) = (10.000, 0.526), [cer] = 0.678891
(alpha, beta) = (10.000, 1.053), [cer] = 0.651736
(alpha, beta) = (10.000, 1.579), [cer] = 0.631579
(alpha, beta) = (10.000, 2.105), [cer] = 0.610582
(alpha, beta) = (10.000, 2.632), [cer] = 0.578947
(alpha, beta) = (10.000, 3.158), [cer] = 0.554311
(alpha, beta) = (10.000, 3.684), [cer] = 0.541713
(alpha, beta) = (10.000, 4.211), [cer] = 0.532195
(alpha, beta) = (10.000, 4.737), [cer] = 0.513998
(alpha, beta) = (10.000, 5.263), [cer] = 0.501120
(alpha, beta) = (10.000, 5.789), [cer] = 0.489082
(alpha, beta) = (10.000, 6.316), [cer] = 0.482083
(alpha, beta) = (10.000, 6.842), [cer] = 0.469485
(alpha, beta) = (10.000, 7.368), [cer] = 0.456327
(alpha, beta) = (10.000, 7.895), [cer] = 0.443449
(alpha, beta) = (10.000, 8.421), [cer] = 0.433091
(alpha, beta) = (10.000, 8.947), [cer] = 0.423852
(alpha, beta) = (10.000, 9.474), [cer] = 0.416013
(alpha, beta) = (10.000, 10.000), [cer] = 0.407055

Finish tuning on 1 batches, final opt (alpha, beta) = (2.632, 4.737)
